<?xml version="1.0" encoding="UTF-8"?>
<robot generator="Robot 7.4.2 (Python 3.14.3 on win32)" generated="2026-08-27T17:29:05.203410" rpa="false" schemaversion="5">
<suite id="s1" name="Chemical Stream Iud" source="C:\tmp\wt-chemstream-backfill\workstreams\master-plan\ec-automation\tests\Configuration\Assets\Chemical_Objects\chemical_stream_iud.robot">
<kw name="Open EC Application" owner="browser" type="SETUP">
<kw name="Open EC Browser" owner="browser">
<if>
<branch type="IF" condition="${HEADLESS}">
<kw name="New Browser" owner="Browser">
<msg time="2026-08-27T17:29:05.641901" level="INFO">{"browser": "chromium", "headless": true, "chromiumSandbox": false, "devtools": false, "handleSIGHUP": true, "handleSIGINT": true, "handleSIGTERM": true, "slowMo": 0.0, "timeout": 30000.0, "tracesDir": "C:\\tmp\\wt-chemstream-backfill\\workstreams\\master-plan\\ec-automation\\Workplaces\\chemical-stream-backfill\\live_run\\browser\\traces\\temp\\61ff759c-6b3a-4df2-ad10-21cefc5e5acd"}</msg>
<msg time="2026-08-27T17:29:05.704158" level="INFO">Starting Browser process C:\Tools\Python\Python314\Lib\site-packages\Browser\wrapper\index.js using at 127.0.0.1:57197</msg>
<msg time="2026-08-27T17:29:07.255695" level="INFO">Successfully created browser with options: {"browser":"chromium","headless":true,"chromiumSandbox":false,"devtools":false,"handleSIGHUP":true,"handleSIGINT":true,"handleSIGTERM":true,"slowMo":0,"timeout":30000,"tracesDir":"C:\\tmp\\wt-chemstream-backfill\\workstreams\\master-plan\\ec-automation\\Workplaces\\chemical-stream-backfill\\live_run\\browser\\traces\\temp\\61ff759c-6b3a-4df2-ad10-21cefc5e5acd"}</msg>
<arg>chromium</arg>
<arg>headless=${TRUE}</arg>
<tag>BrowserControl</tag>
<tag>Setter</tag>
<doc>Create a new playwright Browser with specified options.</doc>
<status status="PASS" start="2026-08-27T17:29:05.641312" elapsed="1.614585"/>
</kw>
<kw name="New Context" owner="Browser">
<msg time="2026-08-27T17:29:07.261450" level="INFO">{
  "acceptDownloads": true,
  "bypassCSP": false,
  "forcedColors": "none",
  "ignoreHTTPSErrors": true,
  "javaScriptEnabled": true,
  "offline": false,
  "reducedMotion": "no-preference",
  "serviceWorkers": "allow",
  "viewport": {
    "height": 1080,
    "width": 1920
  }
}</msg>
<msg time="2026-08-27T17:29:07.271980" level="INFO">Successfully created context. </msg>
<msg time="2026-08-27T17:29:07.272076" level="INFO">{'acceptDownloads': True, 'bypassCSP': False, 'forcedColors': 'none', 'ignoreHTTPSErrors': True, 'javaScriptEnabled': True, 'offline': False, 'reducedMotion': 'no-preference', 'serviceWorkers': 'allow', 'viewport': {'height': 1080, 'width': 1920}}</msg>
<arg>ignoreHTTPSErrors=${TRUE}</arg>
<arg>viewport={'width': 1920, 'height': 1080}</arg>
<tag>BrowserControl</tag>
<tag>Setter</tag>
<doc>Create a new BrowserContext with specified options.</doc>
<status status="PASS" start="2026-08-27T17:29:07.256245" elapsed="0.015929"/>
</kw>
<status status="PASS" start="2026-08-27T17:29:05.640869" elapsed="1.631425"/>
</branch>
<branch type="ELSE">
<variable name="@{args}">
<var>--start-maximized</var>
<status status="NOT RUN" start="2026-08-27T17:29:07.272528" elapsed="0.000079"/>
</variable>
<kw name="New Browser" owner="Browser">
<arg>chromium</arg>
<arg>headless=${FALSE}</arg>
<arg>args=${args}</arg>
<arg>slowMo=${SLOWMO}</arg>
<tag>BrowserControl</tag>
<tag>Setter</tag>
<doc>Create a new playwright Browser with specified options.</doc>
<status status="NOT RUN" start="2026-08-27T17:29:07.272797" elapsed="0.000063"/>
</kw>
<kw name="New Context" owner="Browser">
<arg>ignoreHTTPSErrors=${TRUE}</arg>
<arg>viewport=${None}</arg>
<tag>BrowserControl</tag>
<tag>Setter</tag>
<doc>Create a new BrowserContext with specified options.</doc>
<status status="NOT RUN" start="2026-08-27T17:29:07.272982" elapsed="0.000055"/>
</kw>
<status status="NOT RUN" start="2026-08-27T17:29:07.272368" elapsed="0.000708"/>
</branch>
<status status="PASS" start="2026-08-27T17:29:05.640847" elapsed="1.632262"/>
</if>
<kw name="Set Browser Timeout" owner="Browser">
<arg>30s</arg>
<tag>Config</tag>
<tag>Setter</tag>
<doc>Sets the timeout used by most input and getter keywords.</doc>
<status status="PASS" start="2026-08-27T17:29:07.273199" elapsed="0.002861"/>
</kw>
<kw name="Set Strict Mode" owner="Browser">
<arg>False</arg>
<tag>BrowserControl</tag>
<tag>Setter</tag>
<doc>Controls library strict mode.</doc>
<status status="PASS" start="2026-08-27T17:29:07.276278" elapsed="0.000529"/>
</kw>
<doc>Launch Chromium + context (headless from environment).
Headed: OS-maximised window (--start-maximized, no fixed viewport) so the
page fills the screen. Headless: 1920x1080 virtual viewport as before.</doc>
<status status="PASS" start="2026-08-27T17:29:05.640693" elapsed="1.636202"/>
</kw>
<kw name="New Page" owner="Browser">
<msg time="2026-08-27T17:29:09.557662" level="INFO">Successfully initialized new page object and opened url: https://ap-f0a7g341jn6d.corp.quorumsoftware.com:8443/</msg>
<arg>${EC_URL}</arg>
<tag>BrowserControl</tag>
<tag>Setter</tag>
<doc>Open a new Page.</doc>
<status status="PASS" start="2026-08-27T17:29:07.277007" elapsed="2.280877"/>
</kw>
<doc>Launch the browser and load the EC login page - no credentials entered yet.
Pure one-time environment setup (Suite Setup), NOT a business action. Each test case
then does its own Login To EC Application (screen-specific, see that screen's T3 page
resource) / Logout From EC Application cycle on this one already-open browser.</doc>
<status status="PASS" start="2026-08-27T17:29:05.640309" elapsed="3.917703"/>
</kw>
<test id="s1-t1" name="TC01 Verify Clean State" line="40">
<kw name="Login To EC Application" owner="chemical_stream_page">
<kw name="Login To EC Screen" owner="common">
<kw name="Fill EC Login Form" owner="browser">
<kw name="Fill Text" owner="Browser">
<msg time="2026-08-27T17:29:09.572592" level="INFO">Fills the text 'sysadmin' in the given field.</msg>
<arg>css=[id="username"]</arg>
<arg>${user}</arg>
<tag>PageContent</tag>
<tag>Setter</tag>
<doc>Clears and fills the given ``txt`` into the text field found by ``selector``.</doc>
<status status="PASS" start="2026-08-27T17:29:09.572104" elapsed="0.025827"/>
</kw>
<kw name="Fill Text" owner="Browser">
<msg time="2026-08-27T17:29:09.598865" level="INFO">Fills the text 'sysadmin' in the given field.</msg>
<arg>css=[id="password"]</arg>
<arg>${pass}</arg>
<tag>PageContent</tag>
<tag>Setter</tag>
<doc>Clears and fills the given ``txt`` into the text field found by ``selector``.</doc>
<status status="PASS" start="2026-08-27T17:29:09.598189" elapsed="0.008932"/>
</kw>
<kw name="Click" owner="Browser">
<msg time="2026-08-27T17:29:09.607829" level="INFO">Clicks the element 'css=[id="kc-login"]'.</msg>
<arg>css=[id="kc-login"]</arg>
<tag>PageContent</tag>
<tag>Setter</tag>
<doc>Simulates mouse click on the element found by ``selector``.</doc>
<status status="PASS" start="2026-08-27T17:29:09.607351" elapsed="0.107689"/>
</kw>
<kw name="Wait For Elements State" owner="Browser">
<msg time="2026-08-27T17:29:09.885978" level="INFO">Waited for Element with selector css=[id="menu:searchForm:searchTxt"] at state visible</msg>
<arg>css=[id="menu:searchForm:searchTxt"]</arg>
<arg>visible</arg>
<arg>timeout=60s</arg>
<tag>PageContent</tag>
<tag>Wait</tag>
<doc>Waits for the element found by ``selector`` to satisfy state option.</doc>
<status status="PASS" start="2026-08-27T17:29:09.715323" elapsed="0.170845"/>
</kw>
<kw name="Wait For Load State" owner="Browser">
<msg time="2026-08-27T17:29:09.887080" level="INFO">Waiting page load to state to receive networkidle in 30000.0</msg>
<msg time="2026-08-27T17:29:10.422997" level="INFO">Load state networkidle got in 30000</msg>
<arg>networkidle</arg>
<arg>timeout=30s</arg>
<tag>PageContent</tag>
<tag>Wait</tag>
<doc>Waits that the page reaches the required load state.</doc>
<status status="PASS" start="2026-08-27T17:29:09.886407" elapsed="0.536776"/>
</kw>
<arg>${user}</arg>
<arg>${pass}</arg>
<doc>The ACTUAL login mechanics (fill username, fill password, click login,
wait for the app to load) on the CURRENT page - the ONE place to update if EC's login
flow ever changes (a new SSO step, MFA, a renamed field id). Login To EC and Bank's own
Login To EC Application (bank_page.resource) both call this instead of duplicating the
steps, so a future flow change is a one-place edit (owner-requested 2026-08-18, after
Bank's wrapper was found to have copy-pasted this sequence instead of reusing it).</doc>
<status status="PASS" start="2026-08-27T17:29:09.571720" elapsed="0.851590"/>
</kw>
<kw name="Capture Step" owner="utils">
<if>
<branch type="IF" condition="${CAPTURE_SCREENSHOTS}">
<kw name="Take Screenshot" owner="Browser">
<msg time="2026-08-27T17:29:10.497825" level="INFO" html="true">&lt;/td&gt;&lt;/tr&gt;&lt;tr&gt;&lt;td colspan="3"&gt;&lt;a href="TC01%20Verify%20Clean%20State_login.png" target="_blank"&gt;&lt;img src="TC01%20Verify%20Clean%20State_login.png" width="800px"/&gt;&lt;/a&gt;</msg>
<arg>filename=${OUTPUT_DIR}/${label}</arg>
<tag>PageContent</tag>
<doc>Takes a screenshot of the current window or element and saves it to disk.</doc>
<status status="PASS" start="2026-08-27T17:29:10.424385" elapsed="0.073616"/>
</kw>
<status status="PASS" start="2026-08-27T17:29:10.424155" elapsed="0.073916"/>
</branch>
<status status="PASS" start="2026-08-27T17:29:10.424124" elapsed="0.073992"/>
</if>
<arg>${TEST NAME}_login</arg>
<doc>Take a screenshot into the output dir with a step label - unless
True (environment.py, EC_CAPTURE_SCREENSHOTS env var) is OFF, in
which case this is a no-op (owner-requested 2026-08-18, so a fast run can skip
per-step evidence capture entirely).</doc>
<status status="PASS" start="2026-08-27T17:29:10.423697" elapsed="0.074473"/>
</kw>
<arg>${CHEMICAL_STREAM_EC_USER}</arg>
<arg>${CHEMICAL_STREAM_EC_PASS}</arg>
<doc>Authenticate on the CURRENT page with ${user}/${pass}, then capture the
login evidence screenshot. Shared body for every screen's own zero-arg "Login To EC
Application" wrapper (bank_page.resource, object_list_page.resource, etc.) - each of
those only supplies its own screen-specific credential defaults and delegates the
actual mechanics here, since Bank's and Object List's wrappers were found to have
identical bodies (owner query 2026-08-21) differing only in which credential constants
were passed. Lives in common.resource (not browser.resource alone), which aggregates
utils.resource - browser.resource deliberately has no Capture Step dependency.</doc>
<status status="PASS" start="2026-08-27T17:29:09.571206" elapsed="0.927012"/>
</kw>
<doc>Authenticate as Chemical Stream's OWN credentials
(sysadmin/sysadmin from credentials.py) on the
current page - works whether this is the very first login (page freshly loaded on the
login form via the shared T1 Open EC Application) or a re-login after Logout From EC
Application (same login form, not a new page/tab).</doc>
<status status="PASS" start="2026-08-27T17:29:09.567714" elapsed="0.930549"/>
</kw>
<kw name="Open Chemical Stream Screen With Navigator Values Populated" owner="chemical_stream_page">
<kw name="Open EC Screen" owner="common">
<kw name="Navigate To Screen" owner="screen">
<kw name="Dismiss Unsaved Changes Dialog If Present" owner="screen">
<kw name="Get Element Count" owner="Browser">
<msg time="2026-08-27T17:29:10.508437" level="INFO">${present} = 0</msg>
<var>${present}</var>
<arg>css=[id="confirmationForm:confirmation_modal"]:visible</arg>
<tag>Assertion</tag>
<tag>Getter</tag>
<tag>PageContent</tag>
<doc>Returns the count of elements found with ``selector``.</doc>
<status status="PASS" start="2026-08-27T17:29:10.501868" elapsed="0.006628"/>
</kw>
<if>
<branch type="IF" condition="${present} &gt; 0">
<kw name="Log" owner="BuiltIn">
<arg>Unsaved-changes dialog detected - discarding via No to unblock navigation</arg>
<arg>level=WARN</arg>
<doc>Logs the given message with the given level.</doc>
<status status="NOT RUN" start="2026-08-27T17:29:10.509049" elapsed="0.000071"/>
</kw>
<kw name="Click" owner="Browser">
<arg>css=[id="confirmationForm:nobtn"]</arg>
<tag>PageContent</tag>
<tag>Setter</tag>
<doc>Simulates mouse click on the element found by ``selector``.</doc>
<status status="NOT RUN" start="2026-08-27T17:29:10.509231" elapsed="0.000052"/>
</kw>
<kw name="Wait For Load State" owner="Browser">
<arg>networkidle</arg>
<arg>timeout=10s</arg>
<tag>PageContent</tag>
<tag>Wait</tag>
<doc>Waits that the page reaches the required load state.</doc>
<status status="NOT RUN" start="2026-08-27T17:29:10.509382" elapsed="0.000048"/>
</kw>
<kw name="Sleep" owner="BuiltIn">
<arg>0.5s</arg>
<doc>Pauses the test executed for the given time.</doc>
<status status="NOT RUN" start="2026-08-27T17:29:10.509523" elapsed="0.000045"/>
</kw>
<status status="NOT RUN" start="2026-08-27T17:29:10.508646" elapsed="0.000958"/>
</branch>
<status status="PASS" start="2026-08-27T17:29:10.508615" elapsed="0.001030"/>
</if>
<doc>EC shows its own "UNSAVED CHANGES" Yes/No/Cancel confirm when navigating
away from a dirty New Object form. If an earlier step failed mid-fill (e.g. a
dependent-dropdown timeout), this dialog can be left open and its overlay mask
(#confirmationForm:confirmation_modal) then intercepts every click for the rest of
the run - the whole suite silently stalls behind it. Detect + discard via No, so a
single earlier failure can't cascade into the entire suite hanging.</doc>
<status status="PASS" start="2026-08-27T17:29:10.501528" elapsed="0.008180"/>
</kw>
<kw name="Restore Treeview If Hidden" owner="screen">
<kw name="Get Element Count" owner="Browser">
<msg time="2026-08-27T17:29:10.515975" level="INFO">${visible} = 1</msg>
<var>${visible}</var>
<arg>css=[id="menu:searchForm:searchTxt"]:visible</arg>
<tag>Assertion</tag>
<tag>Getter</tag>
<tag>PageContent</tag>
<doc>Returns the count of elements found with ``selector``.</doc>
<status status="PASS" start="2026-08-27T17:29:10.510421" elapsed="0.005608"/>
</kw>
<if>
<branch type="IF" condition="${visible} == 0">
<kw name="Get Element Count" owner="Browser">
<var>${toggle}</var>
<arg>css=[id="screenToolbar:form:minmaxMenu"]:visible</arg>
<tag>Assertion</tag>
<tag>Getter</tag>
<tag>PageContent</tag>
<doc>Returns the count of elements found with ``selector``.</doc>
<status status="NOT RUN" start="2026-08-27T17:29:10.516532" elapsed="0.000105"/>
</kw>
<if>
<branch type="IF" condition="${toggle} &gt; 0">
<kw name="Click" owner="Browser">
<arg>${SCREEN_MINMAX_BTN}</arg>
<tag>PageContent</tag>
<tag>Setter</tag>
<doc>Simulates mouse click on the element found by ``selector``.</doc>
<status status="NOT RUN" start="2026-08-27T17:29:10.516836" elapsed="0.000044"/>
</kw>
<kw name="Wait For Elements State" owner="Browser">
<arg>${TREEVIEW_SEARCH}</arg>
<arg>visible</arg>
<arg>timeout=15s</arg>
<tag>PageContent</tag>
<tag>Wait</tag>
<doc>Waits for the element found by ``selector`` to satisfy state option.</doc>
<status status="NOT RUN" start="2026-08-27T17:29:10.516964" elapsed="0.000040"/>
</kw>
<kw name="Sleep" owner="BuiltIn">
<arg>0.5s</arg>
<doc>Pauses the test executed for the given time.</doc>
<status status="NOT RUN" start="2026-08-27T17:29:10.517084" elapsed="0.000038"/>
</kw>
<status status="NOT RUN" start="2026-08-27T17:29:10.516718" elapsed="0.000430"/>
</branch>
<status status="NOT RUN" start="2026-08-27T17:29:10.516703" elapsed="0.000476"/>
</if>
<status status="NOT RUN" start="2026-08-27T17:29:10.516159" elapsed="0.001034"/>
</branch>
<status status="PASS" start="2026-08-27T17:29:10.516135" elapsed="0.001076"/>
</if>
<doc>If a previous expand hid the treeview, toggle it back so the
sidebar search box is usable again. No-op when the treeview is visible.</doc>
<status status="PASS" start="2026-08-27T17:29:10.510018" elapsed="0.007234"/>
</kw>
<kw name="Type Text" owner="Browser">
<msg time="2026-08-27T17:29:10.517797" level="INFO">Types the text 'Chemical Stream' in the given field.</msg>
<arg>${TREEVIEW_SEARCH}</arg>
<arg>${screen_name}</arg>
<arg>delay=60ms</arg>
<arg>clear=Yes</arg>
<tag>PageContent</tag>
<tag>Setter</tag>
<doc>Types the given ``txt`` into the text field found by ``selector``.</doc>
<status status="PASS" start="2026-08-27T17:29:10.517327" elapsed="1.041722"/>
</kw>
<kw name="Wait For Elements State" owner="Browser">
<msg time="2026-08-27T17:29:12.380014" level="INFO">Waited for Element with selector xpath=//*[self::label or self::span][contains(@class,'tv-link') and normalize-space(text())='Chemical Stream'] at state visible</msg>
<arg>xpath=//*[self::label or self::span][contains(@class,'tv-link') and normalize-space(text())='${screen_name}']</arg>
<arg>visible</arg>
<arg>timeout=10s</arg>
<tag>PageContent</tag>
<tag>Wait</tag>
<doc>Waits for the element found by ``selector`` to satisfy state option.</doc>
<status status="PASS" start="2026-08-27T17:29:11.559284" elapsed="0.820916"/>
</kw>
<kw name="Click" owner="Browser">
<msg time="2026-08-27T17:29:12.380948" level="INFO">Clicks the element 'xpath=//*[self::label or self::span][contains(@class,'tv-link') and normalize-space(text())='Chemical Stream']'.</msg>
<arg>xpath=//*[self::label or self::span][contains(@class,'tv-link') and normalize-space(text())='${screen_name}']</arg>
<tag>PageContent</tag>
<tag>Setter</tag>
<doc>Simulates mouse click on the element found by ``selector``.</doc>
<status status="PASS" start="2026-08-27T17:29:12.380414" elapsed="0.038081"/>
</kw>
<kw name="Wait For Load State" owner="Browser">
<msg time="2026-08-27T17:29:12.419409" level="INFO">Waiting page load to state to receive networkidle in 15000.0</msg>
<msg time="2026-08-27T17:29:12.421546" level="INFO">Load state networkidle got in 15000</msg>
<arg>networkidle</arg>
<arg>timeout=15s</arg>
<tag>PageContent</tag>
<tag>Wait</tag>
<doc>Waits that the page reaches the required load state.</doc>
<status status="PASS" start="2026-08-27T17:29:12.418767" elapsed="0.002966"/>
</kw>
<kw name="Sleep" owner="BuiltIn">
<msg time="2026-08-27T17:29:13.922466" level="INFO">Slept 1 second 500 milliseconds.</msg>
<arg>1.5s</arg>
<doc>Pauses the test executed for the given time.</doc>
<status status="PASS" start="2026-08-27T17:29:12.421925" elapsed="1.500667"/>
</kw>
<kw name="Confirm Screen Loaded" owner="screen">
<kw name="Get Text" owner="Browser">
<msg time="2026-08-27T17:29:13.953064" level="INFO">Text: 'Chemical Stream'</msg>
<msg time="2026-08-27T17:29:13.953244" level="INFO">${label} = Chemical Stream</msg>
<var>${label}</var>
<arg>css=[id="screenToolbar:form:screenLabel"]</arg>
<tag>Assertion</tag>
<tag>Getter</tag>
<tag>PageContent</tag>
<doc>Returns text attribute of the element found by ``selector``.</doc>
<status status="PASS" start="2026-08-27T17:29:13.923414" elapsed="0.029853"/>
</kw>
<kw name="Should Contain" owner="BuiltIn">
<arg>${label}</arg>
<arg>${screen_name}</arg>
<arg>msg=Failed to navigate to ${screen_name}</arg>
<doc>Fails if ``container`` does not contain ``item`` one or more times.</doc>
<status status="PASS" start="2026-08-27T17:29:13.953480" elapsed="0.000696"/>
</kw>
<arg>${screen_name}</arg>
<doc>Assert the loaded screen's toolbar label matches Chemical Stream.</doc>
<status status="PASS" start="2026-08-27T17:29:13.922927" elapsed="0.031317"/>
</kw>
<kw name="Expand Screen To Full Page" owner="screen">
<kw name="Wait For Elements State" owner="Browser">
<msg time="2026-08-27T17:29:13.958504" level="INFO">Waited for Element with selector css=[id="screenToolbar:form:minmaxMenu"] at state visible</msg>
<arg>${SCREEN_MINMAX_BTN}</arg>
<arg>visible</arg>
<arg>timeout=15s</arg>
<tag>PageContent</tag>
<tag>Wait</tag>
<doc>Waits for the element found by ``selector`` to satisfy state option.</doc>
<status status="PASS" start="2026-08-27T17:29:13.954594" elapsed="0.004018"/>
</kw>
<kw name="Click" owner="Browser">
<msg time="2026-08-27T17:29:13.959124" level="INFO">Clicks the element 'css=[id="screenToolbar:form:minmaxMenu"]'.</msg>
<arg>${SCREEN_MINMAX_BTN}</arg>
<tag>PageContent</tag>
<tag>Setter</tag>
<doc>Simulates mouse click on the element found by ``selector``.</doc>
<status status="PASS" start="2026-08-27T17:29:13.958754" elapsed="0.023818"/>
</kw>
<kw name="Wait For Load State" owner="Browser">
<msg time="2026-08-27T17:29:13.983380" level="INFO">Waiting page load to state to receive networkidle in 15000.0</msg>
<msg time="2026-08-27T17:29:13.988779" level="INFO">Load state networkidle got in 15000</msg>
<arg>networkidle</arg>
<arg>timeout=15s</arg>
<tag>PageContent</tag>
<tag>Wait</tag>
<doc>Waits that the page reaches the required load state.</doc>
<status status="PASS" start="2026-08-27T17:29:13.982867" elapsed="0.006108"/>
</kw>
<kw name="Sleep" owner="BuiltIn">
<msg time="2026-08-27T17:29:14.490159" level="INFO">Slept 500 milliseconds.</msg>
<arg>0.5s</arg>
<doc>Pauses the test executed for the given time.</doc>
<status status="PASS" start="2026-08-27T17:29:13.989232" elapsed="0.501065"/>
</kw>
<doc>Click the screen min/max toggle to hide the treeview so the
loaded EC screen takes the full page width (more data columns visible).</doc>
<status status="PASS" start="2026-08-27T17:29:13.954369" elapsed="0.536035"/>
</kw>
<arg>${screen_name}</arg>
<doc>Open a screen via the sidebar search, confirm it loaded, then
expand it to full page (hide the treeview). Restores the treeview first if
a previous expand left it hidden, so repeated navigation keeps working.</doc>
<status status="PASS" start="2026-08-27T17:29:10.501092" elapsed="3.989360"/>
</kw>
<kw name="Capture Step" owner="utils">
<if>
<branch type="IF" condition="${CAPTURE_SCREENSHOTS}">
<kw name="Take Screenshot" owner="Browser">
<msg time="2026-08-27T17:29:14.555860" level="INFO" html="true">&lt;/td&gt;&lt;/tr&gt;&lt;tr&gt;&lt;td colspan="3"&gt;&lt;a href="TC01%20Verify%20Clean%20State_open_screen.png" target="_blank"&gt;&lt;img src="TC01%20Verify%20Clean%20State_open_screen.png" width="800px"/&gt;&lt;/a&gt;</msg>
<arg>filename=${OUTPUT_DIR}/${label}</arg>
<tag>PageContent</tag>
<doc>Takes a screenshot of the current window or element and saves it to disk.</doc>
<status status="PASS" start="2026-08-27T17:29:14.491407" elapsed="0.064596"/>
</kw>
<status status="PASS" start="2026-08-27T17:29:14.491199" elapsed="0.064874"/>
</branch>
<status status="PASS" start="2026-08-27T17:29:14.491174" elapsed="0.064943"/>
</if>
<arg>${TEST NAME}_open_screen</arg>
<doc>Take a screenshot into the output dir with a step label - unless
True (environment.py, EC_CAPTURE_SCREENSHOTS env var) is OFF, in
which case this is a no-op (owner-requested 2026-08-18, so a fast run can skip
per-step evidence capture entirely).</doc>
<status status="PASS" start="2026-08-27T17:29:14.490813" elapsed="0.065351"/>
</kw>
<arg>${SCR}</arg>
<doc>Navigate to ${screen_name} and capture the open-screen evidence
screenshot. Shared body for every screen's own zero-arg "Open &lt;Screen&gt; Screen"
wrapper (bank_page.resource's Open Bank Screen, object_list_page.resource's Open
Object List Screen, etc.) - each of those only supplies its own screen-name
constant and delegates the actual navigation here, since Bank's and Object List's
wrappers were found to have identical bodies (owner query 2026-08-21) differing
only in which screen-name constant was passed. Assumes the caller already logged
in this test case - this keyword ONLY navigates.</doc>
<status status="PASS" start="2026-08-27T17:29:10.500613" elapsed="4.055597"/>
</kw>
<kw name="Apply Navigator From Properties" owner="manage_object">
<kw name="Read Properties" owner="PropertiesReader">
<msg time="2026-08-27T17:29:14.586139" level="INFO">${data} = {'Op Production Unit': 'P1 Production Unit', 'Op Area': 'P1 Area', 'Op Facility Class 1': 'P1 Facility 1'}</msg>
<var>${data}</var>
<arg>${properties_path}</arg>
<doc>Return an ordered dict of {column_label: value} from a simple key=value properties file.</doc>
<status status="PASS" start="2026-08-27T17:29:14.585209" elapsed="0.000973"/>
</kw>
<kw name="Set Variable" owner="BuiltIn">
<msg time="2026-08-27T17:29:14.586664" level="INFO">${col} = 1</msg>
<var>${col}</var>
<arg>${start_col}</arg>
<doc>Returns the given values which can then be assigned to a variables.</doc>
<status status="PASS" start="2026-08-27T17:29:14.586323" elapsed="0.000361"/>
</kw>
<kw name="Set Variable" owner="BuiltIn">
<msg time="2026-08-27T17:29:14.587673" level="INFO">${idx} = 0</msg>
<var>${idx}</var>
<arg>${0}</arg>
<doc>Returns the given values which can then be assigned to a variables.</doc>
<status status="PASS" start="2026-08-27T17:29:14.586768" elapsed="0.000926"/>
</kw>
<for flavor="IN">
<iter>
<kw name="Evaluate" owner="BuiltIn">
<msg time="2026-08-27T17:29:14.589356" level="INFO">${idx} = 1</msg>
<var>${idx}</var>
<arg>${idx} + 1</arg>
<doc>Evaluates the given expression in Python and returns the result.</doc>
<status status="PASS" start="2026-08-27T17:29:14.589046" elapsed="0.000333"/>
</kw>
<kw name="Evaluate" owner="BuiltIn">
<msg time="2026-08-27T17:29:14.590208" level="INFO">${past_row2_from} = False</msg>
<var>${past_row2_from}</var>
<arg>$row2_from != "" and $idx &gt; int($row2_from)</arg>
<doc>Evaluates the given expression in Python and returns the result.</doc>
<status status="PASS" start="2026-08-27T17:29:14.589564" elapsed="0.000682"/>
</kw>
<if>
<branch type="IF" condition="${past_row2_from}">
<kw name="Set Variable" owner="BuiltIn">
<var>${use_row}</var>
<arg>${row2}</arg>
<doc>Returns the given values which can then be assigned to a variables.</doc>
<status status="NOT RUN" start="2026-08-27T17:29:14.590573" elapsed="0.000072"/>
</kw>
<kw name="Evaluate" owner="BuiltIn">
<var>${use_col}</var>
<arg>${row2_start_col} + ${idx} - int($row2_from) - 1</arg>
<doc>Evaluates the given expression in Python and returns the result.</doc>
<status status="NOT RUN" start="2026-08-27T17:29:14.590766" elapsed="0.000064"/>
</kw>
<status status="NOT RUN" start="2026-08-27T17:29:14.590351" elapsed="0.000525"/>
</branch>
<branch type="ELSE">
<kw name="Set Variable" owner="BuiltIn">
<msg time="2026-08-27T17:29:14.591402" level="INFO">${use_row} = 1</msg>
<var>${use_row}</var>
<arg>${row}</arg>
<doc>Returns the given values which can then be assigned to a variables.</doc>
<status status="PASS" start="2026-08-27T17:29:14.591062" elapsed="0.000369"/>
</kw>
<kw name="Set Variable" owner="BuiltIn">
<msg time="2026-08-27T17:29:14.591830" level="INFO">${use_col} = 1</msg>
<var>${use_col}</var>
<arg>${col}</arg>
<doc>Returns the given values which can then be assigned to a variables.</doc>
<status status="PASS" start="2026-08-27T17:29:14.591547" elapsed="0.000310"/>
</kw>
<kw name="Evaluate" owner="BuiltIn">
<msg time="2026-08-27T17:29:14.592282" level="INFO">${col} = 2</msg>
<var>${col}</var>
<arg>${col} + 1</arg>
<doc>Evaluates the given expression in Python and returns the result.</doc>
<status status="PASS" start="2026-08-27T17:29:14.591969" elapsed="0.000340"/>
</kw>
<status status="PASS" start="2026-08-27T17:29:14.590920" elapsed="0.001434"/>
</branch>
<status status="PASS" start="2026-08-27T17:29:14.590328" elapsed="0.002062"/>
</if>
<kw name="Set Variable" owner="BuiltIn">
<msg time="2026-08-27T17:29:14.592776" level="INFO">${dd} = nav:form:G:0:R:1:C:1:dd</msg>
<var>${dd}</var>
<arg>nav:form:G:${group}:R:${use_row}:C:${use_col}:dd</arg>
<doc>Returns the given values which can then be assigned to a variables.</doc>
<status status="PASS" start="2026-08-27T17:29:14.592479" elapsed="0.000323"/>
</kw>
<kw name="Select EC Dropdown Option" owner="table">
<variable name="${item}">
<msg time="2026-08-27T17:29:14.593516" level="INFO">${item} = xpath=//*[@id='nav:form:G:0:R:1:C:1:dd_panel']//tr[normalize-space(@data-item-label)='P1 Production Unit']</msg>
<var>xpath=//*[@id='${dd_prefix}_panel']//tr[normalize-space(@data-item-label)='${value}']</var>
<status status="PASS" start="2026-08-27T17:29:14.593348" elapsed="0.000194"/>
</variable>
<kw name="Open EC Dropdown Panel" owner="table">
<kw name="Click" owner="Browser">
<msg time="2026-08-27T17:29:14.594452" level="INFO">Clicks the element 'css=[id="nav:form:G:0:R:1:C:1:dd_button"]'.</msg>
<arg>css=[id="${dd_prefix}_button"]</arg>
<tag>PageContent</tag>
<tag>Setter</tag>
<doc>Simulates mouse click on the element found by ``selector``.</doc>
<status status="PASS" start="2026-08-27T17:29:14.594042" elapsed="0.019194"/>
</kw>
<try>
<branch type="TRY">
<kw name="Wait For Elements State" owner="Browser">
<msg time="2026-08-27T17:29:14.824276" level="INFO">Waited for Element with selector xpath=//*[@id='nav:form:G:0:R:1:C:1:dd_panel']//tr[normalize-space(@data-item-label)='P1 Production Unit'] &gt;&gt; nth=0 at state visible</msg>
<arg>${item} &gt;&gt; nth=0</arg>
<arg>visible</arg>
<arg>timeout=6s</arg>
<tag>PageContent</tag>
<tag>Wait</tag>
<doc>Waits for the element found by ``selector`` to satisfy state option.</doc>
<status status="PASS" start="2026-08-27T17:29:14.613802" elapsed="0.210651"/>
</kw>
<status status="PASS" start="2026-08-27T17:29:14.613473" elapsed="0.211067"/>
</branch>
<branch type="EXCEPT">
<kw name="Keyboard Key" owner="Browser">
<arg>press</arg>
<arg>Escape</arg>
<tag>PageContent</tag>
<tag>Setter</tag>
<doc>Press a keyboard key on the virtual keyboard or set a key up or down.</doc>
<status status="NOT RUN" start="2026-08-27T17:29:14.824903" elapsed="0.000049"/>
</kw>
<kw name="Sleep" owner="BuiltIn">
<arg>1.5s</arg>
<doc>Pauses the test executed for the given time.</doc>
<status status="NOT RUN" start="2026-08-27T17:29:14.825033" elapsed="0.000038"/>
</kw>
<kw name="Click" owner="Browser">
<arg>css=[id="${dd_prefix}_button"]</arg>
<tag>PageContent</tag>
<tag>Setter</tag>
<doc>Simulates mouse click on the element found by ``selector``.</doc>
<status status="NOT RUN" start="2026-08-27T17:29:14.825137" elapsed="0.000035"/>
</kw>
<kw name="Wait For Elements State" owner="Browser">
<arg>${item} &gt;&gt; nth=0</arg>
<arg>visible</arg>
<arg>timeout=10s</arg>
<tag>PageContent</tag>
<tag>Wait</tag>
<doc>Waits for the element found by ``selector`` to satisfy state option.</doc>
<status status="NOT RUN" start="2026-08-27T17:29:14.825240" elapsed="0.000034"/>
</kw>
<status status="NOT RUN" start="2026-08-27T17:29:14.824624" elapsed="0.000680"/>
</branch>
<status status="PASS" start="2026-08-27T17:29:14.613403" elapsed="0.211935"/>
</try>
<arg>${dd_prefix}</arg>
<arg>${item}</arg>
<doc>Open an EC autocomplete dropdown and wait for its first option
row; one Escape+reopen retry covers panels closed by a concurrent partial
re-render or cascades whose options arrive late.</doc>
<status status="PASS" start="2026-08-27T17:29:14.593754" elapsed="0.231627"/>
</kw>
<kw name="Click" owner="Browser">
<msg time="2026-08-27T17:29:14.825922" level="INFO">Clicks the element 'xpath=//*[@id='nav:form:G:0:R:1:C:1:dd_panel']//tr[normalize-space(@data-item-label)='P1 Production Unit']'.</msg>
<arg>${item}</arg>
<tag>PageContent</tag>
<tag>Setter</tag>
<doc>Simulates mouse click on the element found by ``selector``.</doc>
<status status="PASS" start="2026-08-27T17:29:14.825447" elapsed="0.074802"/>
</kw>
<kw name="Wait For Load State" owner="Browser">
<msg time="2026-08-27T17:29:14.901259" level="INFO">Waiting page load to state to receive networkidle in 12000.0</msg>
<msg time="2026-08-27T17:29:14.903250" level="INFO">Load state networkidle got in 12000</msg>
<arg>networkidle</arg>
<arg>timeout=12s</arg>
<tag>PageContent</tag>
<tag>Wait</tag>
<doc>Waits that the page reaches the required load state.</doc>
<status status="PASS" start="2026-08-27T17:29:14.900577" elapsed="0.002799"/>
</kw>
<kw name="Sleep" owner="BuiltIn">
<msg time="2026-08-27T17:29:15.504134" level="INFO">Slept 600 milliseconds.</msg>
<arg>0.6s</arg>
<doc>Pauses the test executed for the given time.</doc>
<status status="PASS" start="2026-08-27T17:29:14.903580" elapsed="0.600718"/>
</kw>
<arg>${dd}</arg>
<arg>${data}[${label}]</arg>
<doc>Pick an option from an EC autocomplete dropdown (…:dd) by its
exact item label: click the chevron, wait for the option row
(tr[data-item-label]) and click it. A pending form re-render (e.g. after a
date Tab-out) can close the panel between open and click, so one re-open
retry is built in. Typing into autocomplete-dd fields is unreliable.</doc>
<status status="PASS" start="2026-08-27T17:29:14.593035" elapsed="0.911399"/>
</kw>
<kw name="Sleep" owner="BuiltIn">
<msg time="2026-08-27T17:29:16.205299" level="INFO">Slept 700 milliseconds.</msg>
<arg>0.7s</arg>
<doc>Pauses the test executed for the given time.</doc>
<status status="PASS" start="2026-08-27T17:29:15.504635" elapsed="0.700805"/>
</kw>
<var name="${label}">Op Production Unit</var>
<status status="PASS" start="2026-08-27T17:29:14.588920" elapsed="1.616608"/>
</iter>
<iter>
<kw name="Evaluate" owner="BuiltIn">
<msg time="2026-08-27T17:29:16.206507" level="INFO">${idx} = 2</msg>
<var>${idx}</var>
<arg>${idx} + 1</arg>
<doc>Evaluates the given expression in Python and returns the result.</doc>
<status status="PASS" start="2026-08-27T17:29:16.206076" elapsed="0.000455"/>
</kw>
<kw name="Evaluate" owner="BuiltIn">
<msg time="2026-08-27T17:29:16.207022" level="INFO">${past_row2_from} = False</msg>
<var>${past_row2_from}</var>
<arg>$row2_from != "" and $idx &gt; int($row2_from)</arg>
<doc>Evaluates the given expression in Python and returns the result.</doc>
<status status="PASS" start="2026-08-27T17:29:16.206620" elapsed="0.000440"/>
</kw>
<if>
<branch type="IF" condition="${past_row2_from}">
<kw name="Set Variable" owner="BuiltIn">
<var>${use_row}</var>
<arg>${row2}</arg>
<doc>Returns the given values which can then be assigned to a variables.</doc>
<status status="NOT RUN" start="2026-08-27T17:29:16.207330" elapsed="0.000042"/>
</kw>
<kw name="Evaluate" owner="BuiltIn">
<var>${use_col}</var>
<arg>${row2_start_col} + ${idx} - int($row2_from) - 1</arg>
<doc>Evaluates the given expression in Python and returns the result.</doc>
<status status="NOT RUN" start="2026-08-27T17:29:16.207447" elapsed="0.000040"/>
</kw>
<status status="NOT RUN" start="2026-08-27T17:29:16.207151" elapsed="0.000363"/>
</branch>
<branch type="ELSE">
<kw name="Set Variable" owner="BuiltIn">
<msg time="2026-08-27T17:29:16.207842" level="INFO">${use_row} = 1</msg>
<var>${use_row}</var>
<arg>${row}</arg>
<doc>Returns the given values which can then be assigned to a variables.</doc>
<status status="PASS" start="2026-08-27T17:29:16.207628" elapsed="0.000232"/>
</kw>
<kw name="Set Variable" owner="BuiltIn">
<msg time="2026-08-27T17:29:16.208107" level="INFO">${use_col} = 2</msg>
<var>${use_col}</var>
<arg>${col}</arg>
<doc>Returns the given values which can then be assigned to a variables.</doc>
<status status="PASS" start="2026-08-27T17:29:16.207931" elapsed="0.000192"/>
</kw>
<kw name="Evaluate" owner="BuiltIn">
<msg time="2026-08-27T17:29:16.208413" level="INFO">${col} = 3</msg>
<var>${col}</var>
<arg>${col} + 1</arg>
<doc>Evaluates the given expression in Python and returns the result.</doc>
<status status="PASS" start="2026-08-27T17:29:16.208192" elapsed="0.000240"/>
</kw>
<status status="PASS" start="2026-08-27T17:29:16.207542" elapsed="0.000924"/>
</branch>
<status status="PASS" start="2026-08-27T17:29:16.207131" elapsed="0.001363"/>
</if>
<kw name="Set Variable" owner="BuiltIn">
<msg time="2026-08-27T17:29:16.208770" level="INFO">${dd} = nav:form:G:0:R:1:C:2:dd</msg>
<var>${dd}</var>
<arg>nav:form:G:${group}:R:${use_row}:C:${use_col}:dd</arg>
<doc>Returns the given values which can then be assigned to a variables.</doc>
<status status="PASS" start="2026-08-27T17:29:16.208552" elapsed="0.000234"/>
</kw>
<kw name="Select EC Dropdown Option" owner="table">
<variable name="${item}">
<msg time="2026-08-27T17:29:16.209224" level="INFO">${item} = xpath=//*[@id='nav:form:G:0:R:1:C:2:dd_panel']//tr[normalize-space(@data-item-label)='P1 Area']</msg>
<var>xpath=//*[@id='${dd_prefix}_panel']//tr[normalize-space(@data-item-label)='${value}']</var>
<status status="PASS" start="2026-08-27T17:29:16.209113" elapsed="0.000129"/>
</variable>
<kw name="Open EC Dropdown Panel" owner="table">
<kw name="Click" owner="Browser">
<msg time="2026-08-27T17:29:16.209909" level="INFO">Clicks the element 'css=[id="nav:form:G:0:R:1:C:2:dd_button"]'.</msg>
<arg>css=[id="${dd_prefix}_button"]</arg>
<tag>PageContent</tag>
<tag>Setter</tag>
<doc>Simulates mouse click on the element found by ``selector``.</doc>
<status status="PASS" start="2026-08-27T17:29:16.209606" elapsed="0.020431"/>
</kw>
<try>
<branch type="TRY">
<kw name="Wait For Elements State" owner="Browser">
<msg time="2026-08-27T17:29:16.434986" level="INFO">Waited for Element with selector xpath=//*[@id='nav:form:G:0:R:1:C:2:dd_panel']//tr[normalize-space(@data-item-label)='P1 Area'] &gt;&gt; nth=0 at state visible</msg>
<arg>${item} &gt;&gt; nth=0</arg>
<arg>visible</arg>
<arg>timeout=6s</arg>
<tag>PageContent</tag>
<tag>Wait</tag>
<doc>Waits for the element found by ``selector`` to satisfy state option.</doc>
<status status="PASS" start="2026-08-27T17:29:16.230663" elapsed="0.204491"/>
</kw>
<status status="PASS" start="2026-08-27T17:29:16.230349" elapsed="0.204894"/>
</branch>
<branch type="EXCEPT">
<kw name="Keyboard Key" owner="Browser">
<arg>press</arg>
<arg>Escape</arg>
<tag>PageContent</tag>
<tag>Setter</tag>
<doc>Press a keyboard key on the virtual keyboard or set a key up or down.</doc>
<status status="NOT RUN" start="2026-08-27T17:29:16.435597" elapsed="0.000067"/>
</kw>
<kw name="Sleep" owner="BuiltIn">
<arg>1.5s</arg>
<doc>Pauses the test executed for the given time.</doc>
<status status="NOT RUN" start="2026-08-27T17:29:16.435773" elapsed="0.000051"/>
</kw>
<kw name="Click" owner="Browser">
<arg>css=[id="${dd_prefix}_button"]</arg>
<tag>PageContent</tag>
<tag>Setter</tag>
<doc>Simulates mouse click on the element found by ``selector``.</doc>
<status status="NOT RUN" start="2026-08-27T17:29:16.435912" elapsed="0.000040"/>
</kw>
<kw name="Wait For Elements State" owner="Browser">
<arg>${item} &gt;&gt; nth=0</arg>
<arg>visible</arg>
<arg>timeout=10s</arg>
<tag>PageContent</tag>
<tag>Wait</tag>
<doc>Waits for the element found by ``selector`` to satisfy state option.</doc>
<status status="NOT RUN" start="2026-08-27T17:29:16.436029" elapsed="0.000038"/>
</kw>
<status status="NOT RUN" start="2026-08-27T17:29:16.435325" elapsed="0.000776"/>
</branch>
<status status="PASS" start="2026-08-27T17:29:16.230275" elapsed="0.205862"/>
</try>
<arg>${dd_prefix}</arg>
<arg>${item}</arg>
<doc>Open an EC autocomplete dropdown and wait for its first option
row; one Escape+reopen retry covers panels closed by a concurrent partial
re-render or cascades whose options arrive late.</doc>
<status status="PASS" start="2026-08-27T17:29:16.209386" elapsed="0.226800"/>
</kw>
<kw name="Click" owner="Browser">
<msg time="2026-08-27T17:29:16.436695" level="INFO">Clicks the element 'xpath=//*[@id='nav:form:G:0:R:1:C:2:dd_panel']//tr[normalize-space(@data-item-label)='P1 Area']'.</msg>
<arg>${item}</arg>
<tag>PageContent</tag>
<tag>Setter</tag>
<doc>Simulates mouse click on the element found by ``selector``.</doc>
<status status="PASS" start="2026-08-27T17:29:16.436259" elapsed="0.127600"/>
</kw>
<kw name="Wait For Load State" owner="Browser">
<msg time="2026-08-27T17:29:16.564837" level="INFO">Waiting page load to state to receive networkidle in 12000.0</msg>
<msg time="2026-08-27T17:29:16.567068" level="INFO">Load state networkidle got in 12000</msg>
<arg>networkidle</arg>
<arg>timeout=12s</arg>
<tag>PageContent</tag>
<tag>Wait</tag>
<doc>Waits that the page reaches the required load state.</doc>
<status status="PASS" start="2026-08-27T17:29:16.564138" elapsed="0.003087"/>
</kw>
<kw name="Sleep" owner="BuiltIn">
<msg time="2026-08-27T17:29:17.168057" level="INFO">Slept 600 milliseconds.</msg>
<arg>0.6s</arg>
<doc>Pauses the test executed for the given time.</doc>
<status status="PASS" start="2026-08-27T17:29:16.567443" elapsed="0.600735"/>
</kw>
<arg>${dd}</arg>
<arg>${data}[${label}]</arg>
<doc>Pick an option from an EC autocomplete dropdown (…:dd) by its
exact item label: click the chevron, wait for the option row
(tr[data-item-label]) and click it. A pending form re-render (e.g. after a
date Tab-out) can close the panel between open and click, so one re-open
retry is built in. Typing into autocomplete-dd fields is unreliable.</doc>
<status status="PASS" start="2026-08-27T17:29:16.208910" elapsed="0.959367"/>
</kw>
<kw name="Sleep" owner="BuiltIn">
<msg time="2026-08-27T17:29:17.869249" level="INFO">Slept 700 milliseconds.</msg>
<arg>0.7s</arg>
<doc>Pauses the test executed for the given time.</doc>
<status status="PASS" start="2026-08-27T17:29:17.168435" elapsed="0.700935"/>
</kw>
<var name="${label}">Op Area</var>
<status status="PASS" start="2026-08-27T17:29:16.205822" elapsed="1.663640"/>
</iter>
<iter>
<kw name="Evaluate" owner="BuiltIn">
<msg time="2026-08-27T17:29:17.870269" level="INFO">${idx} = 3</msg>
<var>${idx}</var>
<arg>${idx} + 1</arg>
<doc>Evaluates the given expression in Python and returns the result.</doc>
<status status="PASS" start="2026-08-27T17:29:17.869894" elapsed="0.000396"/>
</kw>
<kw name="Evaluate" owner="BuiltIn">
<msg time="2026-08-27T17:29:17.870652" level="INFO">${past_row2_from} = False</msg>
<var>${past_row2_from}</var>
<arg>$row2_from != "" and $idx &gt; int($row2_from)</arg>
<doc>Evaluates the given expression in Python and returns the result.</doc>
<status status="PASS" start="2026-08-27T17:29:17.870375" elapsed="0.000296"/>
</kw>
<if>
<branch type="IF" condition="${past_row2_from}">
<kw name="Set Variable" owner="BuiltIn">
<var>${use_row}</var>
<arg>${row2}</arg>
<doc>Returns the given values which can then be assigned to a variables.</doc>
<status status="NOT RUN" start="2026-08-27T17:29:17.870866" elapsed="0.000042"/>
</kw>
<kw name="Evaluate" owner="BuiltIn">
<var>${use_col}</var>
<arg>${row2_start_col} + ${idx} - int($row2_from) - 1</arg>
<doc>Evaluates the given expression in Python and returns the result.</doc>
<status status="NOT RUN" start="2026-08-27T17:29:17.870999" elapsed="0.000038"/>
</kw>
<status status="NOT RUN" start="2026-08-27T17:29:17.870736" elapsed="0.000331"/>
</branch>
<branch type="ELSE">
<kw name="Set Variable" owner="BuiltIn">
<msg time="2026-08-27T17:29:17.871349" level="INFO">${use_row} = 1</msg>
<var>${use_row}</var>
<arg>${row}</arg>
<doc>Returns the given values which can then be assigned to a variables.</doc>
<status status="PASS" start="2026-08-27T17:29:17.871176" elapsed="0.000188"/>
</kw>
<kw name="Set Variable" owner="BuiltIn">
<msg time="2026-08-27T17:29:17.871611" level="INFO">${use_col} = 3</msg>
<var>${use_col}</var>
<arg>${col}</arg>
<doc>Returns the given values which can then be assigned to a variables.</doc>
<status status="PASS" start="2026-08-27T17:29:17.871451" elapsed="0.000176"/>
</kw>
<kw name="Evaluate" owner="BuiltIn">
<msg time="2026-08-27T17:29:17.871870" level="INFO">${col} = 4</msg>
<var>${col}</var>
<arg>${col} + 1</arg>
<doc>Evaluates the given expression in Python and returns the result.</doc>
<status status="PASS" start="2026-08-27T17:29:17.871691" elapsed="0.000193"/>
</kw>
<status status="PASS" start="2026-08-27T17:29:17.871095" elapsed="0.000814"/>
</branch>
<status status="PASS" start="2026-08-27T17:29:17.870718" elapsed="0.001212"/>
</if>
<kw name="Set Variable" owner="BuiltIn">
<msg time="2026-08-27T17:29:17.872161" level="INFO">${dd} = nav:form:G:0:R:1:C:3:dd</msg>
<var>${dd}</var>
<arg>nav:form:G:${group}:R:${use_row}:C:${use_col}:dd</arg>
<doc>Returns the given values which can then be assigned to a variables.</doc>
<status status="PASS" start="2026-08-27T17:29:17.871985" elapsed="0.000190"/>
</kw>
<kw name="Select EC Dropdown Option" owner="table">
<variable name="${item}">
<msg time="2026-08-27T17:29:17.872591" level="INFO">${item} = xpath=//*[@id='nav:form:G:0:R:1:C:3:dd_panel']//tr[normalize-space(@data-item-label)='P1 Facility 1']</msg>
<var>xpath=//*[@id='${dd_prefix}_panel']//tr[normalize-space(@data-item-label)='${value}']</var>
<status status="PASS" start="2026-08-27T17:29:17.872493" elapsed="0.000114"/>
</variable>
<kw name="Open EC Dropdown Panel" owner="table">
<kw name="Click" owner="Browser">
<msg time="2026-08-27T17:29:17.873204" level="INFO">Clicks the element 'css=[id="nav:form:G:0:R:1:C:3:dd_button"]'.</msg>
<arg>css=[id="${dd_prefix}_button"]</arg>
<tag>PageContent</tag>
<tag>Setter</tag>
<doc>Simulates mouse click on the element found by ``selector``.</doc>
<status status="PASS" start="2026-08-27T17:29:17.872916" elapsed="0.024255"/>
</kw>
<try>
<branch type="TRY">
<kw name="Wait For Elements State" owner="Browser">
<msg time="2026-08-27T17:29:18.105374" level="INFO">Waited for Element with selector xpath=//*[@id='nav:form:G:0:R:1:C:3:dd_panel']//tr[normalize-space(@data-item-label)='P1 Facility 1'] &gt;&gt; nth=0 at state visible</msg>
<arg>${item} &gt;&gt; nth=0</arg>
<arg>visible</arg>
<arg>timeout=6s</arg>
<tag>PageContent</tag>
<tag>Wait</tag>
<doc>Waits for the element found by ``selector`` to satisfy state option.</doc>
<status status="PASS" start="2026-08-27T17:29:17.897732" elapsed="0.207833"/>
</kw>
<status status="PASS" start="2026-08-27T17:29:17.897393" elapsed="0.208271"/>
</branch>
<branch type="EXCEPT">
<kw name="Keyboard Key" owner="Browser">
<arg>press</arg>
<arg>Escape</arg>
<tag>PageContent</tag>
<tag>Setter</tag>
<doc>Press a keyboard key on the virtual keyboard or set a key up or down.</doc>
<status status="NOT RUN" start="2026-08-27T17:29:18.106036" elapsed="0.000089"/>
</kw>
<kw name="Sleep" owner="BuiltIn">
<arg>1.5s</arg>
<doc>Pauses the test executed for the given time.</doc>
<status status="NOT RUN" start="2026-08-27T17:29:18.106240" elapsed="0.000047"/>
</kw>
<kw name="Click" owner="Browser">
<arg>css=[id="${dd_prefix}_button"]</arg>
<tag>PageContent</tag>
<tag>Setter</tag>
<doc>Simulates mouse click on the element found by ``selector``.</doc>
<status status="NOT RUN" start="2026-08-27T17:29:18.106371" elapsed="0.000043"/>
</kw>
<kw name="Wait For Elements State" owner="Browser">
<arg>${item} &gt;&gt; nth=0</arg>
<arg>visible</arg>
<arg>timeout=10s</arg>
<tag>PageContent</tag>
<tag>Wait</tag>
<doc>Waits for the element found by ``selector`` to satisfy state option.</doc>
<status status="NOT RUN" start="2026-08-27T17:29:18.106499" elapsed="0.000040"/>
</kw>
<status status="NOT RUN" start="2026-08-27T17:29:18.105745" elapsed="0.000832"/>
</branch>
<status status="PASS" start="2026-08-27T17:29:17.897306" elapsed="0.209323"/>
</try>
<arg>${dd_prefix}</arg>
<arg>${item}</arg>
<doc>Open an EC autocomplete dropdown and wait for its first option
row; one Escape+reopen retry covers panels closed by a concurrent partial
re-render or cascades whose options arrive late.</doc>
<status status="PASS" start="2026-08-27T17:29:17.872736" elapsed="0.233962"/>
</kw>
<kw name="Click" owner="Browser">
<msg time="2026-08-27T17:29:18.107428" level="INFO">Clicks the element 'xpath=//*[@id='nav:form:G:0:R:1:C:3:dd_panel']//tr[normalize-space(@data-item-label)='P1 Facility 1']'.</msg>
<arg>${item}</arg>
<tag>PageContent</tag>
<tag>Setter</tag>
<doc>Simulates mouse click on the element found by ``selector``.</doc>
<status status="PASS" start="2026-08-27T17:29:18.106810" elapsed="0.122860"/>
</kw>
<kw name="Wait For Load State" owner="Browser">
<msg time="2026-08-27T17:29:18.230454" level="INFO">Waiting page load to state to receive networkidle in 12000.0</msg>
<msg time="2026-08-27T17:29:18.231984" level="INFO">Load state networkidle got in 12000</msg>
<arg>networkidle</arg>
<arg>timeout=12s</arg>
<tag>PageContent</tag>
<tag>Wait</tag>
<doc>Waits that the page reaches the required load state.</doc>
<status status="PASS" start="2026-08-27T17:29:18.229910" elapsed="0.002159"/>
</kw>
<kw name="Sleep" owner="BuiltIn">
<msg time="2026-08-27T17:29:18.832984" level="INFO">Slept 600 milliseconds.</msg>
<arg>0.6s</arg>
<doc>Pauses the test executed for the given time.</doc>
<status status="PASS" start="2026-08-27T17:29:18.232205" elapsed="0.600943"/>
</kw>
<arg>${dd}</arg>
<arg>${data}[${label}]</arg>
<doc>Pick an option from an EC autocomplete dropdown (…:dd) by its
exact item label: click the chevron, wait for the option row
(tr[data-item-label]) and click it. A pending form re-render (e.g. after a
date Tab-out) can close the panel between open and click, so one re-open
retry is built in. Typing into autocomplete-dd fields is unreliable.</doc>
<status status="PASS" start="2026-08-27T17:29:17.872300" elapsed="0.960985"/>
</kw>
<kw name="Sleep" owner="BuiltIn">
<msg time="2026-08-27T17:29:19.534365" level="INFO">Slept 700 milliseconds.</msg>
<arg>0.7s</arg>
<doc>Pauses the test executed for the given time.</doc>
<status status="PASS" start="2026-08-27T17:29:18.833496" elapsed="0.701017"/>
</kw>
<var name="${label}">Op Facility Class 1</var>
<status status="PASS" start="2026-08-27T17:29:17.869685" elapsed="1.664941"/>
</iter>
<var>${label}</var>
<value>@{data.keys()}</value>
<status status="PASS" start="2026-08-27T17:29:14.587778" elapsed="4.946910"/>
</for>
<kw name="Apply Navigator" owner="navigator">
<kw name="Click" owner="Browser">
<msg time="2026-08-27T17:29:19.535663" level="INFO">Clicks the element 'css=[id="button:form:B"]'.</msg>
<arg>css=[id="button:form:B"]</arg>
<tag>PageContent</tag>
<tag>Setter</tag>
<doc>Simulates mouse click on the element found by ``selector``.</doc>
<status status="PASS" start="2026-08-27T17:29:19.535291" elapsed="0.023801"/>
</kw>
<kw name="Wait For Load State" owner="Browser">
<msg time="2026-08-27T17:29:19.559835" level="INFO">Waiting page load to state to receive networkidle in 15000.0</msg>
<msg time="2026-08-27T17:29:19.561284" level="INFO">Load state networkidle got in 15000</msg>
<arg>networkidle</arg>
<arg>timeout=15s</arg>
<tag>PageContent</tag>
<tag>Wait</tag>
<doc>Waits that the page reaches the required load state.</doc>
<status status="PASS" start="2026-08-27T17:29:19.559304" elapsed="0.002062"/>
</kw>
<kw name="Sleep" owner="BuiltIn">
<msg time="2026-08-27T17:29:20.762117" level="INFO">Slept 1 second 200 milliseconds.</msg>
<arg>1.2s</arg>
<doc>Pauses the test executed for the given time.</doc>
<status status="PASS" start="2026-08-27T17:29:19.561487" elapsed="1.200781"/>
</kw>
<doc>Click the navigator Go button to (re)load the list.</doc>
<status status="PASS" start="2026-08-27T17:29:19.534954" elapsed="1.227430"/>
</kw>
<arg>${CHEMICAL_STREAM_NAVIGATOR_PROPERTIES}</arg>
<doc>Fill an OV-GM navigator with EXPLICIT values driven by a properties file
(column=value, read via PropertiesReader.Read Properties - the SAME mechanism Insert/
Update Object From Properties already use for form fields), then click GO once. Added
2026-08-26 to generalise Area's bespoke inline "Select EC Dropdown Option
${AREA_NAV_PU} ${AREA_NAV_PU_VALUE} / Apply Navigator" into a shared, reusable T2
keyword any OV-GM screen's navigator can call.</doc>
<status status="PASS" start="2026-08-27T17:29:14.584109" elapsed="6.178331"/>
</kw>
<doc>Navigate to the Chemical Stream screen, THEN fill + submit the mandatory
3-level Production Unit -&gt; Area -&gt; Facility Class 1 navigator cascade (dropdowns + GO)
- the grid AND the From Connection popup source are scoped by it, so this single
keyword bundles both steps for the test case (Area's exact skeleton calls this as ONE
line per TC, not two). Assumes the caller already logged in this test case (via Login
To EC Application). Navigator fill delegates to the shared T2 "Apply Navigator From
Properties" (resources/manage_object.resource), driven by
testdata/chemical_stream_navigator.properties, instead of inlining "Select EC Dropdown
Option + Apply Navigator" here.</doc>
<status status="PASS" start="2026-08-27T17:29:10.498455" elapsed="10.264038"/>
</kw>
<kw name="Verify Chemical Stream Record Does Not Exist" owner="chemical_stream_page">
<kw name="Verify Object Does Not Exist" owner="manage_object">
<kw name="OV Row Should Not Exist" owner="manage_object">
<variable name="${form}">
<msg time="2026-08-27T17:29:20.768619" level="INFO">${form} = manageObject:form</msg>
<var>${table_id.rsplit(':T_data', 1)[0]}</var>
<status status="PASS" start="2026-08-27T17:29:20.767470" elapsed="0.001197"/>
</variable>
<kw name="Get Element Count" owner="Browser">
<msg time="2026-08-27T17:29:20.774265" level="INFO">${supported} = 1</msg>
<var>${supported}</var>
<arg>css=[id="${form}:T:tfo"]</arg>
<tag>Assertion</tag>
<tag>Getter</tag>
<tag>PageContent</tag>
<doc>Returns the count of elements found with ``selector``.</doc>
<status status="PASS" start="2026-08-27T17:29:20.768860" elapsed="0.005456"/>
</kw>
<if>
<branch type="IF" condition="${supported} &gt; 0">
<kw name="Filter Grid Text Column By Value" owner="grid_menu">
<kw name="Turn Grid Filtering On" owner="grid_menu">
<kw name="Grid Filtering Is On" owner="grid_menu">
<kw name="Get Element Count" owner="Browser">
<msg time="2026-08-27T17:29:20.784589" level="INFO">${n} = 0</msg>
<var>${n}</var>
<arg>css=[id^="${form}:T:sfilter"]</arg>
<tag>Assertion</tag>
<tag>Getter</tag>
<tag>PageContent</tag>
<doc>Returns the count of elements found with ``selector``.</doc>
<status status="PASS" start="2026-08-27T17:29:20.778875" elapsed="0.005775"/>
</kw>
<kw name="Evaluate" owner="BuiltIn">
<msg time="2026-08-27T17:29:20.785417" level="INFO">${on} = False</msg>
<var>${on}</var>
<arg>${n} &gt; 0</arg>
<doc>Evaluates the given expression in Python and returns the result.</doc>
<status status="PASS" start="2026-08-27T17:29:20.784871" elapsed="0.000589"/>
</kw>
<return>
<value>${on}</value>
<status status="PASS" start="2026-08-27T17:29:20.785535" elapsed="0.000141"/>
</return>
<msg time="2026-08-27T17:29:20.785798" level="INFO">${on} = False</msg>
<var>${on}</var>
<arg>${form}</arg>
<doc>True if the per-column filter row is currently rendered (any sfilter input present).</doc>
<status status="PASS" start="2026-08-27T17:29:20.778574" elapsed="0.007242"/>
</kw>
<if>
<branch type="IF" condition="not ${on}">
<kw name="Evaluate JavaScript" owner="Browser">
<msg time="2026-08-27T17:29:20.800306" level="INFO">JavaScript executed successfully.</msg>
<arg>css=[id="${form}:T"]</arg>
<arg>(el) =&gt; { const e=el.ownerDocument.getElementById('${form}:T:tfo'); if(e){ e.click(); } }</arg>
<tag>Getter</tag>
<tag>PageContent</tag>
<tag>Setter</tag>
<doc>Executes given javascript on the selected element(s) or on page.</doc>
<status status="PASS" start="2026-08-27T17:29:20.786222" elapsed="0.014283"/>
</kw>
<kw name="Wait For Load State" owner="Browser">
<msg time="2026-08-27T17:29:20.801481" level="INFO">Waiting page load to state to receive networkidle in 15000.0</msg>
<msg time="2026-08-27T17:29:20.803814" level="INFO">Load state networkidle got in 15000</msg>
<arg>networkidle</arg>
<arg>timeout=15s</arg>
<tag>PageContent</tag>
<tag>Wait</tag>
<doc>Waits that the page reaches the required load state.</doc>
<status status="PASS" start="2026-08-27T17:29:20.800757" elapsed="0.003207"/>
</kw>
<kw name="Sleep" owner="BuiltIn">
<msg time="2026-08-27T17:29:21.604944" level="INFO">Slept 800 milliseconds.</msg>
<arg>0.8s</arg>
<doc>Pauses the test executed for the given time.</doc>
<status status="PASS" start="2026-08-27T17:29:20.804161" elapsed="0.800923"/>
</kw>
<status status="PASS" start="2026-08-27T17:29:20.785893" elapsed="0.819271"/>
</branch>
<status status="PASS" start="2026-08-27T17:29:20.785874" elapsed="0.819338"/>
</if>
<arg>${form}</arg>
<doc>Turn the column filter row ON (idempotent). Clicks the hover-revealed toggle
manageObject:form:T:tfo in the content frame via JS, then waits for the filter-row AJAX to settle.</doc>
<status status="PASS" start="2026-08-27T17:29:20.778209" elapsed="0.827057"/>
</kw>
<variable name="${f}">
<msg time="2026-08-27T17:29:21.605642" level="INFO">${f} = manageObject:form:T:sfilter0_ft_filter</msg>
<var>${form}:T:sfilter${col}_ft_filter</var>
<status status="PASS" start="2026-08-27T17:29:21.605320" elapsed="0.000367"/>
</variable>
<kw name="Wait For Elements State" owner="Browser">
<msg time="2026-08-27T17:29:21.611888" level="INFO">Waited for Element with selector css=[id="manageObject:form:T:sfilter0_ft_filter"] at state visible</msg>
<arg>css=[id="${f}"]</arg>
<arg>visible</arg>
<arg>timeout=10s</arg>
<tag>PageContent</tag>
<tag>Wait</tag>
<doc>Waits for the element found by ``selector`` to satisfy state option.</doc>
<status status="PASS" start="2026-08-27T17:29:21.605868" elapsed="0.006182"/>
</kw>
<kw name="Click" owner="Browser">
<msg time="2026-08-27T17:29:21.612806" level="INFO">Clicks the element 'css=[id="manageObject:form:T:sfilter0_ft_filter"]'.</msg>
<arg>css=[id="${f}"]</arg>
<tag>PageContent</tag>
<tag>Setter</tag>
<doc>Simulates mouse click on the element found by ``selector``.</doc>
<status status="PASS" start="2026-08-27T17:29:21.612254" elapsed="0.030676"/>
</kw>
<kw name="Type Text" owner="Browser">
<msg time="2026-08-27T17:29:21.643809" level="INFO">Types the text 'AUTOTEST_CHS' in the given field.</msg>
<arg>css=[id="${f}"]</arg>
<arg>${value}</arg>
<arg>clear=Yes</arg>
<tag>PageContent</tag>
<tag>Setter</tag>
<doc>Types the given ``txt`` into the text field found by ``selector``.</doc>
<status status="PASS" start="2026-08-27T17:29:21.643198" elapsed="0.033585"/>
</kw>
<kw name="Keyboard Key" owner="Browser">
<arg>press</arg>
<arg>Enter</arg>
<tag>PageContent</tag>
<tag>Setter</tag>
<doc>Press a keyboard key on the virtual keyboard or set a key up or down.</doc>
<status status="PASS" start="2026-08-27T17:29:21.677044" elapsed="0.008846"/>
</kw>
<kw name="Wait For Load State" owner="Browser">
<msg time="2026-08-27T17:29:21.686970" level="INFO">Waiting page load to state to receive networkidle in 15000.0</msg>
<msg time="2026-08-27T17:29:21.689564" level="INFO">Load state networkidle got in 15000</msg>
<arg>networkidle</arg>
<arg>timeout=15s</arg>
<tag>PageContent</tag>
<tag>Wait</tag>
<doc>Waits that the page reaches the required load state.</doc>
<status status="PASS" start="2026-08-27T17:29:21.686216" elapsed="0.003511"/>
</kw>
<kw name="Sleep" owner="BuiltIn">
<msg time="2026-08-27T17:29:22.690931" level="INFO">Slept 1 second.</msg>
<arg>1s</arg>
<doc>Pauses the test executed for the given time.</doc>
<status status="PASS" start="2026-08-27T17:29:21.689941" elapsed="1.001092"/>
</kw>
<arg>${form}</arg>
<arg>0</arg>
<arg>${code}</arg>
<doc>With filtering ON, type ${value} into the text filter of column ${col} (0-based,
left-to-right) and submit with Enter. EC does a partial "contains" match and narrows the grid.</doc>
<status status="PASS" start="2026-08-27T17:29:20.777592" elapsed="1.913527"/>
</kw>
<kw name="Grid Data Row Count" owner="grid_menu">
<kw name="Evaluate JavaScript" owner="Browser">
<msg time="2026-08-27T17:29:22.700219" level="INFO">JavaScript executed successfully.</msg>
<msg time="2026-08-27T17:29:22.700428" level="INFO">${n} = 0</msg>
<var>${n}</var>
<arg>css=[id="${form}:T_data"]</arg>
<arg>(el) =&gt; el.querySelectorAll('tr[data-ri]').length</arg>
<tag>Getter</tag>
<tag>PageContent</tag>
<tag>Setter</tag>
<doc>Executes given javascript on the selected element(s) or on page.</doc>
<status status="PASS" start="2026-08-27T17:29:22.691639" elapsed="0.008811"/>
</kw>
<return>
<value>${n}</value>
<status status="PASS" start="2026-08-27T17:29:22.700536" elapsed="0.000147"/>
</return>
<msg time="2026-08-27T17:29:22.700798" level="INFO">${n} = 0</msg>
<var>${n}</var>
<arg>${form}</arg>
<doc>Count the real data rows in the grid body (manageObject:form:T_data) - the live result count
after filtering. Counts by the PrimeFaces row-index attribute (tr[data-ri]) so it works on grids
whose cells are input fields (where tr.textContent is empty); the "no records" message row has no
data-ri and is excluded. Anchored in the content frame.</doc>
<status status="PASS" start="2026-08-27T17:29:22.691351" elapsed="0.009462"/>
</kw>
<kw name="Clear Grid Text Column Filter" owner="grid_menu">
<variable name="${f}">
<msg time="2026-08-27T17:29:22.702382" level="INFO">${f} = manageObject:form:T:sfilter0_ft_filter</msg>
<var>${form}:T:sfilter${col}_ft_filter</var>
<status status="PASS" start="2026-08-27T17:29:22.702274" elapsed="0.000126"/>
</variable>
<kw name="Click" owner="Browser">
<msg time="2026-08-27T17:29:22.702837" level="INFO">Clicks the element 'css=[id="manageObject:form:T:sfilter0_ft_filter"]'.</msg>
<arg>css=[id="${f}"]</arg>
<tag>PageContent</tag>
<tag>Setter</tag>
<doc>Simulates mouse click on the element found by ``selector``.</doc>
<status status="PASS" start="2026-08-27T17:29:22.702499" elapsed="0.024644"/>
</kw>
<kw name="Keyboard Key" owner="Browser">
<arg>press</arg>
<arg>Control+A</arg>
<tag>PageContent</tag>
<tag>Setter</tag>
<doc>Press a keyboard key on the virtual keyboard or set a key up or down.</doc>
<status status="PASS" start="2026-08-27T17:29:22.727362" elapsed="0.005631"/>
</kw>
<kw name="Keyboard Key" owner="Browser">
<arg>press</arg>
<arg>Delete</arg>
<tag>PageContent</tag>
<tag>Setter</tag>
<doc>Press a keyboard key on the virtual keyboard or set a key up or down.</doc>
<status status="PASS" start="2026-08-27T17:29:22.733208" elapsed="0.004473"/>
</kw>
<kw name="Keyboard Key" owner="Browser">
<arg>press</arg>
<arg>Enter</arg>
<tag>PageContent</tag>
<tag>Setter</tag>
<doc>Press a keyboard key on the virtual keyboard or set a key up or down.</doc>
<status status="PASS" start="2026-08-27T17:29:22.737916" elapsed="0.006442"/>
</kw>
<kw name="Wait For Load State" owner="Browser">
<msg time="2026-08-27T17:29:22.745288" level="INFO">Waiting page load to state to receive networkidle in 15000.0</msg>
<msg time="2026-08-27T17:29:22.747436" level="INFO">Load state networkidle got in 15000</msg>
<arg>networkidle</arg>
<arg>timeout=15s</arg>
<tag>PageContent</tag>
<tag>Wait</tag>
<doc>Waits that the page reaches the required load state.</doc>
<status status="PASS" start="2026-08-27T17:29:22.744610" elapsed="0.002974"/>
</kw>
<kw name="Sleep" owner="BuiltIn">
<msg time="2026-08-27T17:29:23.748722" level="INFO">Slept 1 second.</msg>
<arg>1s</arg>
<doc>Pauses the test executed for the given time.</doc>
<status status="PASS" start="2026-08-27T17:29:22.747783" elapsed="1.001065"/>
</kw>
<arg>${form}</arg>
<arg>0</arg>
<doc>Clear the text filter on column ${col} (select-all + Delete + Enter) and let the grid
refresh back to the unfiltered (or other-column-filtered) set.</doc>
<status status="PASS" start="2026-08-27T17:29:22.702067" elapsed="1.046875"/>
</kw>
<kw name="Should Be Equal" owner="BuiltIn">
<arg>${n}</arg>
<arg>${0}</arg>
<arg>msg=Row ${code} should NOT exist in ${table_id}</arg>
<doc>Fails if the given objects are unequal.</doc>
<status status="PASS" start="2026-08-27T17:29:23.749101" elapsed="0.001081"/>
</kw>
<status status="PASS" start="2026-08-27T17:29:20.774456" elapsed="2.975761"/>
</branch>
<branch type="ELSE">
<kw name="Row Should Not Exist" owner="table">
<arg>${table_id}</arg>
<arg>${code}</arg>
<doc>Assert a row with AUTOTEST_CHS is absent.</doc>
<status status="NOT RUN" start="2026-08-27T17:29:23.750444" elapsed="0.000045"/>
</kw>
<status status="NOT RUN" start="2026-08-27T17:29:23.750255" elapsed="0.000260"/>
</branch>
<status status="PASS" start="2026-08-27T17:29:20.774428" elapsed="2.976105"/>
</if>
<arg>${table_id}</arg>
<arg>${code}</arg>
<doc>Assert a row with AUTOTEST_CHS is absent from manageObject:form:T_data - across the WHOLE
dataset when this grid supports filtering, not just the current page (2026-08-22
standardisation, generalised from Account's one-off page-walk fix). Unlike OV Row
Should Exist, this does NOT try the current page first: a current-page-only absence
check is unsound on ANY grid, not just a large one - a stale leftover row could sit
on a later page while page 1 looks clean regardless of grid size. Falls back to the
original raw current-page-only check only when this grid has no filter toggle at all
(an older/non-filtering grid keeps its exact prior behavior - nothing to filter,
nothing lost).</doc>
<status status="PASS" start="2026-08-27T17:29:20.767180" elapsed="2.983385"/>
</kw>
<kw name="Capture Step" owner="utils">
<if>
<branch type="IF" condition="${CAPTURE_SCREENSHOTS}">
<kw name="Take Screenshot" owner="Browser">
<msg time="2026-08-27T17:29:23.812293" level="INFO" html="true">&lt;/td&gt;&lt;/tr&gt;&lt;tr&gt;&lt;td colspan="3"&gt;&lt;a href="TC01%20Verify%20Clean%20State_verify.png" target="_blank"&gt;&lt;img src="TC01%20Verify%20Clean%20State_verify.png" width="800px"/&gt;&lt;/a&gt;</msg>
<arg>filename=${OUTPUT_DIR}/${label}</arg>
<tag>PageContent</tag>
<doc>Takes a screenshot of the current window or element and saves it to disk.</doc>
<status status="PASS" start="2026-08-27T17:29:23.750976" elapsed="0.061505"/>
</kw>
<status status="PASS" start="2026-08-27T17:29:23.750867" elapsed="0.061716"/>
</branch>
<status status="PASS" start="2026-08-27T17:29:23.750854" elapsed="0.061792"/>
</if>
<arg>${TEST NAME}_verify</arg>
<doc>Take a screenshot into the output dir with a step label - unless
True (environment.py, EC_CAPTURE_SCREENSHOTS env var) is OFF, in
which case this is a no-op (owner-requested 2026-08-18, so a fast run can skip
per-step evidence capture entirely).</doc>
<status status="PASS" start="2026-08-27T17:29:23.750697" elapsed="0.062049"/>
</kw>
<arg>${TBL}</arg>
<arg>${code}</arg>
<doc>Assert AUTOTEST_CHS is absent from the grid (${table_id}), then capture the
verify evidence screenshot - the shared core of every screen's "Verify &lt;Screen&gt;
Record Does Not Exist" (TC01 clean-state) keyword (added 2026-08-22, same
consolidation goal as Verify Object Insert Exists/Form Record/Found above).</doc>
<status status="PASS" start="2026-08-27T17:29:20.766540" elapsed="3.046290"/>
</kw>
<doc>Friendly-narrative wrapper around the TC01 clean-state check, called with
ZERO arguments (defaults ${code} to the suite's AUTOTEST_CHS). PURE SCREEN verification
(grid-only check) - delegates to the shared T2 Verify Object Does Not Exist.</doc>
<status status="PASS" start="2026-08-27T17:29:20.764460" elapsed="3.048447"/>
</kw>
<kw name="Logout From EC Application" owner="browser">
<kw name="Click" owner="Browser">
<msg time="2026-08-27T17:29:23.814251" level="INFO">Clicks the element 'xpath=//span[contains(@class,'ui-icon-top-logout')]/ancestor::a[1]'.</msg>
<arg>xpath=//span[contains(@class,'ui-icon-top-logout')]/ancestor::a[1]</arg>
<tag>PageContent</tag>
<tag>Setter</tag>
<doc>Simulates mouse click on the element found by ``selector``.</doc>
<status status="PASS" start="2026-08-27T17:29:23.813691" elapsed="0.047133"/>
</kw>
<kw name="Wait For Elements State" owner="Browser">
<msg time="2026-08-27T17:29:24.094617" level="INFO">Waited for Element with selector css=[id="username"] at state visible</msg>
<arg>css=[id="username"]</arg>
<arg>visible</arg>
<arg>timeout=15s</arg>
<tag>PageContent</tag>
<tag>Wait</tag>
<doc>Waits for the element found by ``selector`` to satisfy state option.</doc>
<status status="PASS" start="2026-08-27T17:29:23.861043" elapsed="0.233733"/>
</kw>
<if>
<branch type="IF" condition="${CAPTURE_SCREENSHOTS}">
<kw name="Take Screenshot" owner="Browser">
<msg time="2026-08-27T17:29:24.153886" level="INFO" html="true">&lt;/td&gt;&lt;/tr&gt;&lt;tr&gt;&lt;td colspan="3"&gt;&lt;a href="TC01%20Verify%20Clean%20State_logout.png" target="_blank"&gt;&lt;img src="TC01%20Verify%20Clean%20State_logout.png" width="800px"/&gt;&lt;/a&gt;</msg>
<arg>filename=${OUTPUT_DIR}/${TEST NAME}_logout</arg>
<tag>PageContent</tag>
<doc>Takes a screenshot of the current window or element and saves it to disk.</doc>
<status status="PASS" start="2026-08-27T17:29:24.095238" elapsed="0.058780"/>
</kw>
<status status="PASS" start="2026-08-27T17:29:24.094953" elapsed="0.059130"/>
</branch>
<status status="PASS" start="2026-08-27T17:29:24.094929" elapsed="0.059193"/>
</if>
<doc>Click EC's real logout icon (top toolbar, next to the username) and confirm
it genuinely returns to the login page - not just closing the browser tab. Live-verified
2026-08-18 both from the landing page and from inside a loaded screen (e.g. Bank, after
Expand Screen To Full Page hides the treeview): clicking it triggers a PrimeFaces AJAX
logout and redirects to the Keycloak login page (#username field re-appears).
Screenshot capture is INLINED here (not a call to utils.resource's Capture Step) so
this T1 file has no dependency on another T1 file - a suite importing browser.resource
alone still works (R21 review note, 2026-08-18: the prior version would have hit
keyword-not-found on Logout for such a suite, even though none currently does this).</doc>
<status status="PASS" start="2026-08-27T17:29:23.813206" elapsed="0.340958"/>
</kw>
<kw name="Ensure Logged Out From EC Application" owner="browser" type="TEARDOWN">
<kw name="Get Element Count" owner="Browser">
<msg time="2026-08-27T17:29:24.157329" level="INFO">${already_at_login} = 1</msg>
<var>${already_at_login}</var>
<arg>css=[id="username"]:visible</arg>
<tag>Assertion</tag>
<tag>Getter</tag>
<tag>PageContent</tag>
<doc>Returns the count of elements found with ``selector``.</doc>
<status status="PASS" start="2026-08-27T17:29:24.154690" elapsed="0.002674"/>
</kw>
<if>
<branch type="IF" condition="${already_at_login} == 0">
<kw name="Get Element Count" owner="Browser">
<var>${logout_icon_present}</var>
<arg>css=.ui-icon-top-logout</arg>
<tag>Assertion</tag>
<tag>Getter</tag>
<tag>PageContent</tag>
<doc>Returns the count of elements found with ``selector``.</doc>
<status status="NOT RUN" start="2026-08-27T17:29:24.157646" elapsed="0.000049"/>
</kw>
<if>
<branch type="IF" condition="${logout_icon_present} &gt; 0">
<kw name="Logout From EC Application" owner="browser">
<doc>Click EC's real logout icon (top toolbar, next to the username) and confirm
it genuinely returns to the login page - not just closing the browser tab. Live-verified
2026-08-18 both from the landing page and from inside a loaded screen (e.g. Bank, after
Expand Screen To Full Page hides the treeview): clicking it triggers a PrimeFaces AJAX
logout and redirects to the Keycloak login page (#username field re-appears).
Screenshot capture is INLINED here (not a call to utils.resource's Capture Step) so
this T1 file has no dependency on another T1 file - a suite importing browser.resource
alone still works (R21 review note, 2026-08-18: the prior version would have hit
keyword-not-found on Logout for such a suite, even though none currently does this).</doc>
<status status="NOT RUN" start="2026-08-27T17:29:24.157879" elapsed="0.000037"/>
</kw>
<status status="NOT RUN" start="2026-08-27T17:29:24.157745" elapsed="0.000197"/>
</branch>
<status status="NOT RUN" start="2026-08-27T17:29:24.157736" elapsed="0.000227"/>
</if>
<status status="NOT RUN" start="2026-08-27T17:29:24.157449" elapsed="0.000526"/>
</branch>
<status status="PASS" start="2026-08-27T17:29:24.157432" elapsed="0.000559"/>
</if>
<doc>Test Teardown safety net (owner discovered this gap live, 2026-08-18): if a
test case FAILS before reaching its own Logout From EC Application line, the browser is
left logged in - the NEXT test's Login To EC Application then times out trying to fill</doc>
<status status="PASS" start="2026-08-27T17:29:24.154434" elapsed="0.003583"/>
</kw>
<tag>chemical-stream</tag>
<tag>iud</tag>
<status status="PASS" start="2026-08-27T17:29:09.558141" elapsed="14.599907"/>
</test>
<test id="s1-t2" name="TC02 Insert Chemical Stream Data" line="46">
<kw name="Login To EC Application" owner="chemical_stream_page">
<kw name="Login To EC Screen" owner="common">
<kw name="Fill EC Login Form" owner="browser">
<kw name="Fill Text" owner="Browser">
<msg time="2026-08-27T17:29:24.167026" level="INFO">Fills the text 'sysadmin' in the given field.</msg>
<arg>css=[id="username"]</arg>
<arg>${user}</arg>
<tag>PageContent</tag>
<tag>Setter</tag>
<doc>Clears and fills the given ``txt`` into the text field found by ``selector``.</doc>
<status status="PASS" start="2026-08-27T17:29:24.166703" elapsed="0.004921"/>
</kw>
<kw name="Fill Text" owner="Browser">
<msg time="2026-08-27T17:29:24.172265" level="INFO">Fills the text 'sysadmin' in the given field.</msg>
<arg>css=[id="password"]</arg>
<arg>${pass}</arg>
<tag>PageContent</tag>
<tag>Setter</tag>
<doc>Clears and fills the given ``txt`` into the text field found by ``selector``.</doc>
<status status="PASS" start="2026-08-27T17:29:24.171830" elapsed="0.004972"/>
</kw>
<kw name="Click" owner="Browser">
<msg time="2026-08-27T17:29:24.177390" level="INFO">Clicks the element 'css=[id="kc-login"]'.</msg>
<arg>css=[id="kc-login"]</arg>
<tag>PageContent</tag>
<tag>Setter</tag>
<doc>Simulates mouse click on the element found by ``selector``.</doc>
<status status="PASS" start="2026-08-27T17:29:24.177016" elapsed="0.105497"/>
</kw>
<kw name="Wait For Elements State" owner="Browser">
<msg time="2026-08-27T17:29:24.414014" level="INFO">Waited for Element with selector css=[id="menu:searchForm:searchTxt"] at state visible</msg>
<arg>css=[id="menu:searchForm:searchTxt"]</arg>
<arg>visible</arg>
<arg>timeout=60s</arg>
<tag>PageContent</tag>
<tag>Wait</tag>
<doc>Waits for the element found by ``selector`` to satisfy state option.</doc>
<status status="PASS" start="2026-08-27T17:29:24.282759" elapsed="0.131459"/>
</kw>
<kw name="Wait For Load State" owner="Browser">
<msg time="2026-08-27T17:29:24.415074" level="INFO">Waiting page load to state to receive networkidle in 30000.0</msg>
<msg time="2026-08-27T17:29:24.943217" level="INFO">Load state networkidle got in 30000</msg>
<arg>networkidle</arg>
<arg>timeout=30s</arg>
<tag>PageContent</tag>
<tag>Wait</tag>
<doc>Waits that the page reaches the required load state.</doc>
<status status="PASS" start="2026-08-27T17:29:24.414442" elapsed="0.528955"/>
</kw>
<arg>${user}</arg>
<arg>${pass}</arg>
<doc>The ACTUAL login mechanics (fill username, fill password, click login,
wait for the app to load) on the CURRENT page - the ONE place to update if EC's login
flow ever changes (a new SSO step, MFA, a renamed field id). Login To EC and Bank's own
Login To EC Application (bank_page.resource) both call this instead of duplicating the
steps, so a future flow change is a one-place edit (owner-requested 2026-08-18, after
Bank's wrapper was found to have copy-pasted this sequence instead of reusing it).</doc>
<status status="PASS" start="2026-08-27T17:29:24.166465" elapsed="0.777044"/>
</kw>
<kw name="Capture Step" owner="utils">
<if>
<branch type="IF" condition="${CAPTURE_SCREENSHOTS}">
<kw name="Take Screenshot" owner="Browser">
<msg time="2026-08-27T17:29:25.004721" level="INFO" html="true">&lt;/td&gt;&lt;/tr&gt;&lt;tr&gt;&lt;td colspan="3"&gt;&lt;a href="TC02%20Insert%20Chemical%20Stream%20Data_login.png" target="_blank"&gt;&lt;img src="TC02%20Insert%20Chemical%20Stream%20Data_login.png" width="800px"/&gt;&lt;/a&gt;</msg>
<arg>filename=${OUTPUT_DIR}/${label}</arg>
<tag>PageContent</tag>
<doc>Takes a screenshot of the current window or element and saves it to disk.</doc>
<status status="PASS" start="2026-08-27T17:29:24.944316" elapsed="0.060545"/>
</kw>
<status status="PASS" start="2026-08-27T17:29:24.944163" elapsed="0.060766"/>
</branch>
<status status="PASS" start="2026-08-27T17:29:24.944144" elapsed="0.060828"/>
</if>
<arg>${TEST NAME}_login</arg>
<doc>Take a screenshot into the output dir with a step label - unless
True (environment.py, EC_CAPTURE_SCREENSHOTS env var) is OFF, in
which case this is a no-op (owner-requested 2026-08-18, so a fast run can skip
per-step evidence capture entirely).</doc>
<status status="PASS" start="2026-08-27T17:29:24.943801" elapsed="0.061217"/>
</kw>
<arg>${CHEMICAL_STREAM_EC_USER}</arg>
<arg>${CHEMICAL_STREAM_EC_PASS}</arg>
<doc>Authenticate on the CURRENT page with ${user}/${pass}, then capture the
login evidence screenshot. Shared body for every screen's own zero-arg "Login To EC
Application" wrapper (bank_page.resource, object_list_page.resource, etc.) - each of
those only supplies its own screen-specific credential defaults and delegates the
actual mechanics here, since Bank's and Object List's wrappers were found to have
identical bodies (owner query 2026-08-21) differing only in which credential constants
were passed. Lives in common.resource (not browser.resource alone), which aggregates
utils.resource - browser.resource deliberately has no Capture Step dependency.</doc>
<status status="PASS" start="2026-08-27T17:29:24.166204" elapsed="0.838859"/>
</kw>
<doc>Authenticate as Chemical Stream's OWN credentials
(sysadmin/sysadmin from credentials.py) on the
current page - works whether this is the very first login (page freshly loaded on the
login form via the shared T1 Open EC Application) or a re-login after Logout From EC
Application (same login form, not a new page/tab).</doc>
<status status="PASS" start="2026-08-27T17:29:24.163576" elapsed="0.841529"/>
</kw>
<kw name="Open Chemical Stream Screen With Navigator Values Populated" owner="chemical_stream_page">
<kw name="Open EC Screen" owner="common">
<kw name="Navigate To Screen" owner="screen">
<kw name="Dismiss Unsaved Changes Dialog If Present" owner="screen">
<kw name="Get Element Count" owner="Browser">
<msg time="2026-08-27T17:29:25.010633" level="INFO">${present} = 0</msg>
<var>${present}</var>
<arg>css=[id="confirmationForm:confirmation_modal"]:visible</arg>
<tag>Assertion</tag>
<tag>Getter</tag>
<tag>PageContent</tag>
<doc>Returns the count of elements found with ``selector``.</doc>
<status status="PASS" start="2026-08-27T17:29:25.007441" elapsed="0.003228"/>
</kw>
<if>
<branch type="IF" condition="${present} &gt; 0">
<kw name="Log" owner="BuiltIn">
<arg>Unsaved-changes dialog detected - discarding via No to unblock navigation</arg>
<arg>level=WARN</arg>
<doc>Logs the given message with the given level.</doc>
<status status="NOT RUN" start="2026-08-27T17:29:25.010977" elapsed="0.000041"/>
</kw>
<kw name="Click" owner="Browser">
<arg>css=[id="confirmationForm:nobtn"]</arg>
<tag>PageContent</tag>
<tag>Setter</tag>
<doc>Simulates mouse click on the element found by ``selector``.</doc>
<status status="NOT RUN" start="2026-08-27T17:29:25.011088" elapsed="0.000034"/>
</kw>
<kw name="Wait For Load State" owner="Browser">
<arg>networkidle</arg>
<arg>timeout=10s</arg>
<tag>PageContent</tag>
<tag>Wait</tag>
<doc>Waits that the page reaches the required load state.</doc>
<status status="NOT RUN" start="2026-08-27T17:29:25.011187" elapsed="0.000031"/>
</kw>
<kw name="Sleep" owner="BuiltIn">
<arg>0.5s</arg>
<doc>Pauses the test executed for the given time.</doc>
<status status="NOT RUN" start="2026-08-27T17:29:25.011285" elapsed="0.000031"/>
</kw>
<status status="NOT RUN" start="2026-08-27T17:29:25.010763" elapsed="0.000574"/>
</branch>
<status status="PASS" start="2026-08-27T17:29:25.010744" elapsed="0.000617"/>
</if>
<doc>EC shows its own "UNSAVED CHANGES" Yes/No/Cancel confirm when navigating
away from a dirty New Object form. If an earlier step failed mid-fill (e.g. a
dependent-dropdown timeout), this dialog can be left open and its overlay mask
(#confirmationForm:confirmation_modal) then intercepts every click for the rest of
the run - the whole suite silently stalls behind it. Detect + discard via No, so a
single earlier failure can't cascade into the entire suite hanging.</doc>
<status status="PASS" start="2026-08-27T17:29:25.007282" elapsed="0.004111"/>
</kw>
<kw name="Restore Treeview If Hidden" owner="screen">
<kw name="Get Element Count" owner="Browser">
<msg time="2026-08-27T17:29:25.014305" level="INFO">${visible} = 1</msg>
<var>${visible}</var>
<arg>css=[id="menu:searchForm:searchTxt"]:visible</arg>
<tag>Assertion</tag>
<tag>Getter</tag>
<tag>PageContent</tag>
<doc>Returns the count of elements found with ``selector``.</doc>
<status status="PASS" start="2026-08-27T17:29:25.011684" elapsed="0.002656"/>
</kw>
<if>
<branch type="IF" condition="${visible} == 0">
<kw name="Get Element Count" owner="Browser">
<var>${toggle}</var>
<arg>css=[id="screenToolbar:form:minmaxMenu"]:visible</arg>
<tag>Assertion</tag>
<tag>Getter</tag>
<tag>PageContent</tag>
[...]
<tag>Getter</tag>
<tag>PageContent</tag>
<tag>Setter</tag>
<doc>Executes given javascript on the selected element(s) or on page.</doc>
<status status="NOT RUN" start="2026-08-27T17:30:47.162899" elapsed="0.000047"/>
</kw>
<kw name="Wait For Load State" owner="Browser">
<arg>networkidle</arg>
<arg>timeout=15s</arg>
<tag>PageContent</tag>
<tag>Wait</tag>
<doc>Waits that the page reaches the required load state.</doc>
<status status="NOT RUN" start="2026-08-27T17:30:47.163034" elapsed="0.000043"/>
</kw>
<kw name="Sleep" owner="BuiltIn">
<arg>0.8s</arg>
<doc>Pauses the test executed for the given time.</doc>
<status status="NOT RUN" start="2026-08-27T17:30:47.163221" elapsed="0.000082"/>
</kw>
<status status="NOT RUN" start="2026-08-27T17:30:47.162707" elapsed="0.000634"/>
</branch>
<status status="PASS" start="2026-08-27T17:30:47.162691" elapsed="0.000680"/>
</if>
<arg>${form}</arg>
<doc>Turn the column filter row ON (idempotent). Clicks the hover-revealed toggle
manageObject:form:T:tfo in the content frame via JS, then waits for the filter-row AJAX to settle.</doc>
<status status="PASS" start="2026-08-27T17:30:47.157328" elapsed="0.006083"/>
</kw>
<variable name="${f}">
<msg time="2026-08-27T17:30:47.163591" level="INFO">${f} = manageObject:form:T:sfilter0_ft_filter</msg>
<var>${form}:T:sfilter${col}_ft_filter</var>
<status status="PASS" start="2026-08-27T17:30:47.163453" elapsed="0.000158"/>
</variable>
<kw name="Wait For Elements State" owner="Browser">
<msg time="2026-08-27T17:30:47.168569" level="INFO">Waited for Element with selector css=[id="manageObject:form:T:sfilter0_ft_filter"] at state visible</msg>
<arg>css=[id="${f}"]</arg>
<arg>visible</arg>
<arg>timeout=10s</arg>
<tag>PageContent</tag>
<tag>Wait</tag>
<doc>Waits for the element found by ``selector`` to satisfy state option.</doc>
<status status="PASS" start="2026-08-27T17:30:47.163703" elapsed="0.005026"/>
</kw>
<kw name="Click" owner="Browser">
<msg time="2026-08-27T17:30:47.169517" level="INFO">Clicks the element 'css=[id="manageObject:form:T:sfilter0_ft_filter"]'.</msg>
<arg>css=[id="${f}"]</arg>
<tag>PageContent</tag>
<tag>Setter</tag>
<doc>Simulates mouse click on the element found by ``selector``.</doc>
<status status="PASS" start="2026-08-27T17:30:47.168917" elapsed="0.018350"/>
</kw>
<kw name="Type Text" owner="Browser">
<msg time="2026-08-27T17:30:47.188005" level="INFO">Types the text 'AUTOTEST_CHS' in the given field.</msg>
<arg>css=[id="${f}"]</arg>
<arg>${value}</arg>
<arg>clear=Yes</arg>
<tag>PageContent</tag>
<tag>Setter</tag>
<doc>Types the given ``txt`` into the text field found by ``selector``.</doc>
<status status="PASS" start="2026-08-27T17:30:47.187466" elapsed="0.025821"/>
</kw>
<kw name="Keyboard Key" owner="Browser">
<arg>press</arg>
<arg>Enter</arg>
<tag>PageContent</tag>
<tag>Setter</tag>
<doc>Press a keyboard key on the virtual keyboard or set a key up or down.</doc>
<status status="PASS" start="2026-08-27T17:30:47.213526" elapsed="0.006473"/>
</kw>
<kw name="Wait For Load State" owner="Browser">
<msg time="2026-08-27T17:30:47.220869" level="INFO">Waiting page load to state to receive networkidle in 15000.0</msg>
<msg time="2026-08-27T17:30:47.222693" level="INFO">Load state networkidle got in 15000</msg>
<arg>networkidle</arg>
<arg>timeout=15s</arg>
<tag>PageContent</tag>
<tag>Wait</tag>
<doc>Waits that the page reaches the required load state.</doc>
<status status="PASS" start="2026-08-27T17:30:47.220245" elapsed="0.002570"/>
</kw>
<kw name="Sleep" owner="BuiltIn">
<msg time="2026-08-27T17:30:48.223573" level="INFO">Slept 1 second.</msg>
<arg>1s</arg>
<doc>Pauses the test executed for the given time.</doc>
<status status="PASS" start="2026-08-27T17:30:47.222991" elapsed="1.000687"/>
</kw>
<arg>${form}</arg>
<arg>0</arg>
<arg>${code}</arg>
<doc>With filtering ON, type ${value} into the text filter of column ${col} (0-based,
left-to-right) and submit with Enter. EC does a partial "contains" match and narrows the grid.</doc>
<status status="PASS" start="2026-08-27T17:30:47.156910" elapsed="1.066857"/>
</kw>
<kw name="Grid Data Row Count" owner="grid_menu">
<kw name="Evaluate JavaScript" owner="Browser">
<msg time="2026-08-27T17:30:48.235159" level="INFO">JavaScript executed successfully.</msg>
<msg time="2026-08-27T17:30:48.235389" level="INFO">${n} = 0</msg>
<var>${n}</var>
<arg>css=[id="${form}:T_data"]</arg>
<arg>(el) =&gt; el.querySelectorAll('tr[data-ri]').length</arg>
<tag>Getter</tag>
<tag>PageContent</tag>
<tag>Setter</tag>
<doc>Executes given javascript on the selected element(s) or on page.</doc>
<status status="PASS" start="2026-08-27T17:30:48.224344" elapsed="0.011070"/>
</kw>
<return>
<value>${n}</value>
<status status="PASS" start="2026-08-27T17:30:48.235531" elapsed="0.000139"/>
</return>
<msg time="2026-08-27T17:30:48.235810" level="INFO">${n} = 0</msg>
<var>${n}</var>
<arg>${form}</arg>
<doc>Count the real data rows in the grid body (manageObject:form:T_data) - the live result count
after filtering. Counts by the PrimeFaces row-index attribute (tr[data-ri]) so it works on grids
whose cells are input fields (where tr.textContent is empty); the "no records" message row has no
data-ri and is excluded. Anchored in the content frame.</doc>
<status status="PASS" start="2026-08-27T17:30:48.224029" elapsed="0.011799"/>
</kw>
<kw name="Clear Grid Text Column Filter" owner="grid_menu">
<variable name="${f}">
<msg time="2026-08-27T17:30:48.237835" level="INFO">${f} = manageObject:form:T:sfilter0_ft_filter</msg>
<var>${form}:T:sfilter${col}_ft_filter</var>
<status status="PASS" start="2026-08-27T17:30:48.237694" elapsed="0.000167"/>
</variable>
<kw name="Click" owner="Browser">
<msg time="2026-08-27T17:30:48.238417" level="INFO">Clicks the element 'css=[id="manageObject:form:T:sfilter0_ft_filter"]'.</msg>
<arg>css=[id="${f}"]</arg>
<tag>PageContent</tag>
<tag>Setter</tag>
<doc>Simulates mouse click on the element found by ``selector``.</doc>
<status status="PASS" start="2026-08-27T17:30:48.237999" elapsed="0.016891"/>
</kw>
<kw name="Keyboard Key" owner="Browser">
<arg>press</arg>
<arg>Control+A</arg>
<tag>PageContent</tag>
<tag>Setter</tag>
<doc>Press a keyboard key on the virtual keyboard or set a key up or down.</doc>
<status status="PASS" start="2026-08-27T17:30:48.255190" elapsed="0.005816"/>
</kw>
<kw name="Keyboard Key" owner="Browser">
<arg>press</arg>
<arg>Delete</arg>
<tag>PageContent</tag>
<tag>Setter</tag>
<doc>Press a keyboard key on the virtual keyboard or set a key up or down.</doc>
<status status="PASS" start="2026-08-27T17:30:48.261219" elapsed="0.004788"/>
</kw>
<kw name="Keyboard Key" owner="Browser">
<arg>press</arg>
<arg>Enter</arg>
<tag>PageContent</tag>
<tag>Setter</tag>
<doc>Press a keyboard key on the virtual keyboard or set a key up or down.</doc>
<status status="PASS" start="2026-08-27T17:30:48.266199" elapsed="0.006520"/>
</kw>
<kw name="Wait For Load State" owner="Browser">
<msg time="2026-08-27T17:30:48.273616" level="INFO">Waiting page load to state to receive networkidle in 15000.0</msg>
<msg time="2026-08-27T17:30:48.275486" level="INFO">Load state networkidle got in 15000</msg>
<arg>networkidle</arg>
<arg>timeout=15s</arg>
<tag>PageContent</tag>
<tag>Wait</tag>
<doc>Waits that the page reaches the required load state.</doc>
<status status="PASS" start="2026-08-27T17:30:48.272979" elapsed="0.002621"/>
</kw>
<kw name="Sleep" owner="BuiltIn">
<msg time="2026-08-27T17:30:49.276552" level="INFO">Slept 1 second.</msg>
<arg>1s</arg>
<doc>Pauses the test executed for the given time.</doc>
<status status="PASS" start="2026-08-27T17:30:48.275778" elapsed="1.000874"/>
</kw>
<arg>${form}</arg>
<arg>0</arg>
<doc>Clear the text filter on column ${col} (select-all + Delete + Enter) and let the grid
refresh back to the unfiltered (or other-column-filtered) set.</doc>
<status status="PASS" start="2026-08-27T17:30:48.237369" elapsed="1.039375"/>
</kw>
<kw name="Should Be Equal" owner="BuiltIn">
<arg>${n}</arg>
<arg>${0}</arg>
<arg>msg=Row ${code} should NOT exist in ${table_id}</arg>
<doc>Fails if the given objects are unequal.</doc>
<status status="PASS" start="2026-08-27T17:30:49.276892" elapsed="0.001009"/>
</kw>
<status status="PASS" start="2026-08-27T17:30:47.153941" elapsed="2.124006"/>
</branch>
<branch type="ELSE">
<kw name="Row Should Not Exist" owner="table">
<arg>${table_id}</arg>
<arg>${code}</arg>
<doc>Assert a row with AUTOTEST_CHS is absent.</doc>
<status status="NOT RUN" start="2026-08-27T17:30:49.278174" elapsed="0.000046"/>
</kw>
<status status="NOT RUN" start="2026-08-27T17:30:49.277985" elapsed="0.000262"/>
</branch>
<status status="PASS" start="2026-08-27T17:30:47.153921" elapsed="2.124345"/>
</if>
<arg>${table_id}</arg>
<arg>${code}</arg>
<doc>Assert a row with AUTOTEST_CHS is absent from manageObject:form:T_data - across the WHOLE
dataset when this grid supports filtering, not just the current page (2026-08-22
standardisation, generalised from Account's one-off page-walk fix). Unlike OV Row
Should Exist, this does NOT try the current page first: a current-page-only absence
check is unsound on ANY grid, not just a large one - a stale leftover row could sit
on a later page while page 1 looks clean regardless of grid size. Falls back to the
original raw current-page-only check only when this grid has no filter toggle at all
(an older/non-filtering grid keeps its exact prior behavior - nothing to filter,
nothing lost).</doc>
<status status="PASS" start="2026-08-27T17:30:47.148100" elapsed="2.130201"/>
</kw>
<kw name="Code Should Be Absent In View" owner="DbVerify">
<arg>${db_view}</arg>
<arg>${code}</arg>
<doc>Fail if ``code`` appears in any string column of ``view`` (DB ground truth).</doc>
<status status="PASS" start="2026-08-27T17:30:49.278375" elapsed="0.183498"/>
</kw>
<arg>${TBL}</arg>
<arg>OV_CHEM_STREAM</arg>
<arg>${code}</arg>
<doc>Assert AUTOTEST_CHS is absent from BOTH the grid (${table_id}) and the
database (${db_view}) - the shared core of every screen's "Verify &lt;Screen&gt; Record
Removed" keyword (added 2026-08-22). Caller adds its own Capture Step - screenshot
naming stays screen-aware, not pulled in here.</doc>
<status status="PASS" start="2026-08-27T17:30:47.147663" elapsed="2.314347"/>
</kw>
<kw name="Capture Step" owner="utils">
<if>
<branch type="IF" condition="${CAPTURE_SCREENSHOTS}">
<kw name="Take Screenshot" owner="Browser">
<msg time="2026-08-27T17:30:49.521476" level="INFO" html="true">&lt;/td&gt;&lt;/tr&gt;&lt;tr&gt;&lt;td colspan="3"&gt;&lt;a href="TC05%20Delete%20Chemical%20Stream%20Data_verify.png" target="_blank"&gt;&lt;img src="TC05%20Delete%20Chemical%20Stream%20Data_verify.png" width="800px"/&gt;&lt;/a&gt;</msg>
<arg>filename=${OUTPUT_DIR}/${label}</arg>
<tag>PageContent</tag>
<doc>Takes a screenshot of the current window or element and saves it to disk.</doc>
<status status="PASS" start="2026-08-27T17:30:49.462994" elapsed="0.058645"/>
</kw>
<status status="PASS" start="2026-08-27T17:30:49.462738" elapsed="0.058976"/>
</branch>
<status status="PASS" start="2026-08-27T17:30:49.462706" elapsed="0.059054"/>
</if>
<arg>${TEST NAME}_verify</arg>
<doc>Take a screenshot into the output dir with a step label - unless
True (environment.py, EC_CAPTURE_SCREENSHOTS env var) is OFF, in
which case this is a no-op (owner-requested 2026-08-18, so a fast run can skip
per-step evidence capture entirely).</doc>
<status status="PASS" start="2026-08-27T17:30:49.462326" elapsed="0.059491"/>
</kw>
<doc>Friendly-narrative wrapper around the TC05 verification, called with ZERO
arguments (defaults ${code} to the suite's AUTOTEST_CHS): confirms ${code} is absent
from BOTH the grid AND the database (OV_CHEM_STREAM) - the DB check lives here, in the
shared T2 Verify Object Removed, NOT as a separate screen-local wrapper keyword (that
pattern was removed by this conversion - see Documentation above).</doc>
<status status="PASS" start="2026-08-27T17:30:47.144443" elapsed="2.377426"/>
</kw>
<kw name="Logout From EC Application" owner="browser">
<kw name="Click" owner="Browser">
<msg time="2026-08-27T17:30:49.522970" level="INFO">Clicks the element 'xpath=//span[contains(@class,'ui-icon-top-logout')]/ancestor::a[1]'.</msg>
<arg>xpath=//span[contains(@class,'ui-icon-top-logout')]/ancestor::a[1]</arg>
<tag>PageContent</tag>
<tag>Setter</tag>
<doc>Simulates mouse click on the element found by ``selector``.</doc>
<status status="PASS" start="2026-08-27T17:30:49.522496" elapsed="0.035628"/>
</kw>
<kw name="Wait For Elements State" owner="Browser">
<msg time="2026-08-27T17:30:49.676899" level="INFO">Waited for Element with selector css=[id="username"] at state visible</msg>
<arg>css=[id="username"]</arg>
<arg>visible</arg>
<arg>timeout=15s</arg>
<tag>PageContent</tag>
<tag>Wait</tag>
<doc>Waits for the element found by ``selector`` to satisfy state option.</doc>
<status status="PASS" start="2026-08-27T17:30:49.558392" elapsed="0.118688"/>
</kw>
<if>
<branch type="IF" condition="${CAPTURE_SCREENSHOTS}">
<kw name="Take Screenshot" owner="Browser">
<msg time="2026-08-27T17:30:49.735099" level="INFO" html="true">&lt;/td&gt;&lt;/tr&gt;&lt;tr&gt;&lt;td colspan="3"&gt;&lt;a href="TC05%20Delete%20Chemical%20Stream%20Data_logout.png" target="_blank"&gt;&lt;img src="TC05%20Delete%20Chemical%20Stream%20Data_logout.png" width="800px"/&gt;&lt;/a&gt;</msg>
<arg>filename=${OUTPUT_DIR}/${TEST NAME}_logout</arg>
<tag>PageContent</tag>
<doc>Takes a screenshot of the current window or element and saves it to disk.</doc>
<status status="PASS" start="2026-08-27T17:30:49.677542" elapsed="0.057724"/>
</kw>
<status status="PASS" start="2026-08-27T17:30:49.677224" elapsed="0.058109"/>
</branch>
<status status="PASS" start="2026-08-27T17:30:49.677196" elapsed="0.058176"/>
</if>
<doc>Click EC's real logout icon (top toolbar, next to the username) and confirm
it genuinely returns to the login page - not just closing the browser tab. Live-verified
2026-08-18 both from the landing page and from inside a loaded screen (e.g. Bank, after
Expand Screen To Full Page hides the treeview): clicking it triggers a PrimeFaces AJAX
logout and redirects to the Keycloak login page (#username field re-appears).
Screenshot capture is INLINED here (not a call to utils.resource's Capture Step) so
this T1 file has no dependency on another T1 file - a suite importing browser.resource
alone still works (R21 review note, 2026-08-18: the prior version would have hit
keyword-not-found on Logout for such a suite, even though none currently does this).</doc>
<status status="PASS" start="2026-08-27T17:30:49.522121" elapsed="0.213299"/>
</kw>
<kw name="Ensure Logged Out From EC Application" owner="browser" type="TEARDOWN">
<kw name="Get Element Count" owner="Browser">
<msg time="2026-08-27T17:30:49.739536" level="INFO">${already_at_login} = 1</msg>
<var>${already_at_login}</var>
<arg>css=[id="username"]:visible</arg>
<tag>Assertion</tag>
<tag>Getter</tag>
<tag>PageContent</tag>
<doc>Returns the count of elements found with ``selector``.</doc>
<status status="PASS" start="2026-08-27T17:30:49.736106" elapsed="0.003473"/>
</kw>
<if>
<branch type="IF" condition="${already_at_login} == 0">
<kw name="Get Element Count" owner="Browser">
<var>${logout_icon_present}</var>
<arg>css=.ui-icon-top-logout</arg>
<tag>Assertion</tag>
<tag>Getter</tag>
<tag>PageContent</tag>
<doc>Returns the count of elements found with ``selector``.</doc>
<status status="NOT RUN" start="2026-08-27T17:30:49.739956" elapsed="0.000048"/>
</kw>
<if>
<branch type="IF" condition="${logout_icon_present} &gt; 0">
<kw name="Logout From EC Application" owner="browser">
<doc>Click EC's real logout icon (top toolbar, next to the username) and confirm
it genuinely returns to the login page - not just closing the browser tab. Live-verified
2026-08-18 both from the landing page and from inside a loaded screen (e.g. Bank, after
Expand Screen To Full Page hides the treeview): clicking it triggers a PrimeFaces AJAX
logout and redirects to the Keycloak login page (#username field re-appears).
Screenshot capture is INLINED here (not a call to utils.resource's Capture Step) so
this T1 file has no dependency on another T1 file - a suite importing browser.resource
alone still works (R21 review note, 2026-08-18: the prior version would have hit
keyword-not-found on Logout for such a suite, even though none currently does this).</doc>
<status status="NOT RUN" start="2026-08-27T17:30:49.740224" elapsed="0.000055"/>
</kw>
<status status="NOT RUN" start="2026-08-27T17:30:49.740058" elapsed="0.000251"/>
</branch>
<status status="NOT RUN" start="2026-08-27T17:30:49.740048" elapsed="0.000286"/>
</if>
<status status="NOT RUN" start="2026-08-27T17:30:49.739688" elapsed="0.000661"/>
</branch>
<status status="PASS" start="2026-08-27T17:30:49.739666" elapsed="0.000702"/>
</if>
<doc>Test Teardown safety net (owner discovered this gap live, 2026-08-18): if a
test case FAILS before reaching its own Logout From EC Application line, the browser is
left logged in - the NEXT test's Login To EC Application then times out trying to fill</doc>
<status status="PASS" start="2026-08-27T17:30:49.735762" elapsed="0.004640"/>
</kw>
<tag>chemical-stream</tag>
<tag>iud</tag>
<status status="PASS" start="2026-08-27T17:30:29.122819" elapsed="20.617619"/>
</test>
<kw name="Close EC" owner="browser" type="TEARDOWN">
<kw name="Sleep" owner="BuiltIn">
<msg time="2026-08-27T17:30:49.745026" level="INFO">Slept 0 seconds.</msg>
<arg>${HOLD}</arg>
<doc>Pauses the test executed for the given time.</doc>
<status status="PASS" start="2026-08-27T17:30:49.744742" elapsed="0.000322"/>
</kw>
<kw name="Close Browser" owner="Browser">
<msg time="2026-08-27T17:30:49.808286" level="INFO">Closed browser</msg>
<tag>BrowserControl</tag>
<tag>Setter</tag>
<doc>Closes the current browser.</doc>
<status status="PASS" start="2026-08-27T17:30:49.745152" elapsed="0.063283"/>
</kw>
<doc>Optional hold then close the browser (Suite Teardown).</doc>
<status status="PASS" start="2026-08-27T17:30:49.744480" elapsed="0.064048"/>
</kw>
<doc>EC IUD Test - Chemical Stream (Configuration &gt; Assets &gt; Chemical_Objects).
OV-GM with a mandatory From Connection POPUP (stream_node_ref_popup: inner
Object Type CHEM_TANK + inner GO + grid manage_object_nav_nav:form:T_data -
screen-local picker, PRESERVED UNCHANGED by this conversion). The grid is
filtered by the mandatory 3-level Production Unit -&gt; Area -&gt; Facility Class 1
navigator cascade + GO. DELETE = End Date = Start Date (true delete in
OV_CHEM_STREAM). NEVER touch existing data.
Layered: this test -&gt; chemical_stream_page (T3) -&gt; manage_object (T2) +
common (T1).
Converted to the full Area-pattern 5-TC/per-TC-login/pure-screen-verify
STRUCTURE (owner standing rule 2026-08-26: any EC screen with a navigator
matching Area's layout MUST follow Area's FULL pattern) - Chemical Stream
remains OV-GM and still needs its genuine 3-level navigator cascade + GO and
its genuine mandatory From Connection popup; this is a structural conversion,
not a reclassification of the screen or a change to the popup mechanism.
Uses a FIXED test code (AUTOTEST_CHS) rather than a generated/timestamped
code - confirmed absent from OV_CHEM_STREAM (2026-08-26, fresh oracledb
connection) before this was wired in. Every run must complete TC05 (delete) so
the code is free for the next run.
EACH test case does its own real Login/Logout on ONE browser opened once in
Suite Setup - matches Area/Facility Class 1/Bank/Berth's own convention.</doc>
<status status="PASS" start="2026-08-27T17:29:05.205879" elapsed="104.602691"/>
</suite>
<statistics>
<total>
<stat pass="5" fail="0" skip="0">All Tests</stat>
</total>
<tag>
<stat pass="5" fail="0" skip="0">chemical-stream</stat>
<stat pass="5" fail="0" skip="0">iud</stat>
</tag>
<suite>
<stat name="Chemical Stream Iud" id="s1" pass="5" fail="0" skip="0">Chemical Stream Iud</stat>
</suite>
</statistics>
<errors>
</errors>
</robot>
