<?xml version="1.0" encoding="UTF-8"?>
<robot generator="Robot 7.4.2 (Python 3.14.3 on win32)" generated="2026-08-28T04:18:50.072880" rpa="false" schemaversion="5">
<suite id="s1" name="Reservoir Formation Iud" source="C:\tmp\wt-resformation-backfill\workstreams\master-plan\ec-automation\tests\Configuration\Assets\Well_and_Reservoir_Objects\reservoir_formation_iud.robot">
<kw name="Open EC Application" owner="browser" type="SETUP">
<kw name="Open EC Browser" owner="browser">
<if>
<branch type="IF" condition="${HEADLESS}">
<kw name="New Browser" owner="Browser">
<msg time="2026-08-28T04:18:50.676096" level="INFO">{"browser": "chromium", "headless": true, "chromiumSandbox": false, "devtools": false, "handleSIGHUP": true, "handleSIGINT": true, "handleSIGTERM": true, "slowMo": 0.0, "timeout": 30000.0, "tracesDir": "C:\\tmp\\wt-resformation-backfill\\workstreams\\master-plan\\ec-automation\\Workplaces\\reservoir-formation-backfill\\live\\browser\\traces\\temp\\ec0108b8-abec-49d3-a5db-726ec783b8dd"}</msg>
<msg time="2026-08-28T04:18:50.768972" level="INFO">Starting Browser process C:\Tools\Python\Python314\Lib\site-packages\Browser\wrapper\index.js using at 127.0.0.1:61228</msg>
<msg time="2026-08-28T04:18:52.932661" level="INFO">Successfully created browser with options: {"browser":"chromium","headless":true,"chromiumSandbox":false,"devtools":false,"handleSIGHUP":true,"handleSIGINT":true,"handleSIGTERM":true,"slowMo":0,"timeout":30000,"tracesDir":"C:\\tmp\\wt-resformation-backfill\\workstreams\\master-plan\\ec-automation\\Workplaces\\reservoir-formation-backfill\\live\\browser\\traces\\temp\\ec0108b8-abec-49d3-a5db-726ec783b8dd"}</msg>
<arg>chromium</arg>
<arg>headless=${TRUE}</arg>
<tag>BrowserControl</tag>
<tag>Setter</tag>
<doc>Create a new playwright Browser with specified options.</doc>
<status status="PASS" start="2026-08-28T04:18:50.675337" elapsed="2.257771"/>
</kw>
<kw name="New Context" owner="Browser">
<msg time="2026-08-28T04:18:52.943514" level="INFO">{
  "acceptDownloads": true,
  "bypassCSP": false,
  "forcedColors": "none",
  "ignoreHTTPSErrors": true,
  "javaScriptEnabled": true,
  "offline": false,
  "reducedMotion": "no-preference",
  "serviceWorkers": "allow",
  "viewport": {
    "width": 1920,
    "height": 1080
  }
}</msg>
<msg time="2026-08-28T04:18:52.958526" level="INFO">Successfully created context. </msg>
<msg time="2026-08-28T04:18:52.958690" level="INFO">{'acceptDownloads': True, 'bypassCSP': False, 'forcedColors': 'none', 'ignoreHTTPSErrors': True, 'javaScriptEnabled': True, 'offline': False, 'reducedMotion': 'no-preference', 'serviceWorkers': 'allow', 'viewport': {'width': 1920, 'height': 1080}}</msg>
<arg>ignoreHTTPSErrors=${TRUE}</arg>
<arg>viewport={'width': 1920, 'height': 1080}</arg>
<tag>BrowserControl</tag>
<tag>Setter</tag>
<doc>Create a new BrowserContext with specified options.</doc>
<status status="PASS" start="2026-08-28T04:18:52.933639" elapsed="0.025196"/>
</kw>
<status status="PASS" start="2026-08-28T04:18:50.674719" elapsed="2.284354"/>
</branch>
<branch type="ELSE">
<variable name="@{args}">
<var>--start-maximized</var>
<status status="NOT RUN" start="2026-08-28T04:18:52.959443" elapsed="0.000121"/>
</variable>
<kw name="New Browser" owner="Browser">
<arg>chromium</arg>
<arg>headless=${FALSE}</arg>
<arg>args=${args}</arg>
<arg>slowMo=${SLOWMO}</arg>
<tag>BrowserControl</tag>
<tag>Setter</tag>
<doc>Create a new playwright Browser with specified options.</doc>
<status status="NOT RUN" start="2026-08-28T04:18:52.959816" elapsed="0.000092"/>
</kw>
<kw name="New Context" owner="Browser">
<arg>ignoreHTTPSErrors=${TRUE}</arg>
<arg>viewport=${None}</arg>
<tag>BrowserControl</tag>
<tag>Setter</tag>
<doc>Create a new BrowserContext with specified options.</doc>
<status status="NOT RUN" start="2026-08-28T04:18:52.960506" elapsed="0.000546"/>
</kw>
<status status="NOT RUN" start="2026-08-28T04:18:52.959213" elapsed="0.001934"/>
</branch>
<status status="PASS" start="2026-08-28T04:18:50.674691" elapsed="2.286541"/>
</if>
<kw name="Set Browser Timeout" owner="Browser">
<arg>30s</arg>
<tag>Config</tag>
<tag>Setter</tag>
<doc>Sets the timeout used by most input and getter keywords.</doc>
<status status="PASS" start="2026-08-28T04:18:52.961458" elapsed="0.003728"/>
</kw>
<kw name="Set Strict Mode" owner="Browser">
<arg>False</arg>
<tag>BrowserControl</tag>
<tag>Setter</tag>
<doc>Controls library strict mode.</doc>
<status status="PASS" start="2026-08-28T04:18:52.965444" elapsed="0.000815"/>
</kw>
<doc>Launch Chromium + context (headless from environment).
Headed: OS-maximised window (--start-maximized, no fixed viewport) so the
page fills the screen. Headless: 1920x1080 virtual viewport as before.</doc>
<status status="PASS" start="2026-08-28T04:18:50.674390" elapsed="2.291991"/>
</kw>
<kw name="New Page" owner="Browser">
<msg time="2026-08-28T04:18:56.127945" level="INFO">Successfully initialized new page object and opened url: https://ap-f0a7g341jn6d.corp.quorumsoftware.com:8443/</msg>
<arg>${EC_URL}</arg>
<tag>BrowserControl</tag>
<tag>Setter</tag>
<doc>Open a new Page.</doc>
<status status="PASS" start="2026-08-28T04:18:52.966546" elapsed="3.161668"/>
</kw>
<doc>Launch the browser and load the EC login page - no credentials entered yet.
Pure one-time environment setup (Suite Setup), NOT a business action. Each test case
then does its own Login To EC Application (screen-specific, see that screen's T3 page
resource) / Logout From EC Application cycle on this one already-open browser.</doc>
<status status="PASS" start="2026-08-28T04:18:50.673921" elapsed="5.454475"/>
</kw>
<test id="s1-t1" name="TC01 Verify Clean State" line="34">
<kw name="Login To EC Application" owner="reservoir_formation_page">
<kw name="Login To EC Screen" owner="common">
<kw name="Fill EC Login Form" owner="browser">
<kw name="Fill Text" owner="Browser">
<msg time="2026-08-28T04:18:56.149647" level="INFO">Fills the text 'sysadmin' in the given field.</msg>
<arg>css=[id="username"]</arg>
<arg>${user}</arg>
<tag>PageContent</tag>
<tag>Setter</tag>
<doc>Clears and fills the given ``txt`` into the text field found by ``selector``.</doc>
<status status="PASS" start="2026-08-28T04:18:56.149087" elapsed="0.038220"/>
</kw>
<kw name="Fill Text" owner="Browser">
<msg time="2026-08-28T04:18:56.188383" level="INFO">Fills the text 'sysadmin' in the given field.</msg>
<arg>css=[id="password"]</arg>
<arg>${pass}</arg>
<tag>PageContent</tag>
<tag>Setter</tag>
<doc>Clears and fills the given ``txt`` into the text field found by ``selector``.</doc>
<status status="PASS" start="2026-08-28T04:18:56.187601" elapsed="0.011374"/>
</kw>
<kw name="Click" owner="Browser">
<msg time="2026-08-28T04:18:56.200309" level="INFO">Clicks the element 'css=[id="kc-login"]'.</msg>
<arg>css=[id="kc-login"]</arg>
<tag>PageContent</tag>
<tag>Setter</tag>
<doc>Simulates mouse click on the element found by ``selector``.</doc>
<status status="PASS" start="2026-08-28T04:18:56.199328" elapsed="0.138867"/>
</kw>
<kw name="Wait For Elements State" owner="Browser">
<msg time="2026-08-28T04:18:56.651811" level="INFO">Waited for Element with selector css=[id="menu:searchForm:searchTxt"] at state visible</msg>
<arg>css=[id="menu:searchForm:searchTxt"]</arg>
<arg>visible</arg>
<arg>timeout=60s</arg>
<tag>PageContent</tag>
<tag>Wait</tag>
<doc>Waits for the element found by ``selector`` to satisfy state option.</doc>
<status status="PASS" start="2026-08-28T04:18:56.338706" elapsed="0.313329"/>
</kw>
<kw name="Wait For Load State" owner="Browser">
<msg time="2026-08-28T04:18:56.653151" level="INFO">Waiting page load to state to receive networkidle in 30000.0</msg>
<msg time="2026-08-28T04:18:57.162979" level="INFO">Load state networkidle got in 30000</msg>
<arg>networkidle</arg>
<arg>timeout=30s</arg>
<tag>PageContent</tag>
<tag>Wait</tag>
<doc>Waits that the page reaches the required load state.</doc>
<status status="PASS" start="2026-08-28T04:18:56.652360" elapsed="0.510823"/>
</kw>
<arg>${user}</arg>
<arg>${pass}</arg>
<doc>The ACTUAL login mechanics (fill username, fill password, click login,
wait for the app to load) on the CURRENT page - the ONE place to update if EC's login
flow ever changes (a new SSO step, MFA, a renamed field id). Login To EC and Bank's own
Login To EC Application (bank_page.resource) both call this instead of duplicating the
steps, so a future flow change is a one-place edit (owner-requested 2026-08-18, after
Bank's wrapper was found to have copy-pasted this sequence instead of reusing it).</doc>
<status status="PASS" start="2026-08-28T04:18:56.148649" elapsed="1.014692"/>
</kw>
<kw name="Capture Step" owner="utils">
<if>
<branch type="IF" condition="${CAPTURE_SCREENSHOTS}">
<kw name="Take Screenshot" owner="Browser">
<msg time="2026-08-28T04:18:57.247621" level="INFO" html="true">&lt;/td&gt;&lt;/tr&gt;&lt;tr&gt;&lt;td colspan="3"&gt;&lt;a href="TC01%20Verify%20Clean%20State_login.png" target="_blank"&gt;&lt;img src="TC01%20Verify%20Clean%20State_login.png" width="800px"/&gt;&lt;/a&gt;</msg>
<arg>filename=${OUTPUT_DIR}/${label}</arg>
<tag>PageContent</tag>
<doc>Takes a screenshot of the current window or element and saves it to disk.</doc>
<status status="PASS" start="2026-08-28T04:18:57.164419" elapsed="0.083395"/>
</kw>
<status status="PASS" start="2026-08-28T04:18:57.164175" elapsed="0.083744"/>
</branch>
<status status="PASS" start="2026-08-28T04:18:57.164146" elapsed="0.083838"/>
</if>
<arg>${TEST NAME}_login</arg>
<doc>Take a screenshot into the output dir with a step label - unless
True (environment.py, EC_CAPTURE_SCREENSHOTS env var) is OFF, in
which case this is a no-op (owner-requested 2026-08-18, so a fast run can skip
per-step evidence capture entirely).</doc>
<status status="PASS" start="2026-08-28T04:18:57.163747" elapsed="0.084311"/>
</kw>
<arg>${RESERVOIR_FORMATION_EC_USER}</arg>
<arg>${RESERVOIR_FORMATION_EC_PASS}</arg>
<doc>Authenticate on the CURRENT page with ${user}/${pass}, then capture the
login evidence screenshot. Shared body for every screen's own zero-arg "Login To EC
Application" wrapper (bank_page.resource, object_list_page.resource, etc.) - each of
those only supplies its own screen-specific credential defaults and delegates the
actual mechanics here, since Bank's and Object List's wrappers were found to have
identical bodies (owner query 2026-08-21) differing only in which credential constants
were passed. Lives in common.resource (not browser.resource alone), which aggregates
utils.resource - browser.resource deliberately has no Capture Step dependency.</doc>
<status status="PASS" start="2026-08-28T04:18:56.148186" elapsed="1.099941"/>
</kw>
<doc>Authenticate as Reservoir Formation's OWN credentials
(sysadmin/sysadmin from credentials.py)
on the current page. Standing decision (owner, 2026-08-22): every EC screen gets
its own dedicated credential pair. Zero-argument wrapper so
reservoir_formation_iud.robot's test cases read as a plain business step; supplies
Reservoir Formation's own credential defaults to the shared T1 Login To EC Screen
(common.resource), which owns the actual login mechanics.</doc>
<status status="PASS" start="2026-08-28T04:18:56.143760" elapsed="1.104436"/>
</kw>
<kw name="Open Reservoir Formation Screen" owner="reservoir_formation_page">
<kw name="Open EC Screen" owner="common">
<kw name="Navigate To Screen" owner="screen">
<kw name="Dismiss Unsaved Changes Dialog If Present" owner="screen">
<kw name="Get Element Count" owner="Browser">
<msg time="2026-08-28T04:18:57.262890" level="INFO">${present} = 0</msg>
<var>${present}</var>
<arg>css=[id="confirmationForm:confirmation_modal"]:visible</arg>
<tag>Assertion</tag>
<tag>Getter</tag>
<tag>PageContent</tag>
<doc>Returns the count of elements found with ``selector``.</doc>
<status status="PASS" start="2026-08-28T04:18:57.253726" elapsed="0.009265"/>
</kw>
<if>
<branch type="IF" condition="${present} &gt; 0">
<kw name="Log" owner="BuiltIn">
<arg>Unsaved-changes dialog detected - discarding via No to unblock navigation</arg>
<arg>level=WARN</arg>
<doc>Logs the given message with the given level.</doc>
<status status="NOT RUN" start="2026-08-28T04:18:57.264048" elapsed="0.000248"/>
</kw>
<kw name="Click" owner="Browser">
<arg>css=[id="confirmationForm:nobtn"]</arg>
<tag>PageContent</tag>
<tag>Setter</tag>
<doc>Simulates mouse click on the element found by ``selector``.</doc>
<status status="NOT RUN" start="2026-08-28T04:18:57.264582" elapsed="0.000167"/>
</kw>
<kw name="Wait For Load State" owner="Browser">
<arg>networkidle</arg>
<arg>timeout=10s</arg>
<tag>PageContent</tag>
<tag>Wait</tag>
<doc>Waits that the page reaches the required load state.</doc>
<status status="NOT RUN" start="2026-08-28T04:18:57.265045" elapsed="0.000155"/>
</kw>
<kw name="Sleep" owner="BuiltIn">
<arg>0.5s</arg>
<doc>Pauses the test executed for the given time.</doc>
<status status="NOT RUN" start="2026-08-28T04:18:57.265421" elapsed="0.000137"/>
</kw>
<status status="NOT RUN" start="2026-08-28T04:18:57.263204" elapsed="0.002431"/>
</branch>
<status status="PASS" start="2026-08-28T04:18:57.263162" elapsed="0.002544"/>
</if>
<doc>EC shows its own "UNSAVED CHANGES" Yes/No/Cancel confirm when navigating
away from a dirty New Object form. If an earlier step failed mid-fill (e.g. a
dependent-dropdown timeout), this dialog can be left open and its overlay mask
(#confirmationForm:confirmation_modal) then intercepts every click for the rest of
the run - the whole suite silently stalls behind it. Detect + discard via No, so a
single earlier failure can't cascade into the entire suite hanging.</doc>
<status status="PASS" start="2026-08-28T04:18:57.253338" elapsed="0.012466"/>
</kw>
<kw name="Restore Treeview If Hidden" owner="screen">
<kw name="Get Element Count" owner="Browser">
<msg time="2026-08-28T04:18:57.275031" level="INFO">${visible} = 1</msg>
<var>${visible}</var>
<arg>css=[id="menu:searchForm:searchTxt"]:visible</arg>
<tag>Assertion</tag>
<tag>Getter</tag>
<tag>PageContent</tag>
<doc>Returns the count of elements found with ``selector``.</doc>
<status status="PASS" start="2026-08-28T04:18:57.267068" elapsed="0.008040"/>
</kw>
<if>
<branch type="IF" condition="${visible} == 0">
<kw name="Get Element Count" owner="Browser">
<var>${toggle}</var>
<arg>css=[id="screenToolbar:form:minmaxMenu"]:visible</arg>
<tag>Assertion</tag>
<tag>Getter</tag>
<tag>PageContent</tag>
<doc>Returns the count of elements found with ``selector``.</doc>
<status status="NOT RUN" start="2026-08-28T04:18:57.275728" elapsed="0.000082"/>
</kw>
<if>
<branch type="IF" condition="${toggle} &gt; 0">
<kw name="Click" owner="Browser">
<arg>${SCREEN_MINMAX_BTN}</arg>
<tag>PageContent</tag>
<tag>Setter</tag>
<doc>Simulates mouse click on the element found by ``selector``.</doc>
<status status="NOT RUN" start="2026-08-28T04:18:57.276056" elapsed="0.000061"/>
</kw>
<kw name="Wait For Elements State" owner="Browser">
<arg>${TREEVIEW_SEARCH}</arg>
<arg>visible</arg>
<arg>timeout=15s</arg>
<tag>PageContent</tag>
<tag>Wait</tag>
<doc>Waits for the element found by ``selector`` to satisfy state option.</doc>
<status status="NOT RUN" start="2026-08-28T04:18:57.276242" elapsed="0.000057"/>
</kw>
<kw name="Sleep" owner="BuiltIn">
<arg>0.5s</arg>
<doc>Pauses the test executed for the given time.</doc>
<status status="NOT RUN" start="2026-08-28T04:18:57.276437" elapsed="0.000059"/>
</kw>
<status status="NOT RUN" start="2026-08-28T04:18:57.275906" elapsed="0.000633"/>
</branch>
<status status="NOT RUN" start="2026-08-28T04:18:57.275888" elapsed="0.000694"/>
</if>
<status status="NOT RUN" start="2026-08-28T04:18:57.275280" elapsed="0.001324"/>
</branch>
<status status="PASS" start="2026-08-28T04:18:57.275248" elapsed="0.001385"/>
</if>
<doc>If a previous expand hid the treeview, toggle it back so the
sidebar search box is usable again. No-op when the treeview is visible.</doc>
<status status="PASS" start="2026-08-28T04:18:57.266403" elapsed="0.010285"/>
</kw>
<kw name="Type Text" owner="Browser">
<msg time="2026-08-28T04:18:57.277472" level="INFO">Types the text 'Reservoir Formation' in the given field.</msg>
<arg>${TREEVIEW_SEARCH}</arg>
<arg>${screen_name}</arg>
<arg>delay=60ms</arg>
<arg>clear=Yes</arg>
<tag>PageContent</tag>
<tag>Setter</tag>
<doc>Types the given ``txt`` into the text field found by ``selector``.</doc>
<status status="PASS" start="2026-08-28T04:18:57.276799" elapsed="1.412775"/>
</kw>
<kw name="Wait For Elements State" owner="Browser">
<msg time="2026-08-28T04:18:59.516751" level="INFO">Waited for Element with selector xpath=//*[self::label or self::span][contains(@class,'tv-link') and normalize-space(text())='Reservoir Formation'] at state visible</msg>
<arg>xpath=//*[self::label or self::span][contains(@class,'tv-link') and normalize-space(text())='${screen_name}']</arg>
<arg>visible</arg>
<arg>timeout=10s</arg>
<tag>PageContent</tag>
<tag>Wait</tag>
<doc>Waits for the element found by ``selector`` to satisfy state option.</doc>
<status status="PASS" start="2026-08-28T04:18:58.689933" elapsed="0.827104"/>
</kw>
<kw name="Click" owner="Browser">
<msg time="2026-08-28T04:18:59.518292" level="INFO">Clicks the element 'xpath=//*[self::label or self::span][contains(@class,'tv-link') and normalize-space(text())='Reservoir Formation']'.</msg>
<arg>xpath=//*[self::label or self::span][contains(@class,'tv-link') and normalize-space(text())='${screen_name}']</arg>
<tag>PageContent</tag>
<tag>Setter</tag>
<doc>Simulates mouse click on the element found by ``selector``.</doc>
<status status="PASS" start="2026-08-28T04:18:59.517348" elapsed="0.038543"/>
</kw>
<kw name="Wait For Load State" owner="Browser">
<msg time="2026-08-28T04:18:59.556949" level="INFO">Waiting page load to state to receive networkidle in 15000.0</msg>
<msg time="2026-08-28T04:18:59.559519" level="INFO">Load state networkidle got in 15000</msg>
<arg>networkidle</arg>
<arg>timeout=15s</arg>
<tag>PageContent</tag>
<tag>Wait</tag>
<doc>Waits that the page reaches the required load state.</doc>
<status status="PASS" start="2026-08-28T04:18:59.556211" elapsed="0.003454"/>
</kw>
<kw name="Sleep" owner="BuiltIn">
<msg time="2026-08-28T04:19:01.060622" level="INFO">Slept 1 second 500 milliseconds.</msg>
<arg>1.5s</arg>
<doc>Pauses the test executed for the given time.</doc>
<status status="PASS" start="2026-08-28T04:18:59.559876" elapsed="1.500900"/>
</kw>
<kw name="Confirm Screen Loaded" owner="screen">
<kw name="Get Text" owner="Browser">
<msg time="2026-08-28T04:19:01.111251" level="INFO">Text: 'Reservoir Formation'</msg>
<msg time="2026-08-28T04:19:01.111448" level="INFO">${label} = Reservoir Formation</msg>
<var>${label}</var>
<arg>css=[id="screenToolbar:form:screenLabel"]</arg>
<tag>Assertion</tag>
<tag>Getter</tag>
<tag>PageContent</tag>
<doc>Returns text attribute of the element found by ``selector``.</doc>
<status status="PASS" start="2026-08-28T04:19:01.061676" elapsed="0.049807"/>
</kw>
<kw name="Should Contain" owner="BuiltIn">
<arg>${label}</arg>
<arg>${screen_name}</arg>
<arg>msg=Failed to navigate to ${screen_name}</arg>
<doc>Fails if ``container`` does not contain ``item`` one or more times.</doc>
<status status="PASS" start="2026-08-28T04:19:01.111729" elapsed="0.000740"/>
</kw>
<arg>${screen_name}</arg>
<doc>Assert the loaded screen's toolbar label matches Reservoir Formation.</doc>
<status status="PASS" start="2026-08-28T04:19:01.061166" elapsed="0.051385"/>
</kw>
<kw name="Expand Screen To Full Page" owner="screen">
<kw name="Wait For Elements State" owner="Browser">
<msg time="2026-08-28T04:19:01.120333" level="INFO">Waited for Element with selector css=[id="screenToolbar:form:minmaxMenu"] at state visible</msg>
<arg>${SCREEN_MINMAX_BTN}</arg>
<arg>visible</arg>
<arg>timeout=15s</arg>
<tag>PageContent</tag>
<tag>Wait</tag>
<doc>Waits for the element found by ``selector`` to satisfy state option.</doc>
<status status="PASS" start="2026-08-28T04:19:01.113032" elapsed="0.007512"/>
</kw>
<kw name="Click" owner="Browser">
<msg time="2026-08-28T04:19:01.121610" level="INFO">Clicks the element 'css=[id="screenToolbar:form:minmaxMenu"]'.</msg>
<arg>${SCREEN_MINMAX_BTN}</arg>
<tag>PageContent</tag>
<tag>Setter</tag>
<doc>Simulates mouse click on the element found by ``selector``.</doc>
<status status="PASS" start="2026-08-28T04:19:01.120834" elapsed="0.029856"/>
</kw>
<kw name="Wait For Load State" owner="Browser">
<msg time="2026-08-28T04:19:01.152305" level="INFO">Waiting page load to state to receive networkidle in 15000.0</msg>
<msg time="2026-08-28T04:19:01.156704" level="INFO">Load state networkidle got in 15000</msg>
<arg>networkidle</arg>
<arg>timeout=15s</arg>
<tag>PageContent</tag>
<tag>Wait</tag>
<doc>Waits that the page reaches the required load state.</doc>
<status status="PASS" start="2026-08-28T04:19:01.151147" elapsed="0.005808"/>
</kw>
<kw name="Sleep" owner="BuiltIn">
<msg time="2026-08-28T04:19:01.658447" level="INFO">Slept 500 milliseconds.</msg>
<arg>0.5s</arg>
<doc>Pauses the test executed for the given time.</doc>
<status status="PASS" start="2026-08-28T04:19:01.157270" elapsed="0.501337"/>
</kw>
<doc>Click the screen min/max toggle to hide the treeview so the
loaded EC screen takes the full page width (more data columns visible).</doc>
<status status="PASS" start="2026-08-28T04:19:01.112731" elapsed="0.545988"/>
</kw>
<arg>${screen_name}</arg>
<doc>Open a screen via the sidebar search, confirm it loaded, then
expand it to full page (hide the treeview). Restores the treeview first if
a previous expand left it hidden, so repeated navigation keeps working.</doc>
<status status="PASS" start="2026-08-28T04:18:57.252802" elapsed="4.405983"/>
</kw>
<kw name="Capture Step" owner="utils">
<if>
<branch type="IF" condition="${CAPTURE_SCREENSHOTS}">
<kw name="Take Screenshot" owner="Browser">
<msg time="2026-08-28T04:19:01.746056" level="INFO" html="true">&lt;/td&gt;&lt;/tr&gt;&lt;tr&gt;&lt;td colspan="3"&gt;&lt;a href="TC01%20Verify%20Clean%20State_open_screen.png" target="_blank"&gt;&lt;img src="TC01%20Verify%20Clean%20State_open_screen.png" width="800px"/&gt;&lt;/a&gt;</msg>
<arg>filename=${OUTPUT_DIR}/${label}</arg>
<tag>PageContent</tag>
<doc>Takes a screenshot of the current window or element and saves it to disk.</doc>
<status status="PASS" start="2026-08-28T04:19:01.659722" elapsed="0.086558"/>
</kw>
<status status="PASS" start="2026-08-28T04:19:01.659520" elapsed="0.086880"/>
</branch>
<status status="PASS" start="2026-08-28T04:19:01.659497" elapsed="0.086980"/>
</if>
<arg>${TEST NAME}_open_screen</arg>
<doc>Take a screenshot into the output dir with a step label - unless
True (environment.py, EC_CAPTURE_SCREENSHOTS env var) is OFF, in
which case this is a no-op (owner-requested 2026-08-18, so a fast run can skip
per-step evidence capture entirely).</doc>
<status status="PASS" start="2026-08-28T04:19:01.659155" elapsed="0.087403"/>
</kw>
<arg>${RESERVOIR_FORMATION_SCREEN}</arg>
<doc>Navigate to ${screen_name} and capture the open-screen evidence
screenshot. Shared body for every screen's own zero-arg "Open &lt;Screen&gt; Screen"
wrapper (bank_page.resource's Open Bank Screen, object_list_page.resource's Open
Object List Screen, etc.) - each of those only supplies its own screen-name
constant and delegates the actual navigation here, since Bank's and Object List's
wrappers were found to have identical bodies (owner query 2026-08-21) differing
only in which screen-name constant was passed. Assumes the caller already logged
in this test case - this keyword ONLY navigates.</doc>
<status status="PASS" start="2026-08-28T04:18:57.252119" elapsed="4.494528"/>
</kw>
<doc>Navigate to the Reservoir Formation screen. Assumes the caller already
logged in this test case (via Login To EC Application) - this keyword ONLY
navigates. Delegates to the shared T1 Open EC Screen (common.resource) for the
actual mechanics.</doc>
<status status="PASS" start="2026-08-28T04:18:57.248444" elapsed="4.498285"/>
</kw>
<kw name="Verify Reservoir Formation Record Does Not Exist" owner="reservoir_formation_page">
<kw name="Verify Object Does Not Exist" owner="manage_object">
<kw name="OV Row Should Not Exist" owner="manage_object">
<variable name="${form}">
<msg time="2026-08-28T04:19:01.754163" level="INFO">${form} = manage_object_nav_nav:form</msg>
<var>${table_id.rsplit(':T_data', 1)[0]}</var>
<status status="PASS" start="2026-08-28T04:19:01.752662" elapsed="0.001545"/>
</variable>
<kw name="Get Element Count" owner="Browser">
<msg time="2026-08-28T04:19:01.759966" level="INFO">${supported} = 1</msg>
<var>${supported}</var>
<arg>css=[id="${form}:T:tfo"]</arg>
<tag>Assertion</tag>
<tag>Getter</tag>
<tag>PageContent</tag>
<doc>Returns the count of elements found with ``selector``.</doc>
<status status="PASS" start="2026-08-28T04:19:01.754403" elapsed="0.005633"/>
</kw>
<if>
<branch type="IF" condition="${supported} &gt; 0">
<kw name="Filter Grid Text Column By Value" owner="grid_menu">
<kw name="Turn Grid Filtering On" owner="grid_menu">
<kw name="Grid Filtering Is On" owner="grid_menu">
<kw name="Get Element Count" owner="Browser">
<msg time="2026-08-28T04:19:01.772537" level="INFO">${n} = 0</msg>
<var>${n}</var>
<arg>css=[id^="${form}:T:sfilter"]</arg>
<tag>Assertion</tag>
<tag>Getter</tag>
<tag>PageContent</tag>
<doc>Returns the count of elements found with ``selector``.</doc>
<status status="PASS" start="2026-08-28T04:19:01.765291" elapsed="0.007315"/>
</kw>
<kw name="Evaluate" owner="BuiltIn">
<msg time="2026-08-28T04:19:01.773778" level="INFO">${on} = False</msg>
<var>${on}</var>
<arg>${n} &gt; 0</arg>
<doc>Evaluates the given expression in Python and returns the result.</doc>
<status status="PASS" start="2026-08-28T04:19:01.772880" elapsed="0.000955"/>
</kw>
<return>
<value>${on}</value>
<status status="PASS" start="2026-08-28T04:19:01.773958" elapsed="0.000181"/>
</return>
<msg time="2026-08-28T04:19:01.774314" level="INFO">${on} = False</msg>
<var>${on}</var>
<arg>${form}</arg>
<doc>True if the per-column filter row is currently rendered (any sfilter input present).</doc>
<status status="PASS" start="2026-08-28T04:19:01.764986" elapsed="0.009357"/>
</kw>
<if>
<branch type="IF" condition="not ${on}">
<kw name="Evaluate JavaScript" owner="Browser">
<msg time="2026-08-28T04:19:01.791778" level="INFO">JavaScript executed successfully.</msg>
<arg>css=[id="${form}:T"]</arg>
<arg>(el) =&gt; { const e=el.ownerDocument.getElementById('${form}:T:tfo'); if(e){ e.click(); } }</arg>
<tag>Getter</tag>
<tag>PageContent</tag>
<tag>Setter</tag>
<doc>Executes given javascript on the selected element(s) or on page.</doc>
<status status="PASS" start="2026-08-28T04:19:01.774708" elapsed="0.017335"/>
</kw>
<kw name="Wait For Load State" owner="Browser">
<msg time="2026-08-28T04:19:01.793008" level="INFO">Waiting page load to state to receive networkidle in 15000.0</msg>
<msg time="2026-08-28T04:19:01.796138" level="INFO">Load state networkidle got in 15000</msg>
<arg>networkidle</arg>
<arg>timeout=15s</arg>
<tag>PageContent</tag>
<tag>Wait</tag>
<doc>Waits that the page reaches the required load state.</doc>
<status status="PASS" start="2026-08-28T04:19:01.792343" elapsed="0.004039"/>
</kw>
<kw name="Sleep" owner="BuiltIn">
<msg time="2026-08-28T04:19:02.597431" level="INFO">Slept 800 milliseconds.</msg>
<arg>0.8s</arg>
<doc>Pauses the test executed for the given time.</doc>
<status status="PASS" start="2026-08-28T04:19:01.796682" elapsed="0.800861"/>
</kw>
<status status="PASS" start="2026-08-28T04:19:01.774434" elapsed="0.823183"/>
</branch>
<status status="PASS" start="2026-08-28T04:19:01.774414" elapsed="0.823250"/>
</if>
<arg>${form}</arg>
<doc>Turn the column filter row ON (idempotent). Clicks the hover-revealed toggle
manage_object_nav_nav:form:T:tfo in the content frame via JS, then waits for the filter-row AJAX to settle.</doc>
<status status="PASS" start="2026-08-28T04:19:01.764663" elapsed="0.833063"/>
</kw>
<variable name="${f}">
<msg time="2026-08-28T04:19:02.598022" level="INFO">${f} = manage_object_nav_nav:form:T:sfilter0_ft_filter</msg>
<var>${form}:T:sfilter${col}_ft_filter</var>
<status status="PASS" start="2026-08-28T04:19:02.597794" elapsed="0.000255"/>
</variable>
<kw name="Wait For Elements State" owner="Browser">
<msg time="2026-08-28T04:19:02.605414" level="INFO">Waited for Element with selector css=[id="manage_object_nav_nav:form:T:sfilter0_ft_filter"] at state visible</msg>
<arg>css=[id="${f}"]</arg>
<arg>visible</arg>
<arg>timeout=10s</arg>
<tag>PageContent</tag>
<tag>Wait</tag>
<doc>Waits for the element found by ``selector`` to satisfy state option.</doc>
<status status="PASS" start="2026-08-28T04:19:02.598215" elapsed="0.007384"/>
</kw>
<kw name="Click" owner="Browser">
<msg time="2026-08-28T04:19:02.606545" level="INFO">Clicks the element 'css=[id="manage_object_nav_nav:form:T:sfilter0_ft_filter"]'.</msg>
<arg>css=[id="${f}"]</arg>
<tag>PageContent</tag>
<tag>Setter</tag>
<doc>Simulates mouse click on the element found by ``selector``.</doc>
<status status="PASS" start="2026-08-28T04:19:02.605856" elapsed="0.044279"/>
</kw>
<kw name="Type Text" owner="Browser">
<msg time="2026-08-28T04:19:02.651800" level="INFO">Types the text 'AUTOTEST_RESVF' in the given field.</msg>
<arg>css=[id="${f}"]</arg>
<arg>${value}</arg>
<arg>clear=Yes</arg>
<tag>PageContent</tag>
<tag>Setter</tag>
<doc>Types the given ``txt`` into the text field found by ``selector``.</doc>
<status status="PASS" start="2026-08-28T04:19:02.650591" elapsed="0.079154"/>
</kw>
<kw name="Keyboard Key" owner="Browser">
<arg>press</arg>
<arg>Enter</arg>
<tag>PageContent</tag>
<tag>Setter</tag>
<doc>Press a keyboard key on the virtual keyboard or set a key up or down.</doc>
<status status="PASS" start="2026-08-28T04:19:02.730324" elapsed="0.013064"/>
</kw>
<kw name="Wait For Load State" owner="Browser">
<msg time="2026-08-28T04:19:02.744917" level="INFO">Waiting page load to state to receive networkidle in 15000.0</msg>
<msg time="2026-08-28T04:19:02.749663" level="INFO">Load state networkidle got in 15000</msg>
<arg>networkidle</arg>
<arg>timeout=15s</arg>
<tag>PageContent</tag>
<tag>Wait</tag>
<doc>Waits that the page reaches the required load state.</doc>
<status status="PASS" start="2026-08-28T04:19:02.743849" elapsed="0.006289"/>
</kw>
<kw name="Sleep" owner="BuiltIn">
<msg time="2026-08-28T04:19:03.752445" level="INFO">Slept 1 second.</msg>
<arg>1s</arg>
<doc>Pauses the test executed for the given time.</doc>
<status status="PASS" start="2026-08-28T04:19:02.750956" elapsed="1.001654"/>
</kw>
<arg>${form}</arg>
<arg>0</arg>
<arg>${code}</arg>
<doc>With filtering ON, type ${value} into the text filter of column ${col} (0-based,
left-to-right) and submit with Enter. EC does a partial "contains" match and narrows the grid.</doc>
<status status="PASS" start="2026-08-28T04:19:01.764189" elapsed="1.988558"/>
</kw>
<kw name="Grid Data Row Count" owner="grid_menu">
<kw name="Evaluate JavaScript" owner="Browser">
<msg time="2026-08-28T04:19:03.766629" level="INFO">JavaScript executed successfully.</msg>
<msg time="2026-08-28T04:19:03.766992" level="INFO">${n} = 0</msg>
<var>${n}</var>
<arg>css=[id="${form}:T_data"]</arg>
<arg>(el) =&gt; el.querySelectorAll('tr[data-ri]').length</arg>
<tag>Getter</tag>
<tag>PageContent</tag>
<tag>Setter</tag>
<doc>Executes given javascript on the selected element(s) or on page.</doc>
<status status="PASS" start="2026-08-28T04:19:03.753673" elapsed="0.013359"/>
</kw>
<return>
<value>${n}</value>
<status status="PASS" start="2026-08-28T04:19:03.767174" elapsed="0.000211"/>
</return>
<msg time="2026-08-28T04:19:03.767592" level="INFO">${n} = 0</msg>
<var>${n}</var>
<arg>${form}</arg>
<doc>Count the real data rows in the grid body (manage_object_nav_nav:form:T_data) - the live result count
after filtering. Counts by the PrimeFaces row-index attribute (tr[data-ri]) so it works on grids
whose cells are input fields (where tr.textContent is empty); the "no records" message row has no
data-ri and is excluded. Anchored in the content frame.</doc>
<status status="PASS" start="2026-08-28T04:19:03.753095" elapsed="0.014528"/>
</kw>
<kw name="Clear Grid Text Column Filter" owner="grid_menu">
<variable name="${f}">
<msg time="2026-08-28T04:19:03.771265" level="INFO">${f} = manage_object_nav_nav:form:T:sfilter0_ft_filter</msg>
<var>${form}:T:sfilter${col}_ft_filter</var>
<status status="PASS" start="2026-08-28T04:19:03.771048" elapsed="0.000255"/>
</variable>
<kw name="Click" owner="Browser">
<msg time="2026-08-28T04:19:03.772030" level="INFO">Clicks the element 'css=[id="manage_object_nav_nav:form:T:sfilter0_ft_filter"]'.</msg>
<arg>css=[id="${f}"]</arg>
<tag>PageContent</tag>
<tag>Setter</tag>
<doc>Simulates mouse click on the element found by ``selector``.</doc>
<status status="PASS" start="2026-08-28T04:19:03.771506" elapsed="0.032021"/>
</kw>
<kw name="Keyboard Key" owner="Browser">
<arg>press</arg>
<arg>Control+A</arg>
<tag>PageContent</tag>
<tag>Setter</tag>
<doc>Press a keyboard key on the virtual keyboard or set a key up or down.</doc>
<status status="PASS" start="2026-08-28T04:19:03.803937" elapsed="0.013056"/>
</kw>
<kw name="Keyboard Key" owner="Browser">
<arg>press</arg>
<arg>Delete</arg>
<tag>PageContent</tag>
<tag>Setter</tag>
<doc>Press a keyboard key on the virtual keyboard or set a key up or down.</doc>
<status status="PASS" start="2026-08-28T04:19:03.817448" elapsed="0.009929"/>
</kw>
<kw name="Keyboard Key" owner="Browser">
<arg>press</arg>
<arg>Enter</arg>
<tag>PageContent</tag>
<tag>Setter</tag>
<doc>Press a keyboard key on the virtual keyboard or set a key up or down.</doc>
<status status="PASS" start="2026-08-28T04:19:03.827714" elapsed="0.017388"/>
</kw>
<kw name="Wait For Load State" owner="Browser">
<msg time="2026-08-28T04:19:03.847852" level="INFO">Waiting page load to state to receive networkidle in 15000.0</msg>
<msg time="2026-08-28T04:19:03.853664" level="INFO">Load state networkidle got in 15000</msg>
<arg>networkidle</arg>
<arg>timeout=15s</arg>
<tag>PageContent</tag>
<tag>Wait</tag>
<doc>Waits that the page reaches the required load state.</doc>
<status status="PASS" start="2026-08-28T04:19:03.846237" elapsed="0.007888"/>
</kw>
<kw name="Sleep" owner="BuiltIn">
<msg time="2026-08-28T04:19:04.855913" level="INFO">Slept 1 second.</msg>
<arg>1s</arg>
<doc>Pauses the test executed for the given time.</doc>
<status status="PASS" start="2026-08-28T04:19:03.854441" elapsed="1.001754"/>
</kw>
<arg>${form}</arg>
<arg>0</arg>
<doc>Clear the text filter on column ${col} (select-all + Delete + Enter) and let the grid
refresh back to the unfiltered (or other-column-filtered) set.</doc>
<status status="PASS" start="2026-08-28T04:19:03.770563" elapsed="1.085800"/>
</kw>
<kw name="Should Be Equal" owner="BuiltIn">
<arg>${n}</arg>
<arg>${0}</arg>
<arg>msg=Row ${code} should NOT exist in ${table_id}</arg>
<doc>Fails if the given objects are unequal.</doc>
<status status="PASS" start="2026-08-28T04:19:04.856593" elapsed="0.001808"/>
</kw>
<status status="PASS" start="2026-08-28T04:19:01.760223" elapsed="3.098256"/>
</branch>
<branch type="ELSE">
<kw name="Row Should Not Exist" owner="table">
<arg>${table_id}</arg>
<arg>${code}</arg>
<doc>Assert a row with AUTOTEST_RESVF is absent.</doc>
<status status="NOT RUN" start="2026-08-28T04:19:04.858867" elapsed="0.000085"/>
</kw>
<status status="NOT RUN" start="2026-08-28T04:19:04.858540" elapsed="0.000466"/>
</branch>
<status status="PASS" start="2026-08-28T04:19:01.760191" elapsed="3.098857"/>
</if>
<arg>${table_id}</arg>
<arg>${code}</arg>
<doc>Assert a row with AUTOTEST_RESVF is absent from manage_object_nav_nav:form:T_data - across the WHOLE
dataset when this grid supports filtering, not just the current page (2026-08-22
standardisation, generalised from Account's one-off page-walk fix). Unlike OV Row
Should Exist, this does NOT try the current page first: a current-page-only absence
check is unsound on ANY grid, not just a large one - a stale leftover row could sit
on a later page while page 1 looks clean regardless of grid size. Falls back to the
original raw current-page-only check only when this grid has no filter toggle at all
(an older/non-filtering grid keeps its exact prior behavior - nothing to filter,
nothing lost).</doc>
<status status="PASS" start="2026-08-28T04:19:01.752308" elapsed="3.106801"/>
</kw>
<kw name="Capture Step" owner="utils">
<if>
<branch type="IF" condition="${CAPTURE_SCREENSHOTS}">
<kw name="Take Screenshot" owner="Browser">
<msg time="2026-08-28T04:19:04.982094" level="INFO" html="true">&lt;/td&gt;&lt;/tr&gt;&lt;tr&gt;&lt;td colspan="3"&gt;&lt;a href="TC01%20Verify%20Clean%20State_verify.png" target="_blank"&gt;&lt;img src="TC01%20Verify%20Clean%20State_verify.png" width="800px"/&gt;&lt;/a&gt;</msg>
<arg>filename=${OUTPUT_DIR}/${label}</arg>
<tag>PageContent</tag>
<doc>Takes a screenshot of the current window or element and saves it to disk.</doc>
<status status="PASS" start="2026-08-28T04:19:04.860925" elapsed="0.121407"/>
</kw>
<status status="PASS" start="2026-08-28T04:19:04.860224" elapsed="0.122258"/>
</branch>
<status status="PASS" start="2026-08-28T04:19:04.860168" elapsed="0.122401"/>
</if>
<arg>${TEST NAME}_verify</arg>
<doc>Take a screenshot into the output dir with a step label - unless
True (environment.py, EC_CAPTURE_SCREENSHOTS env var) is OFF, in
which case this is a no-op (owner-requested 2026-08-18, so a fast run can skip
per-step evidence capture entirely).</doc>
<status status="PASS" start="2026-08-28T04:19:04.859355" elapsed="0.123312"/>
</kw>
<arg>${RESERVOIR_FORMATION_TABLE}</arg>
<arg>${code}</arg>
<doc>Assert AUTOTEST_RESVF is absent from the grid (${table_id}), then capture the
verify evidence screenshot - the shared core of every screen's "Verify &lt;Screen&gt;
Record Does Not Exist" (TC01 clean-state) keyword (added 2026-08-22, same
consolidation goal as Verify Object Insert Exists/Form Record/Found above).</doc>
<status status="PASS" start="2026-08-28T04:19:01.751675" elapsed="3.231099"/>
</kw>
<doc>Friendly-narrative wrapper around the TC01 clean-state check, called
with ZERO arguments (defaults ${code} to the suite's AUTOTEST_RESVF). Delegates to
the shared T2 Verify Object Does Not Exist.</doc>
<status status="PASS" start="2026-08-28T04:19:01.748999" elapsed="3.233872"/>
</kw>
<kw name="Logout From EC Application" owner="browser">
<kw name="Click" owner="Browser">
<msg time="2026-08-28T04:19:04.984860" level="INFO">Clicks the element 'xpath=//span[contains(@class,'ui-icon-top-logout')]/ancestor::a[1]'.</msg>
<arg>xpath=//span[contains(@class,'ui-icon-top-logout')]/ancestor::a[1]</arg>
<tag>PageContent</tag>
<tag>Setter</tag>
<doc>Simulates mouse click on the element found by ``selector``.</doc>
<status status="PASS" start="2026-08-28T04:19:04.983972" elapsed="0.047215"/>
</kw>
<kw name="Wait For Elements State" owner="Browser">
<msg time="2026-08-28T04:19:05.277077" level="INFO">Waited for Element with selector css=[id="username"] at state visible</msg>
<arg>css=[id="username"]</arg>
<arg>visible</arg>
<arg>timeout=15s</arg>
<tag>PageContent</tag>
<tag>Wait</tag>
<doc>Waits for the element found by ``selector`` to satisfy state option.</doc>
<status status="PASS" start="2026-08-28T04:19:05.031548" elapsed="0.245784"/>
</kw>
<if>
<branch type="IF" condition="${CAPTURE_SCREENSHOTS}">
<kw name="Take Screenshot" owner="Browser">
<msg time="2026-08-28T04:19:05.369651" level="INFO" html="true">&lt;/td&gt;&lt;/tr&gt;&lt;tr&gt;&lt;td colspan="3"&gt;&lt;a href="TC01%20Verify%20Clean%20State_logout.png" target="_blank"&gt;&lt;img src="TC01%20Verify%20Clean%20State_logout.png" width="800px"/&gt;&lt;/a&gt;</msg>
<arg>filename=${OUTPUT_DIR}/${TEST NAME}_logout</arg>
<tag>PageContent</tag>
<doc>Takes a screenshot of the current window or element and saves it to disk.</doc>
<status status="PASS" start="2026-08-28T04:19:05.277978" elapsed="0.091961"/>
</kw>
<status status="PASS" start="2026-08-28T04:19:05.277545" elapsed="0.092573"/>
</branch>
<status status="PASS" start="2026-08-28T04:19:05.277507" elapsed="0.092743"/>
</if>
<doc>Click EC's real logout icon (top toolbar, next to the username) and confirm
it genuinely returns to the login page - not just closing the browser tab. Live-verified
2026-08-18 both from the landing page and from inside a loaded screen (e.g. Bank, after
Expand Screen To Full Page hides the treeview): clicking it triggers a PrimeFaces AJAX
logout and redirects to the Keycloak login page (#username field re-appears).
Screenshot capture is INLINED here (not a call to utils.resource's Capture Step) so
this T1 file has no dependency on another T1 file - a suite importing browser.resource
alone still works (R21 review note, 2026-08-18: the prior version would have hit
keyword-not-found on Logout for such a suite, even though none currently does this).</doc>
<status status="PASS" start="2026-08-28T04:19:04.983332" elapsed="0.387053"/>
</kw>
<kw name="Ensure Logged Out From EC Application" owner="browser" type="TEARDOWN">
<kw name="Get Element Count" owner="Browser">
<msg time="2026-08-28T04:19:05.379281" level="INFO">${already_at_login} = 1</msg>
<var>${already_at_login}</var>
<arg>css=[id="username"]:visible</arg>
<tag>Assertion</tag>
<tag>Getter</tag>
<tag>PageContent</tag>
<doc>Returns the count of elements found with ``selector``.</doc>
<status status="PASS" start="2026-08-28T04:19:05.371744" elapsed="0.007613"/>
</kw>
<if>
<branch type="IF" condition="${already_at_login} == 0">
<kw name="Get Element Count" owner="Browser">
<var>${logout_icon_present}</var>
<arg>css=.ui-icon-top-logout</arg>
<tag>Assertion</tag>
<tag>Getter</tag>
<tag>PageContent</tag>
<doc>Returns the count of elements found with ``selector``.</doc>
<status status="NOT RUN" start="2026-08-28T04:19:05.380097" elapsed="0.000108"/>
</kw>
<if>
<branch type="IF" condition="${logout_icon_present} &gt; 0">
<kw name="Logout From EC Application" owner="browser">
<doc>Click EC's real logout icon (top toolbar, next to the username) and confirm
it genuinely returns to the login page - not just closing the browser tab. Live-verified
2026-08-18 both from the landing page and from inside a loaded screen (e.g. Bank, after
Expand Screen To Full Page hides the treeview): clicking it triggers a PrimeFaces AJAX
logout and redirects to the Keycloak login page (#username field re-appears).
Screenshot capture is INLINED here (not a call to utils.resource's Capture Step) so
this T1 file has no dependency on another T1 file - a suite importing browser.resource
alone still works (R21 review note, 2026-08-18: the prior version would have hit
keyword-not-found on Logout for such a suite, even though none currently does this).</doc>
<status status="NOT RUN" start="2026-08-28T04:19:05.381136" elapsed="0.000194"/>
</kw>
<status status="NOT RUN" start="2026-08-28T04:19:05.380335" elapsed="0.001092"/>
</branch>
<status status="NOT RUN" start="2026-08-28T04:19:05.380310" elapsed="0.001216"/>
</if>
<status status="NOT RUN" start="2026-08-28T04:19:05.379570" elapsed="0.002002"/>
</branch>
<status status="PASS" start="2026-08-28T04:19:05.379526" elapsed="0.002098"/>
</if>
<doc>Test Teardown safety net (owner discovered this gap live, 2026-08-18): if a
test case FAILS before reaching its own Logout From EC Application line, the browser is
left logged in - the NEXT test's Login To EC Application then times out trying to fill</doc>
<status status="PASS" start="2026-08-28T04:19:05.371128" elapsed="0.010584"/>
</kw>
<tag>iud</tag>
<tag>reservoir_formation</tag>
<status status="PASS" start="2026-08-28T04:18:56.128533" elapsed="9.253271"/>
</test>
<test id="s1-t2" name="TC02 Insert Reservoir Formation Data" line="40">
<kw name="Login To EC Application" owner="reservoir_formation_page">
<kw name="Login To EC Screen" owner="common">
<kw name="Fill EC Login Form" owner="browser">
<kw name="Fill Text" owner="Browser">
<msg time="2026-08-28T04:19:05.411319" level="INFO">Fills the text 'sysadmin' in the given field.</msg>
<arg>css=[id="username"]</arg>
<arg>${user}</arg>
<tag>PageContent</tag>
<tag>Setter</tag>
<doc>Clears and fills the given ``txt`` into the text field found by ``selector``.</doc>
<status status="PASS" start="2026-08-28T04:19:05.410316" elapsed="0.013498"/>
</kw>
<kw name="Fill Text" owner="Browser">
<msg time="2026-08-28T04:19:05.425237" level="INFO">Fills the text 'sysadmin' in the given field.</msg>
<arg>css=[id="password"]</arg>
<arg>${pass}</arg>
<tag>PageContent</tag>
<tag>Setter</tag>
<doc>Clears and fills the given ``txt`` into the text field found by ``selector``.</doc>
<status status="PASS" start="2026-08-28T04:19:05.424188" elapsed="0.015611"/>
</kw>
<kw name="Click" owner="Browser">
<msg time="2026-08-28T04:19:05.440973" level="INFO">Clicks the element 'css=[id="kc-login"]'.</msg>
<arg>css=[id="kc-login"]</arg>
<tag>PageContent</tag>
<tag>Setter</tag>
<doc>Simulates mouse click on the element found by ``selector``.</doc>
<status status="PASS" start="2026-08-28T04:19:05.440193" elapsed="0.144131"/>
</kw>
<kw name="Wait For Elements State" owner="Browser">
<msg time="2026-08-28T04:19:05.816824" level="INFO">Waited for Element with selector css=[id="menu:searchForm:searchTxt"] at state visible</msg>
<arg>css=[id="menu:searchForm:searchTxt"]</arg>
<arg>visible</arg>
<arg>timeout=60s</arg>
<tag>PageContent</tag>
<tag>Wait</tag>
<doc>Waits for the element found by ``selector`` to satisfy state option.</doc>
<status status="PASS" start="2026-08-28T04:19:05.584660" elapsed="0.232462"/>
</kw>
<kw name="Wait For Load State" owner="Browser">
<msg time="2026-08-28T04:19:05.819472" level="INFO">Waiting page load to state to receive networkidle in 30000.0</msg>
<msg time="2026-08-28T04:19:06.358057" level="INFO">Load state networkidle got in 30000</msg>
<arg>networkidle</arg>
<arg>timeout=30s</arg>
<tag>PageContent</tag>
<tag>Wait</tag>
<doc>Waits that the page reaches the required load state.</doc>
<status status="PASS" start="2026-08-28T04:19:05.817790" elapsed="0.540524"/>
</kw>
<arg>${user}</arg>
<arg>${pass}</arg>
<doc>The ACTUAL login mechanics (fill username, fill password, click login,
wait for the app to load) on the CURRENT page - the ONE place to update if EC's login
flow ever changes (a new SSO step, MFA, a renamed field id). Login To EC and Bank's own
Login To EC Application (bank_page.resource) both call this instead of duplicating the
steps, so a future flow change is a one-place edit (owner-requested 2026-08-18, after
Bank's wrapper was found to have copy-pasted this sequence instead of reusing it).</doc>
<status status="PASS" start="2026-08-28T04:19:05.409835" elapsed="0.948766"/>
</kw>
<kw name="Capture Step" owner="utils">
<if>
<branch type="IF" condition="${CAPTURE_SCREENSHOTS}">
<kw name="Take Screenshot" owner="Browser">
<msg time="2026-08-28T04:19:06.460423" level="INFO" html="true">&lt;/td&gt;&lt;/tr&gt;&lt;tr&gt;&lt;td colspan="3"&gt;&lt;a href="TC02%20Insert%20Reservoir%20Formation%20Data_login.png" target="_blank"&gt;&lt;img src="TC02%20Insert%20Reservoir%20Formation%20Data_login.png" width="800px"/&gt;&lt;/a&gt;</msg>
<arg>filename=${OUTPUT_DIR}/${label}</arg>
<tag>PageContent</tag>
<doc>Takes a screenshot of the current window or element and saves it to disk.</doc>
<status status="PASS" start="2026-08-28T04:19:06.360354" elapsed="0.100387"/>
</kw>
<status status="PASS" start="2026-08-28T04:19:06.359906" elapsed="0.101039"/>
</branch>
<status status="PASS" start="2026-08-28T04:19:06.359859" elapsed="0.101194"/>
</if>
<arg>${TEST NAME}_login</arg>
<doc>Take a screenshot into the output dir with a step label - unless
True (environment.py, EC_CAPTURE_SCREENSHOTS env var) is OFF, in
which case this is a no-op (owner-requested 2026-08-18, so a fast run can skip
per-step evidence capture entirely).</doc>
<status status="PASS" start="2026-08-28T04:19:06.359184" elapsed="0.101984"/>
</kw>
<arg>${RESERVOIR_FORMATION_EC_USER}</arg>
<arg>${RESERVOIR_FORMATION_EC_PASS}</arg>
<doc>Authenticate on the CURRENT page with ${user}/${pass}, then capture the
login evidence screenshot. Shared body for every screen's own zero-arg "Login To EC
Application" wrapper (bank_page.resource, object_list_page.resource, etc.) - each of
those only supplies its own screen-specific credential defaults and delegates the
actual mechanics here, since Bank's and Object List's wrappers were found to have
identical bodies (owner query 2026-08-21) differing only in which credential constants
were passed. Lives in common.resource (not browser.resource alone), which aggregates
utils.resource - browser.resource deliberately has no Capture Step dependency.</doc>
<status status="PASS" start="2026-08-28T04:19:05.409076" elapsed="1.052237"/>
</kw>
<doc>Authenticate as Reservoir Formation's OWN credentials
(sysadmin/sysadmin from credentials.py)
on the current page. Standing decision (owner, 2026-08-22): every EC screen gets
its own dedicated credential pair. Zero-argument wrapper so
reservoir_formation_iud.robot's test cases read as a plain business step; supplies
Reservoir Formation's own credential defaults to the shared T1 Login To EC Screen
(common.resource), which owns the actual login mechanics.</doc>
<status status="PASS" start="2026-08-28T04:19:05.403673" elapsed="1.057790"/>
</kw>
<kw name="Open Reservoir Formation Screen" owner="reservoir_formation_page">
<kw name="Open EC Screen" owner="common">
<kw name="Navigate To Screen" owner="screen">
<kw name="Dismiss Unsaved Changes Dialog If Present" owner="screen">
<kw name="Get Element Count" owner="Browser">
<msg time="2026-08-28T04:19:06.478093" level="INFO">${present} = 0</msg>
<var>${present}</var>
<arg>css=[id="confirmationForm:confirmation_modal"]:visible</arg>
<tag>Assertion</tag>
<tag>Getter</tag>
<tag>PageContent</tag>
<doc>Returns the count of elements found with ``selector``.</doc>
<status status="PASS" start="2026-08-28T04:19:06.470260" elapsed="0.007953"/>
</kw>
<if>
<branch type="IF" condition="${present} &gt; 0">
<kw name="Log" owner="BuiltIn">
<arg>Unsaved-changes dialog detected - discarding via No to unblock navigation</arg>
<arg>level=WARN</arg>
<doc>Logs the given message with the given level.</doc>
<status status="NOT RUN" start="2026-08-28T04:19:06.479067" elapsed="0.000493"/>
</kw>
<kw name="Click" owner="Browser">
<arg>css=[id="confirmationForm:nobtn"]</arg>
<tag>PageContent</tag>
<tag>Setter</tag>
<doc>Simulates mouse click on the element found by ``selector``.</doc>
<status status="NOT RUN" start="2026-08-28T04:19:06.480070" elapsed="0.000276"/>
</kw>
<kw name="Wait For Load State" owner="Browser">
<arg>networkidle</arg>
<arg>timeout=10s</arg>
<tag>PageContent</tag>
<tag>Wait</tag>
<doc>Waits that the page reaches the required load state.</doc>
<status status="NOT RUN" start="2026-08-28T04:19:06.480791" elapsed="0.000222"/>
</kw>
<kw name="Sleep" owner="BuiltIn">
<arg>0.5s</arg>
<doc>Pauses the test executed for the given time.</doc>
<status status="NOT RUN" start="2026-08-28T04:19:06.481323" elapsed="0.000346"/>
</kw>
<status status="NOT RUN" start="2026-08-28T04:19:06.478483" elapsed="0.003294"/>
</branch>
<status status="PASS" start="2026-08-28T04:19:06.478433" elapsed="0.003558"/>
</if>
<doc>EC shows its own "UNSAVED CHANGES" Yes/No/Cancel confirm when navigating
away from a dirty New Object form. If an earlier step failed mid-fill (e.g. a
dependent-dropdown timeout), this dialog can be left open and its overlay mask
(#confirmationForm:confirmation_modal) then intercepts every click for the rest of
the run - the whole suite silently stalls behind it. Detect + discard via No, so a
single earlier failure can't cascade into the entire suite hanging.</doc>
<status status="PASS" start="2026-08-28T04:19:06.469616" elapsed="0.012600"/>
</kw>
<kw name="Restore Treeview If Hidden" owner="screen">
<kw name="Get Element Count" owner="Browser">
<msg time="2026-08-28T04:19:06.491133" level="INFO">${visible} = 1</msg>
<var>${visible}</var>
<arg>css=[id="menu:searchForm:searchTxt"]:visible</arg>
<tag>Assertion</tag>
<tag>Getter</tag>
<tag>PageContent</tag>
<doc>Returns the count of elements found with ``selector``.</doc>
<status status="PASS" start="2026-08-28T04:19:06.484456" elapsed="0.006781"/>
</kw>
<if>
<branch type="IF" condition="${visible} == 0">
<kw name="Get Element Count" owner="Browser">
<var>${toggle}</var>
<arg>css=[id="screenToolbar:form:minmaxMenu"]:visible</arg>
<tag>Assertion</tag>
<tag>Getter</tag>
<tag>PageContent</tag>
<doc>Returns the count of elements found with ``selector``.</doc>
<status status="NOT RUN" start="2026-08-28T04:19:06.492160" elapsed="0.000199"/>
</kw>
<if>
<branch type="IF" condition="${toggle} &gt; 0">
<kw name="Click" owner="Browser">
<arg>${SCREEN_MINMAX_BTN}</arg>
<tag>PageContent</tag>
<tag>Setter</tag>
<doc>Simulates mouse click on the element found by ``selector``.</doc>
<status status="NOT RUN" start="2026-08-28T04:19:06.492834" elapsed="0.000123"/>
</kw>
<kw name="Wait For Elements State" owner="Browser">
<arg>${TREEVIEW_SEARCH}</arg>
<arg>visible</arg>
<arg>timeout=15s</arg>
<tag>PageContent</tag>
<tag>Wait</tag>
<doc>Waits for the element found by ``selector`` to satisfy state option.</doc>
<status status="NOT RUN" start="2026-08-28T04:19:06.493153" elapsed="0.000108"/>
</kw>
<kw name="Sleep" owner="BuiltIn">
<arg>0.5s</arg>
<doc>Pauses the test executed for the given time.</doc>
<status status="NOT RUN" start="2026-08-28T04:19:06.493573" elapsed="0.000186"/>
</kw>
<status status="NOT RUN" start="2026-08-28T04:19:06.492540" elapsed="0.001314"/>
</branch>
<status status="NOT RUN" start="2026-08-28T04:19:06.492506" elapsed="0.001448"/>
</if>
<status status="NOT RUN" start="2026-08-28T04:19:06.491464" elapsed="0.002534"/>
</branch>
<status status="PASS" start="2026-08-28T04:19:06.491421" elapsed="0.002634"/>
</if>
<doc>If a previous expand hid the treeview, toggle it back so the
sidebar search box is usable again. No-op when the treeview is visible.</doc>
<status status="PASS" start="2026-08-28T04:19:06.483045" elapsed="0.011160"/>
</kw>
<kw name="Type Text" owner="Browser">
<msg time="2026-08-28T04:19:06.496055" level="INFO">Types the text 'Reservoir Formation' in the given field.</msg>
<arg>${TREEVIEW_SEARCH}</arg>
<arg>${screen_name}</arg>
<arg>delay=60ms</arg>
<arg>clear=Yes</arg>
<tag>PageContent</tag>
<tag>Setter</tag>
<doc>Types the given ``txt`` into the text field found by ``selector``.</doc>
<status status="PASS" start="2026-08-28T04:19:06.494466" elapsed="1.495567"/>
</kw>
<kw name="Wait For Elements State" owner="Browser">
<msg time="2026-08-28T04:19:08.812406" level="INFO">Waited for Element with selector xpath=//*[self::label or self::span][contains(@class,'tv-link') and normalize-space(text())='Reservoir Formation'] at state visible</msg>
<arg>xpath=//*[self::label or self::span][contains(@class,'tv-link') and normalize-space(text())='${screen_name}']</arg>
<arg>visible</arg>
<arg>timeout=10s</arg>
<tag>PageContent</tag>
<tag>Wait</tag>
<doc>Waits for the element found by ``selector`` to satisfy state option.</doc>
<status status="PASS" start="2026-08-28T04:19:07.990288" elapsed="0.822343"/>
</kw>
<kw name="Click" owner="Browser">
<msg time="2026-08-28T04:19:08.813700" level="INFO">Clicks the element 'xpath=//*[self::label or self::span][contains(@class,'tv-link') and normalize-space(text())='Reservoir Formation']'.</msg>
<arg>xpath=//*[self::label or self::span][contains(@class,'tv-link') and normalize-space(text())='${screen_name}']</arg>
<tag>PageContent</tag>
<tag>Setter</tag>
<doc>Simulates mouse click on the element found by ``selector``.</doc>
<status status="PASS" start="2026-08-28T04:19:08.812905" elapsed="0.046047"/>
</kw>
<kw name="Wait For Load State" owner="Browser">
<msg time="2026-08-28T04:19:08.860623" level="INFO">Waiting page load to state to receive networkidle in 15000.0</msg>
<msg time="2026-08-28T04:19:08.864190" level="INFO">Load state networkidle got in 15000</msg>
<arg>networkidle</arg>
<arg>timeout=15s</arg>
<tag>PageContent</tag>
<tag>Wait</tag>
<doc>Waits that the page reaches the required load state.</doc>
<status status="PASS" start="2026-08-28T04:19:08.859402" elapsed="0.005013"/>
</kw>
<kw name="Sleep" owner="BuiltIn">
<msg time="2026-08-28T04:19:10.365939" level="INFO">Slept 1 second 500 milliseconds.</msg>
<arg>1.5s</arg>
<doc>Pauses the test executed for the given time.</doc>
<status status="PASS" start="2026-08-28T04:19:08.864745" elapsed="1.501330"/>
</kw>
<kw name="Confirm Screen Loaded" owner="screen">
<kw name="Get Text" owner="Browser">
<msg time="2026-08-28T04:19:10.395908" level="INFO">Text: 'Reservoir Formation'</msg>
<msg time="2026-08-28T04:19:10.396082" level="INFO">${label} = Reservoir Formation</msg>
<var>${label}</var>
<arg>css=[id="screenToolbar:form:screenLabel"]</arg>
<tag>Assertion</tag>
<tag>Getter</tag>
<tag>PageContent</tag>
<doc>Returns text attribute of the element found by ``selector``.</doc>
<status status="PASS" start="2026-08-28T04:19:10.366981" elapsed="0.029132"/>
</kw>
<kw name="Should Contain" owner="BuiltIn">
<arg>${label}</arg>
<arg>${screen_name}</arg>
<arg>msg=Failed to navigate to ${screen_name}</arg>
<doc>Fails if ``container`` does not contain ``item`` one or more times.</doc>
<status status="PASS" start="2026-08-28T04:19:10.396329" elapsed="0.000514"/>
</kw>
<arg>${screen_name}</arg>
<doc>Assert the loaded screen's toolbar label matches Reservoir Formation.</doc>
<status status="PASS" start="2026-08-28T04:19:10.366525" elapsed="0.030437"/>
</kw>
<kw name="Expand Screen To Full Page" owner="screen">
<kw name="Wait For Elements State" owner="Browser">
<msg time="2026-08-28T04:19:10.403182" level="INFO">Waited for Element with selector css=[id="screenToolbar:form:minmaxMenu"] at state visible</msg>
<arg>${SCREEN_MINMAX_BTN}</arg>
<arg>visible</arg>
<arg>timeout=15s</arg>
<tag>PageContent</tag>
<tag>Wait</tag>
<doc>Waits for the element found by ``selector`` to satisfy state option.</doc>
<status status="PASS" start="2026-08-28T04:19:10.397326" elapsed="0.006057"/>
</kw>
<kw name="Click" owner="Browser">
<msg time="2026-08-28T04:19:10.404221" level="INFO">Clicks the element 'css=[id="screenToolbar:form:minmaxMenu"]'.</msg>
<arg>${SCREEN_MINMAX_BTN}</arg>
<tag>PageContent</tag>
<tag>Setter</tag>
<doc>Simulates mouse click on the element found by ``selector``.</doc>
<status status="PASS" start="2026-08-28T04:19:10.403614" elapsed="0.029935"/>
</kw>
<kw name="Wait For Load State" owner="Browser">
<msg time="2026-08-28T04:19:10.435215" level="INFO">Waiting page load to state to receive networkidle in 15000.0</msg>
<msg time="2026-08-28T04:19:10.439121" level="INFO">Load state networkidle got in 15000</msg>
<arg>networkidle</arg>
<arg>timeout=15s</arg>
<tag>PageContent</tag>
<tag>Wait</tag>
<doc>Waits that the page reaches the required load state.</doc>
<status status="PASS" start="2026-08-28T04:19:10.433907" elapsed="0.005412"/>
</kw>
<kw name="Sleep" owner="BuiltIn">
<msg time="2026-08-28T04:19:10.940484" level="INFO">Slept 500 milliseconds.</msg>
<arg>0.5s</arg>
<doc>Pauses the test executed for the given time.</doc>
<status status="PASS" start="2026-08-28T04:19:10.439597" elapsed="0.501020"/>
</kw>
<doc>Click the screen min/max toggle to hide the treeview so the
loaded EC screen takes the full page width (more data columns visible).</doc>
<status status="PASS" start="2026-08-28T04:19:10.397099" elapsed="0.543640"/>
</kw>
<arg>${screen_name}</arg>
<doc>Open a screen via the sidebar search, confirm it loaded, then
expand it to full page (hide the treeview). Restores the treeview first if
a previous expand left it hidden, so repeated navigation keeps working.</doc>
<status status="PASS" start="2026-08-28T04:19:06.468657" elapsed="4.472151"/>
</kw>
<kw name="Capture Step" owner="utils">
<if>
<branch type="IF" condition="${CAPTURE_SCREENSHOTS}">
<kw name="Take Screenshot" owner="Browser">
<msg time="2026-08-28T04:19:11.025261" level="INFO" html="true">&lt;/td&gt;&lt;/tr&gt;&lt;tr&gt;&lt;td colspan="3"&gt;&lt;a href="TC02%20Insert%20Reservoir%20Formation%20Data_open_screen.png" target="_blank"&gt;&lt;img src="TC02%20Insert%20Reservoir%20Formation%20Data_open_screen.png" width="800px"/&gt;&lt;/a&gt;</msg>
<arg>filename=${OUTPUT_DIR}/${label}</arg>
<tag>PageContent</tag>
<doc>Takes a screenshot of the current window or element and saves it to disk.</doc>
<status status="PASS" start="2026-08-28T04:19:10.941755" elapsed="0.083731"/>
</kw>
<status status="PASS" start="2026-08-28T04:19:10.941543" elapsed="0.084033"/>
</branch>
<status status="PASS" start="2026-08-28T04:19:10.941518" elapsed="0.084130"/>
</if>
<arg>${TEST NAME}_open_screen</arg>
<doc>Take a screenshot into the output dir with a step label - unless
True (environment.py, EC_CAPTURE_SCREENSHOTS env var) is OFF, in
which case this is a no-op (owner-requested 2026-08-18, so a fast run can skip
per-step evidence capture entirely).</doc>
<status status="PASS" start="2026-08-28T04:19:10.941163" elapsed="0.084570"/>
</kw>
<arg>${RESERVOIR_FORMATION_SCREEN}</arg>
<doc>Navigate to ${screen_name} and capture the open-screen evidence
screenshot. Shared body for every screen's own zero-arg "Open &lt;Screen&gt; Screen"
wrapper (bank_page.resource's Open Bank Screen, object_list_page.resource's Open
Object List Screen, etc.) - each of those only supplies its own screen-name
constant and delegates the actual navigation here, since Bank's and Object List's
wrappers were found to have identical bodies (owner query 2026-08-21) differing
only in which screen-name constant was passed. Assumes the caller already logged
in this test case - this keyword ONLY navigates.</doc>
<status status="PASS" start="2026-08-28T04:19:06.467383" elapsed="4.558438"/>
</kw>
<doc>Navigate to the Reservoir Formation screen. Assumes the caller already
logged in this test case (via Login To EC Application) - this keyword ONLY
navigates. Delegates to the shared T1 Open EC Screen (common.resource) for the
actual mechanics.</doc>
<status status="PASS" start="2026-08-28T04:19:06.461926" elapsed="4.563984"/>
</kw>
<kw name="Insert Reservoir Formation Record And Save" owner="reservoir_formation_page">
<kw name="Insert Object From Properties And Verify Code" owner="manage_object">
<kw name="Insert Object From Properties" owner="manage_object">
<kw name="Read Properties" owner="PropertiesReader">
<msg time="2026-08-28T04:19:11.033266" level="INFO">${data} = {'Reservoir Formation Code': 'AUTOTEST_RESVF', 'Reservoir Formation Name': 'AUTOTEST Reservoir Formation', 'Start Date': '2000-01-01'}</msg>
<var>${data}</var>
<arg>${properties_path}</arg>
<doc>Return an ordered dict of {column_label: value} from a simple key=value properties file.</doc>
<status status="PASS" start="2026-08-28T04:19:11.032323" elapsed="0.001000"/>
</kw>
<kw name="Open New Object Form" owner="manage_object">
<kw name="Hover" owner="Browser">
<arg>xpath=//li[contains(@class,'ui-menu-parent')][.//span[contains(@class,'ui-icon-insert')]]</arg>
<tag>PageContent</tag>
<tag>Setter</tag>
<doc>Moves the virtual mouse and scrolls to the element found by ``selector``.</doc>
<status status="PASS" start="2026-08-28T04:19:11.034020" elapsed="0.056268"/>
</kw>
<kw name="Wait For Elements State" owner="Browser">
<msg time="2026-08-28T04:19:11.097006" level="INFO">Waited for Element with selector xpath=//ul[contains(@class,'ui-menu-child')]//li//a[normalize-space(.)='New Object'] at state visible</msg>
<arg>xpath=//ul[contains(@class,'ui-menu-child')]//li//a[normalize-space(.)='New Object']</arg>
<arg>visible</arg>
<arg>timeout=10s</arg>
<tag>PageContent</tag>
<tag>Wait</tag>
<doc>Waits for the element found by ``selector`` to satisfy state option.</doc>
<status status="PASS" start="2026-08-28T04:19:11.090721" elapsed="0.006451"/>
</kw>
<kw name="Click" owner="Browser">
<msg time="2026-08-28T04:19:11.097957" level="INFO">Clicks the element 'xpath=//ul[contains(@class,'ui-menu-child')]//li//a[normalize-space(.)='New Object']'.</msg>
<arg>xpath=//ul[contains(@class,'ui-menu-child')]//li//a[normalize-space(.)='New Object']</arg>
<tag>PageContent</tag>
<tag>Setter</tag>
<doc>Simulates mouse click on the element found by ``selector``.</doc>
<status status="PASS" start="2026-08-28T04:19:11.097402" elapsed="0.052133"/>
</kw>
<kw name="Wait For Load State" owner="Browser">
<msg time="2026-08-28T04:19:11.150623" level="INFO">Waiting page load to state to receive networkidle in 15000.0</msg>
<msg time="2026-08-28T04:19:11.154185" level="INFO">Load state networkidle got in 15000</msg>
<arg>networkidle</arg>
<arg>timeout=15s</arg>
<tag>PageContent</tag>
<tag>Wait</tag>
<doc>Waits that the page reaches the required load state.</doc>
<status status="PASS" start="2026-08-28T04:19:11.149853" elapsed="0.004484"/>
</kw>
<kw name="Sleep" owner="BuiltIn">
<msg time="2026-08-28T04:19:12.355319" level="INFO">Slept 1 second 200 milliseconds.</msg>
<arg>1.2s</arg>
<doc>Pauses the test executed for the given time.</doc>
<status status="PASS" start="2026-08-28T04:19:11.154559" elapsed="1.200968"/>
</kw>
<doc>Hover the Insert toolbar menu and choose "New Object".
Wait for the submenu item to be visible before clicking (robust vs a fixed sleep).</doc>
<status status="PASS" start="2026-08-28T04:19:11.033598" elapsed="1.322109"/>
</kw>
<for flavor="IN">
<iter>
<kw name="Fill OV Field By Label Any Kind" owner="manage_object">
<kw name="Get Element Count" owner="Browser">
<msg time="2026-08-28T04:19:12.371379" level="INFO">${dd_count} = 0</msg>
<var>${dd_count}</var>
<arg>xpath=//span[contains(@class,'ECCell') and contains(@id,':${form}:form:') and normalize-space(text())='${label}']/ancestor::div[contains(@class,'tableCell')][1]/following-sibling::div[contains(@class,'tableCell')][1]//input[contains(@id,'dd_input')]</arg>
<tag>Assertion</tag>
<tag>Getter</tag>
<tag>PageContent</tag>
<doc>Returns the count of elements found with ``selector``.</doc>
<status status="PASS" start="2026-08-28T04:19:12.363595" elapsed="0.007942"/>
</kw>
<if>
<branch type="IF" condition="${dd_count} &gt; 0">
<kw name="Fill OV Dropdown By Label" owner="manage_object">
<arg>${form}</arg>
<arg>${label}</arg>
<arg>${value}</arg>
<doc>Select an autocomplete-dropdown option found by its LABEL in objectForm (no hardcoded ids).
Targets the dd input SPECIFICALLY (contains 'dd_input') - the generic //input matches TWO nodes
for a dropdown (dd_input + dd_hinput) and trips Browser strict mode. Derives the PrimeFaces widget
prefix (strip '_input' -&gt; '...:dd'), then reuses Select EC Dropdown Option (chevron -&gt; item row).</doc>
<status status="NOT RUN" start="2026-08-28T04:19:12.373033" elapsed="0.000307"/>
</kw>
<status status="NOT RUN" start="2026-08-28T04:19:12.371851" elapsed="0.001652"/>
</branch>
<branch type="ELSE">
<kw name="Get Element Count" owner="Browser">
<msg time="2026-08-28T04:19:12.386126" level="INFO">${pin_count} = 0</msg>
<var>${pin_count}</var>
<arg>xpath=//span[contains(@class,'ECCell') and contains(@id,'${form}:form:') and normalize-space(text())='${label}']/ancestor::div[contains(@class,'tableCell')][1]/following-sibling::div[contains(@class,'tableCell')][1]//input[substring(@id, string-length(@id) - 3) = ':pin']</arg>
<tag>Assertion</tag>
<tag>Getter</tag>
<tag>PageContent</tag>
<doc>Returns the count of elements found with ``selector``.</doc>
<status status="PASS" start="2026-08-28T04:19:12.374214" elapsed="0.012026"/>
</kw>
<if>
<branch type="IF" condition="${pin_count} &gt; 0">
<kw name="Pick OV Popup By Label" owner="manage_object">
<arg>${form}</arg>
<arg>${label}</arg>
<arg>${value}</arg>
<doc>Select a "Pick from EC Object" popup reference found by its LABEL in objectForm
(objectForm = objectForm | updateAttributes | objectdates | nav). Resolves the readonly
'...:pin' input by label (adjacent tableCell, same as the dropdown resolver but ending ':pin'),
then reuses Pick From EC Object Popup (or Pick First for __FIRST__). LOCATION-AGNOSTIC: the
pin/pinB widget is identical in the insert form and the navigator, so the same keyword handles
both (the id-prefix filter drops the leading colon so 'nav:form:' matches as well as 'objectForm:form:').</doc>
<status status="NOT RUN" start="2026-08-28T04:19:12.388425" elapsed="0.000468"/>
</kw>
<status status="NOT RUN" start="2026-08-28T04:19:12.386576" elapsed="0.002523"/>
</branch>
<branch type="ELSE">
<kw name="OV Field Id By Label" owner="manage_object">
<kw name="Get Attribute" owner="Browser">
<msg time="2026-08-28T04:19:12.412235" level="INFO">Attribute is: 'tab:tabPanel:objectForm:form:G:0:R:0:C:1:in'</msg>
<msg time="2026-08-28T04:19:12.412467" level="INFO">${id} = tab:tabPanel:objectForm:form:G:0:R:0:C:1:in</msg>
<var>${id}</var>
<arg>xpath=//span[contains(@class,'ECCell') and contains(@id,':${form}:form:') and normalize-space(text())='${label}']/ancestor::div[contains(@class,'tableCell')][1]/following-sibling::div[contains(@class,'tableCell')][1]//input</arg>
<arg>id</arg>
<tag>Assertion</tag>
<tag>Getter</tag>
<tag>PageContent</tag>
<doc>Returns the HTML ``attribute`` of the element found by ``selector``.</doc>
<status status="PASS" start="2026-08-28T04:19:12.391800" elapsed="0.020714"/>
</kw>
<return>
<value>${id}</value>
<status status="PASS" start="2026-08-28T04:19:12.412661" elapsed="0.000221"/>
</return>
<msg time="2026-08-28T04:19:12.413075" level="INFO">${id} = tab:tabPanel:objectForm:form:G:0:R:0:C:1:in</msg>
<var>${id}</var>
<arg>${form}</arg>
<arg>${label}</arg>
<doc>Resolve the input id for a field by its LABEL in objectForm (no hardcoded row/column).</doc>
<status status="PASS" start="2026-08-28T04:19:12.390214" elapsed="0.022891"/>
</kw>
<if>
<branch type="IF" condition="'${id}'[-8:] == 'da_input'">
<kw name="Fill EC Date" owner="table">
<arg>${id}</arg>
<arg>${value}</arg>
<doc>Fill a da_input calendar field; Tab out triggers PrimeFaces validation.</doc>
<status status="NOT RUN" start="2026-08-28T04:19:12.413694" elapsed="0.000087"/>
</kw>
<status status="NOT RUN" start="2026-08-28T04:19:12.413222" elapsed="0.000610"/>
</branch>
<branch type="ELSE">
<kw name="Fill EC Field" owner="table">
<kw name="Fill Text" owner="Browser">
<msg time="2026-08-28T04:19:12.415186" level="INFO">Fills the text 'AUTOTEST_RESVF' in the given field.</msg>
<arg>css=[id="${field_id}"]</arg>
<arg>${value}</arg>
<tag>PageContent</tag>
<tag>Setter</tag>
<doc>Clears and fills the given ``txt`` into the text field found by ``selector``.</doc>
<status status="PASS" start="2026-08-28T04:19:12.414474" elapsed="0.019089"/>
</kw>
<kw name="Evaluate JavaScript" owner="Browser">
<msg time="2026-08-28T04:19:12.444525" level="INFO">JavaScript executed successfully.</msg>
<arg>${None}</arg>
<arg>() =&gt; { const e=document.getElementById('${field_id}'); if(e){e.dispatchEvent(new Event('change',{bubbles:true}));e.dispatchEvent(new Event('blur',{bubbles:true}));} }</arg>
<tag>Getter</tag>
<tag>PageContent</tag>
<tag>Setter</tag>
<doc>Executes given javascript on the selected element(s) or on page.</doc>
<status status="PASS" start="2026-08-28T04:19:12.433892" elapsed="0.010885"/>
</kw>
<kw name="Sleep" owner="BuiltIn">
<msg time="2026-08-28T04:19:12.846338" level="INFO">Slept 400 milliseconds.</msg>
<arg>0.4s</arg>
<doc>Pauses the test executed for the given time.</doc>
<status status="PASS" start="2026-08-28T04:19:12.445102" elapsed="0.401421"/>
</kw>
<arg>${id}</arg>
<arg>${value}</arg>
<doc>Fill a text input by EC id and dispatch change/blur for EC validation.</doc>
<status status="PASS" start="2026-08-28T04:19:12.414052" elapsed="0.432637"/>
</kw>
<status status="PASS" start="2026-08-28T04:19:12.413873" elapsed="0.432883"/>
</branch>
<status status="PASS" start="2026-08-28T04:19:12.413197" elapsed="0.433621"/>
</if>
<status status="PASS" start="2026-08-28T04:19:12.389241" elapsed="0.457619"/>
</branch>
<status status="PASS" start="2026-08-28T04:19:12.386504" elapsed="0.460404"/>
</if>
<status status="PASS" start="2026-08-28T04:19:12.373651" elapsed="0.473284"/>
</branch>
<status status="PASS" start="2026-08-28T04:19:12.371797" elapsed="0.475176"/>
</if>
<arg>objectForm</arg>
<arg>${label}</arg>
<arg>${data}[${label}]</arg>
<doc>Fill a field found by LABEL in ${form}, auto-detecting whether it's a
dropdown, date, popup, or plain text field - so a properties-file-driven caller never
has to know a field's kind ahead of time. Dropdown is checked FIRST and separately
(not via the generic OV Field Id By Label) because a dropdown's "following-sibling"
tableCell holds TWO input nodes (dd_input + dd_hinput) - the generic single-//input
xpath trips Browser strict mode on those, exactly the gotcha Fill OV Dropdown By Label
already documents. __FIRST__ picks the first available option for a dropdown/popup.</doc>
<status status="PASS" start="2026-08-28T04:19:12.362598" elapsed="0.484441"/>
</kw>
<var name="${label}">Reservoir Formation Code</var>
<status status="PASS" start="2026-08-28T04:19:12.358876" elapsed="0.488232"/>
</iter>
<iter>
<kw name="Fill OV Field By Label Any Kind" owner="manage_object">
<kw name="Get Element Count" owner="Browser">
<msg time="2026-08-28T04:19:12.858716" level="INFO">${dd_count} = 0</msg>
<var>${dd_count}</var>
<arg>xpath=//span[contains(@class,'ECCell') and contains(@id,':${form}:form:') and normalize-space(text())='${label}']/ancestor::div[contains(@class,'tableCell')][1]/following-sibling::div[contains(@class,'tableCell')][1]//input[contains(@id,'dd_input')]</arg>
<tag>Assertion</tag>
<tag>Getter</tag>
<tag>PageContent</tag>
<doc>Returns the count of elements found with ``selector``.</doc>
<status status="PASS" start="2026-08-28T04:19:12.852125" elapsed="0.006659"/>
</kw>
<if>
<branch type="IF" condition="${dd_count} &gt; 0">
<kw name="Fill OV Dropdown By Label" owner="manage_object">
<arg>${form}</arg>
<arg>${label}</arg>
<arg>${value}</arg>
<doc>Select an autocomplete-dropdown option found by its LABEL in objectForm (no hardcoded ids).
Targets the dd input SPECIFICALLY (contains 'dd_input') - the generic //input matches TWO nodes
for a dropdown (dd_input + dd_hinput) and trips Browser strict mode. Derives the PrimeFaces widget
prefix (strip '_input' -&gt; '...:dd'), then reuses Select EC Dropdown Option (chevron -&gt; item row).</doc>
<status status="NOT RUN" start="2026-08-28T04:19:12.859660" elapsed="0.000103"/>
</kw>
<status status="NOT RUN" start="2026-08-28T04:19:12.859012" elapsed="0.000826"/>
</branch>
<branch type="ELSE">
<kw name="Get Element Count" owner="Browser">
<msg time="2026-08-28T04:19:12.865319" level="INFO">${pin_count} = 0</msg>
<var>${pin_count}</var>
<arg>xpath=//span[contains(@class,'ECCell') and contains(@id,'${form}:form:') and normalize-space(text())='${label}']/ancestor::div[contains(@class,'tableCell')][1]/following-sibling::div[contains(@class,'tableCell')][1]//input[substring(@id, string-length(@id) - 3) = ':pin']</arg>
<tag>Assertion</tag>
<tag>Getter</tag>
<tag>PageContent</tag>
<doc>Returns the count of elements found with ``selector``.</doc>
<status status="PASS" start="2026-08-28T04:19:12.860136" elapsed="0.005255"/>
</kw>
<if>
<branch type="IF" condition="${pin_count} &gt; 0">
<kw name="Pick OV Popup By Label" owner="manage_object">
<arg>${form}</arg>
<arg>${label}</arg>
<arg>${value}</arg>
<doc>Select a "Pick from EC Object" popup reference found by its LABEL in objectForm
(objectForm = objectForm | updateAttributes | objectdates | nav). Resolves the readonly
'...:pin' input by label (adjacent tableCell, same as the dropdown resolver but ending ':pin'),
then reuses Pick From EC Object Popup (or Pick First for __FIRST__). LOCATION-AGNOSTIC: the
pin/pinB widget is identical in the insert form and the navigator, so the same keyword handles
both (the id-prefix filter drops the leading colon so 'nav:form:' matches as well as 'objectForm:form:').</doc>
<status status="NOT RUN" start="2026-08-28T04:19:12.866272" elapsed="0.000146"/>
</kw>
<status status="NOT RUN" start="2026-08-28T04:19:12.865585" elapsed="0.000932"/>
</branch>
<branch type="ELSE">
<kw name="OV Field Id By Label" owner="manage_object">
<kw name="Get Attribute" owner="Browser">
<msg time="2026-08-28T04:19:12.880758" level="INFO">Attribute is: 'tab:tabPanel:objectForm:form:G:0:R:1:C:1:in'</msg>
<msg time="2026-08-28T04:19:12.880979" level="INFO">${id} = tab:tabPanel:objectForm:form:G:0:R:1:C:1:in</msg>
<var>${id}</var>
<arg>xpath=//span[contains(@class,'ECCell') and contains(@id,':${form}:form:') and normalize-space(text())='${label}']/ancestor::div[contains(@class,'tableCell')][1]/following-sibling::div[contains(@class,'tableCell')][1]//input</arg>
<arg>id</arg>
<tag>Assertion</tag>
<tag>Getter</tag>
<tag>PageContent</tag>
<doc>Returns the HTML ``attribute`` of the element found by ``selector``.</doc>
<status status="PASS" start="2026-08-28T04:19:12.867494" elapsed="0.013534"/>
</kw>
<return>
<value>${id}</value>
<status status="PASS" start="2026-08-28T04:19:12.881168" elapsed="0.000208"/>
</return>
<msg time="2026-08-28T04:19:12.881592" level="INFO">${id} = tab:tabPanel:objectForm:form:G:0:R:1:C:1:in</msg>
<var>${id}</var>
<arg>${form}</arg>
<arg>${label}</arg>
<doc>Resolve the input id for a field by its LABEL in objectForm (no hardcoded row/column).</doc>
<status status="PASS" start="2026-08-28T04:19:12.866955" elapsed="0.014672"/>
</kw>
<if>
<branch type="IF" condition="'${id}'[-8:] == 'da_input'">
<kw name="Fill EC Date" owner="table">
<arg>${id}</arg>
<arg>${value}</arg>
<doc>Fill a da_input calendar field; Tab out triggers PrimeFaces validation.</doc>
<status status="NOT RUN" start="2026-08-28T04:19:12.882190" elapsed="0.000114"/>
</kw>
<status status="NOT RUN" start="2026-08-28T04:19:12.881750" elapsed="0.000705"/>
</branch>
<branch type="ELSE">
<kw name="Fill EC Field" owner="table">
<kw name="Fill Text" owner="Browser">
<msg time="2026-08-28T04:19:12.883948" level="INFO">Fills the text 'AUTOTEST Reservoir Formation' in the given field.</msg>
<arg>css=[id="${field_id}"]</arg>
<arg>${value}</arg>
<tag>PageContent</tag>
<tag>Setter</tag>
<doc>Clears and fills the given ``txt`` into the text field found by ``selector``.</doc>
<status status="PASS" start="2026-08-28T04:19:12.883158" elapsed="0.013829"/>
</kw>
<kw name="Evaluate JavaScript" owner="Browser">
<msg time="2026-08-28T04:19:12.903978" level="INFO">JavaScript executed successfully.</msg>
<arg>${None}</arg>
<arg>() =&gt; { const e=document.getElementById('${field_id}'); if(e){e.dispatchEvent(new Event('change',{bubbles:true}));e.dispatchEvent(new Event('blur',{bubbles:true}));} }</arg>
<tag>Getter</tag>
<tag>PageContent</tag>
<tag>Setter</tag>
<doc>Executes given javascript on the selected element(s) or on page.</doc>
<status status="PASS" start="2026-08-28T04:19:12.897334" elapsed="0.006908"/>
</kw>
<kw name="Sleep" owner="BuiltIn">
<msg time="2026-08-28T04:19:13.305448" level="INFO">Slept 400 milliseconds.</msg>
<arg>0.4s</arg>
<doc>Pauses the test executed for the given time.</doc>
<status status="PASS" start="2026-08-28T04:19:12.904583" elapsed="0.401057"/>
</kw>
<arg>${id}</arg>
<arg>${value}</arg>
<doc>Fill a text input by EC id and dispatch change/blur for EC validation.</doc>
<status status="PASS" start="2026-08-28T04:19:12.882713" elapsed="0.423098"/>
</kw>
<status status="PASS" start="2026-08-28T04:19:12.882505" elapsed="0.423374"/>
</branch>
<status status="PASS" start="2026-08-28T04:19:12.881724" elapsed="0.424213"/>
</if>
<status status="PASS" start="2026-08-28T04:19:12.866579" elapsed="0.439403"/>
</branch>
<status status="PASS" start="2026-08-28T04:19:12.865550" elapsed="0.440470"/>
</if>
<status status="PASS" start="2026-08-28T04:19:12.859891" elapsed="0.446158"/>
</branch>
<status status="PASS" start="2026-08-28T04:19:12.858975" elapsed="0.447108"/>
</if>
<arg>objectForm</arg>
<arg>${label}</arg>
<arg>${data}[${label}]</arg>
<doc>Fill a field found by LABEL in ${form}, auto-detecting whether it's a
dropdown, date, popup, or plain text field - so a properties-file-driven caller never
has to know a field's kind ahead of time. Dropdown is checked FIRST and separately
[...]
</kw>
<return>
<value>${on}</value>
<status status="PASS" start="2026-08-28T04:19:59.960295" elapsed="0.000076"/>
</return>
<msg time="2026-08-28T04:19:59.960472" level="INFO">${on} = True</msg>
<var>${on}</var>
<arg>${form}</arg>
<doc>True if the per-column filter row is currently rendered (any sfilter input present).</doc>
<status status="PASS" start="2026-08-28T04:19:59.956176" elapsed="0.004315"/>
</kw>
<if>
<branch type="IF" condition="not ${on}">
<kw name="Evaluate JavaScript" owner="Browser">
<arg>css=[id="${form}:T"]</arg>
<arg>(el) =&gt; { const e=el.ownerDocument.getElementById('${form}:T:tfo'); if(e){ e.click(); } }</arg>
<tag>Getter</tag>
<tag>PageContent</tag>
<tag>Setter</tag>
<doc>Executes given javascript on the selected element(s) or on page.</doc>
<status status="NOT RUN" start="2026-08-28T04:19:59.960727" elapsed="0.000047"/>
</kw>
<kw name="Wait For Load State" owner="Browser">
<arg>networkidle</arg>
<arg>timeout=15s</arg>
<tag>PageContent</tag>
<tag>Wait</tag>
<doc>Waits that the page reaches the required load state.</doc>
<status status="NOT RUN" start="2026-08-28T04:19:59.960878" elapsed="0.000049"/>
</kw>
<kw name="Sleep" owner="BuiltIn">
<arg>0.8s</arg>
<doc>Pauses the test executed for the given time.</doc>
<status status="NOT RUN" start="2026-08-28T04:19:59.961025" elapsed="0.000050"/>
</kw>
<status status="NOT RUN" start="2026-08-28T04:19:59.960558" elapsed="0.000572"/>
</branch>
<status status="PASS" start="2026-08-28T04:19:59.960542" elapsed="0.000622"/>
</if>
<arg>${form}</arg>
<doc>Turn the column filter row ON (idempotent). Clicks the hover-revealed toggle
manage_object_nav_nav:form:T:tfo in the content frame via JS, then waits for the filter-row AJAX to settle.</doc>
<status status="PASS" start="2026-08-28T04:19:59.955945" elapsed="0.005274"/>
</kw>
<variable name="${f}">
<msg time="2026-08-28T04:19:59.961390" level="INFO">${f} = manage_object_nav_nav:form:T:sfilter0_ft_filter</msg>
<var>${form}:T:sfilter${col}_ft_filter</var>
<status status="PASS" start="2026-08-28T04:19:59.961267" elapsed="0.000145"/>
</variable>
<kw name="Wait For Elements State" owner="Browser">
<msg time="2026-08-28T04:19:59.967739" level="INFO">Waited for Element with selector css=[id="manage_object_nav_nav:form:T:sfilter0_ft_filter"] at state visible</msg>
<arg>css=[id="${f}"]</arg>
<arg>visible</arg>
<arg>timeout=10s</arg>
<tag>PageContent</tag>
<tag>Wait</tag>
<doc>Waits for the element found by ``selector`` to satisfy state option.</doc>
<status status="PASS" start="2026-08-28T04:19:59.961512" elapsed="0.006552"/>
</kw>
<kw name="Click" owner="Browser">
<msg time="2026-08-28T04:19:59.969197" level="INFO">Clicks the element 'css=[id="manage_object_nav_nav:form:T:sfilter0_ft_filter"]'.</msg>
<arg>css=[id="${f}"]</arg>
<tag>PageContent</tag>
<tag>Setter</tag>
<doc>Simulates mouse click on the element found by ``selector``.</doc>
<status status="PASS" start="2026-08-28T04:19:59.968370" elapsed="0.025190"/>
</kw>
<kw name="Type Text" owner="Browser">
<msg time="2026-08-28T04:19:59.995101" level="INFO">Types the text 'AUTOTEST_RESVF' in the given field.</msg>
<arg>css=[id="${f}"]</arg>
<arg>${value}</arg>
<arg>clear=Yes</arg>
<tag>PageContent</tag>
<tag>Setter</tag>
<doc>Types the given ``txt`` into the text field found by ``selector``.</doc>
<status status="PASS" start="2026-08-28T04:19:59.993915" elapsed="0.068876"/>
</kw>
<kw name="Keyboard Key" owner="Browser">
<arg>press</arg>
<arg>Enter</arg>
<tag>PageContent</tag>
<tag>Setter</tag>
<doc>Press a keyboard key on the virtual keyboard or set a key up or down.</doc>
<status status="PASS" start="2026-08-28T04:20:00.063090" elapsed="0.010689"/>
</kw>
<kw name="Wait For Load State" owner="Browser">
<msg time="2026-08-28T04:20:00.075189" level="INFO">Waiting page load to state to receive networkidle in 15000.0</msg>
<msg time="2026-08-28T04:20:00.077855" level="INFO">Load state networkidle got in 15000</msg>
<arg>networkidle</arg>
<arg>timeout=15s</arg>
<tag>PageContent</tag>
<tag>Wait</tag>
<doc>Waits that the page reaches the required load state.</doc>
<status status="PASS" start="2026-08-28T04:20:00.074123" elapsed="0.003900"/>
</kw>
<kw name="Sleep" owner="BuiltIn">
<msg time="2026-08-28T04:20:01.079237" level="INFO">Slept 1 second.</msg>
<arg>1s</arg>
<doc>Pauses the test executed for the given time.</doc>
<status status="PASS" start="2026-08-28T04:20:00.078275" elapsed="1.001099"/>
</kw>
<arg>${form}</arg>
<arg>0</arg>
<arg>${code}</arg>
<doc>With filtering ON, type ${value} into the text filter of column ${col} (0-based,
left-to-right) and submit with Enter. EC does a partial "contains" match and narrows the grid.</doc>
<status status="PASS" start="2026-08-28T04:19:59.955578" elapsed="1.123915"/>
</kw>
<kw name="Grid Data Row Count" owner="grid_menu">
<kw name="Evaluate JavaScript" owner="Browser">
<msg time="2026-08-28T04:20:01.094461" level="INFO">JavaScript executed successfully.</msg>
<msg time="2026-08-28T04:20:01.094735" level="INFO">${n} = 0</msg>
<var>${n}</var>
<arg>css=[id="${form}:T_data"]</arg>
<arg>(el) =&gt; el.querySelectorAll('tr[data-ri]').length</arg>
<tag>Getter</tag>
<tag>PageContent</tag>
<tag>Setter</tag>
<doc>Executes given javascript on the selected element(s) or on page.</doc>
<status status="PASS" start="2026-08-28T04:20:01.080265" elapsed="0.014512"/>
</kw>
<return>
<value>${n}</value>
<status status="PASS" start="2026-08-28T04:20:01.094906" elapsed="0.000196"/>
</return>
<msg time="2026-08-28T04:20:01.095268" level="INFO">${n} = 0</msg>
<var>${n}</var>
<arg>${form}</arg>
<doc>Count the real data rows in the grid body (manage_object_nav_nav:form:T_data) - the live result count
after filtering. Counts by the PrimeFaces row-index attribute (tr[data-ri]) so it works on grids
whose cells are input fields (where tr.textContent is empty); the "no records" message row has no
data-ri and is excluded. Anchored in the content frame.</doc>
<status status="PASS" start="2026-08-28T04:20:01.079813" elapsed="0.015479"/>
</kw>
<kw name="Clear Grid Text Column Filter" owner="grid_menu">
<variable name="${f}">
<msg time="2026-08-28T04:20:01.098292" level="INFO">${f} = manage_object_nav_nav:form:T:sfilter0_ft_filter</msg>
<var>${form}:T:sfilter${col}_ft_filter</var>
<status status="PASS" start="2026-08-28T04:20:01.098103" elapsed="0.000229"/>
</variable>
<kw name="Click" owner="Browser">
<msg time="2026-08-28T04:20:01.099091" level="INFO">Clicks the element 'css=[id="manage_object_nav_nav:form:T:sfilter0_ft_filter"]'.</msg>
<arg>css=[id="${f}"]</arg>
<tag>PageContent</tag>
<tag>Setter</tag>
<doc>Simulates mouse click on the element found by ``selector``.</doc>
<status status="PASS" start="2026-08-28T04:20:01.098526" elapsed="0.041447"/>
</kw>
<kw name="Keyboard Key" owner="Browser">
<arg>press</arg>
<arg>Control+A</arg>
<tag>PageContent</tag>
<tag>Setter</tag>
<doc>Press a keyboard key on the virtual keyboard or set a key up or down.</doc>
<status status="PASS" start="2026-08-28T04:20:01.140227" elapsed="0.006814"/>
</kw>
<kw name="Keyboard Key" owner="Browser">
<arg>press</arg>
<arg>Delete</arg>
<tag>PageContent</tag>
<tag>Setter</tag>
<doc>Press a keyboard key on the virtual keyboard or set a key up or down.</doc>
<status status="PASS" start="2026-08-28T04:20:01.147300" elapsed="0.005130"/>
</kw>
<kw name="Keyboard Key" owner="Browser">
<arg>press</arg>
<arg>Enter</arg>
<tag>PageContent</tag>
<tag>Setter</tag>
<doc>Press a keyboard key on the virtual keyboard or set a key up or down.</doc>
<status status="PASS" start="2026-08-28T04:20:01.152698" elapsed="0.005582"/>
</kw>
<kw name="Wait For Load State" owner="Browser">
<msg time="2026-08-28T04:20:01.159249" level="INFO">Waiting page load to state to receive networkidle in 15000.0</msg>
<msg time="2026-08-28T04:20:01.161030" level="INFO">Load state networkidle got in 15000</msg>
<arg>networkidle</arg>
<arg>timeout=15s</arg>
<tag>PageContent</tag>
<tag>Wait</tag>
<doc>Waits that the page reaches the required load state.</doc>
<status status="PASS" start="2026-08-28T04:20:01.158530" elapsed="0.002606"/>
</kw>
<kw name="Sleep" owner="BuiltIn">
<msg time="2026-08-28T04:20:02.161903" level="INFO">Slept 1 second.</msg>
<arg>1s</arg>
<doc>Pauses the test executed for the given time.</doc>
<status status="PASS" start="2026-08-28T04:20:01.161336" elapsed="1.000724"/>
</kw>
<arg>${form}</arg>
<arg>0</arg>
<doc>Clear the text filter on column ${col} (select-all + Delete + Enter) and let the grid
refresh back to the unfiltered (or other-column-filtered) set.</doc>
<status status="PASS" start="2026-08-28T04:20:01.097669" elapsed="1.064534"/>
</kw>
<kw name="Should Be Equal" owner="BuiltIn">
<arg>${n}</arg>
<arg>${0}</arg>
<arg>msg=Row ${code} should NOT exist in ${table_id}</arg>
<doc>Fails if the given objects are unequal.</doc>
<status status="PASS" start="2026-08-28T04:20:02.162445" elapsed="0.001674"/>
</kw>
<status status="PASS" start="2026-08-28T04:19:59.952235" elapsed="2.211940"/>
</branch>
<branch type="ELSE">
<kw name="Row Should Not Exist" owner="table">
<arg>${table_id}</arg>
<arg>${code}</arg>
<doc>Assert a row with AUTOTEST_RESVF is absent.</doc>
<status status="NOT RUN" start="2026-08-28T04:20:02.164491" elapsed="0.000106"/>
</kw>
<status status="NOT RUN" start="2026-08-28T04:20:02.164221" elapsed="0.000428"/>
</branch>
<status status="PASS" start="2026-08-28T04:19:59.952202" elapsed="2.212487"/>
</if>
<arg>${table_id}</arg>
<arg>${code}</arg>
<doc>Assert a row with AUTOTEST_RESVF is absent from manage_object_nav_nav:form:T_data - across the WHOLE
dataset when this grid supports filtering, not just the current page (2026-08-22
standardisation, generalised from Account's one-off page-walk fix). Unlike OV Row
Should Exist, this does NOT try the current page first: a current-page-only absence
check is unsound on ANY grid, not just a large one - a stale leftover row could sit
on a later page while page 1 looks clean regardless of grid size. Falls back to the
original raw current-page-only check only when this grid has no filter toggle at all
(an older/non-filtering grid keeps its exact prior behavior - nothing to filter,
nothing lost).</doc>
<status status="PASS" start="2026-08-28T04:19:59.944870" elapsed="2.219910"/>
</kw>
<kw name="Code Should Be Absent In View" owner="DbVerify">
<arg>${db_view}</arg>
<arg>${code}</arg>
<doc>Fail if ``code`` appears in any string column of ``view`` (DB ground truth).</doc>
<status status="PASS" start="2026-08-28T04:20:02.164919" elapsed="0.159244"/>
</kw>
<arg>${RESERVOIR_FORMATION_TABLE}</arg>
<arg>OV_RESV_FORMATION</arg>
<arg>${code}</arg>
<doc>Assert AUTOTEST_RESVF is absent from BOTH the grid (${table_id}) and the
database (${db_view}) - the shared core of every screen's "Verify &lt;Screen&gt; Record
Removed" keyword (added 2026-08-22). Caller adds its own Capture Step - screenshot
naming stays screen-aware, not pulled in here.</doc>
<status status="PASS" start="2026-08-28T04:19:59.944353" elapsed="2.380042"/>
</kw>
<kw name="Capture Step" owner="utils">
<if>
<branch type="IF" condition="${CAPTURE_SCREENSHOTS}">
<kw name="Take Screenshot" owner="Browser">
<msg time="2026-08-28T04:20:02.422462" level="INFO" html="true">&lt;/td&gt;&lt;/tr&gt;&lt;tr&gt;&lt;td colspan="3"&gt;&lt;a href="TC05%20Delete%20Reservoir%20Formation%20Data_verify.png" target="_blank"&gt;&lt;img src="TC05%20Delete%20Reservoir%20Formation%20Data_verify.png" width="800px"/&gt;&lt;/a&gt;</msg>
<arg>filename=${OUTPUT_DIR}/${label}</arg>
<tag>PageContent</tag>
<doc>Takes a screenshot of the current window or element and saves it to disk.</doc>
<status status="PASS" start="2026-08-28T04:20:02.325940" elapsed="0.096798"/>
</kw>
<status status="PASS" start="2026-08-28T04:20:02.325587" elapsed="0.097287"/>
</branch>
<status status="PASS" start="2026-08-28T04:20:02.325544" elapsed="0.097398"/>
</if>
<arg>${TEST NAME}_verify</arg>
<doc>Take a screenshot into the output dir with a step label - unless
True (environment.py, EC_CAPTURE_SCREENSHOTS env var) is OFF, in
which case this is a no-op (owner-requested 2026-08-18, so a fast run can skip
per-step evidence capture entirely).</doc>
<status status="PASS" start="2026-08-28T04:20:02.324844" elapsed="0.098180"/>
</kw>
<doc>Friendly-narrative wrapper around the TC05 verification, called with
ZERO arguments (defaults ${code} to the suite's AUTOTEST_RESVF): confirms ${code} is
absent from BOTH the grid and the database.</doc>
<status status="PASS" start="2026-08-28T04:19:59.940923" elapsed="2.482187"/>
</kw>
<kw name="Logout From EC Application" owner="browser">
<kw name="Click" owner="Browser">
<msg time="2026-08-28T04:20:02.424405" level="INFO">Clicks the element 'xpath=//span[contains(@class,'ui-icon-top-logout')]/ancestor::a[1]'.</msg>
<arg>xpath=//span[contains(@class,'ui-icon-top-logout')]/ancestor::a[1]</arg>
<tag>PageContent</tag>
<tag>Setter</tag>
<doc>Simulates mouse click on the element found by ``selector``.</doc>
<status status="PASS" start="2026-08-28T04:20:02.423840" elapsed="0.037871"/>
</kw>
<kw name="Wait For Elements State" owner="Browser">
<msg time="2026-08-28T04:20:02.679996" level="INFO">Waited for Element with selector css=[id="username"] at state visible</msg>
<arg>css=[id="username"]</arg>
<arg>visible</arg>
<arg>timeout=15s</arg>
<tag>PageContent</tag>
<tag>Wait</tag>
<doc>Waits for the element found by ``selector`` to satisfy state option.</doc>
<status status="PASS" start="2026-08-28T04:20:02.462116" elapsed="0.218104"/>
</kw>
<if>
<branch type="IF" condition="${CAPTURE_SCREENSHOTS}">
<kw name="Take Screenshot" owner="Browser">
<msg time="2026-08-28T04:20:02.750283" level="INFO" html="true">&lt;/td&gt;&lt;/tr&gt;&lt;tr&gt;&lt;td colspan="3"&gt;&lt;a href="TC05%20Delete%20Reservoir%20Formation%20Data_logout.png" target="_blank"&gt;&lt;img src="TC05%20Delete%20Reservoir%20Formation%20Data_logout.png" width="800px"/&gt;&lt;/a&gt;</msg>
<arg>filename=${OUTPUT_DIR}/${TEST NAME}_logout</arg>
<tag>PageContent</tag>
<doc>Takes a screenshot of the current window or element and saves it to disk.</doc>
<status status="PASS" start="2026-08-28T04:20:02.680903" elapsed="0.069586"/>
</kw>
<status status="PASS" start="2026-08-28T04:20:02.680411" elapsed="0.070195"/>
</branch>
<status status="PASS" start="2026-08-28T04:20:02.680377" elapsed="0.070300"/>
</if>
<doc>Click EC's real logout icon (top toolbar, next to the username) and confirm
it genuinely returns to the login page - not just closing the browser tab. Live-verified
2026-08-18 both from the landing page and from inside a loaded screen (e.g. Bank, after
Expand Screen To Full Page hides the treeview): clicking it triggers a PrimeFaces AJAX
logout and redirects to the Keycloak login page (#username field re-appears).
Screenshot capture is INLINED here (not a call to utils.resource's Capture Step) so
this T1 file has no dependency on another T1 file - a suite importing browser.resource
alone still works (R21 review note, 2026-08-18: the prior version would have hit
keyword-not-found on Logout for such a suite, even though none currently does this).</doc>
<status status="PASS" start="2026-08-28T04:20:02.423415" elapsed="0.327341"/>
</kw>
<kw name="Ensure Logged Out From EC Application" owner="browser" type="TEARDOWN">
<kw name="Get Element Count" owner="Browser">
<msg time="2026-08-28T04:20:02.756331" level="INFO">${already_at_login} = 1</msg>
<var>${already_at_login}</var>
<arg>css=[id="username"]:visible</arg>
<tag>Assertion</tag>
<tag>Getter</tag>
<tag>PageContent</tag>
<doc>Returns the count of elements found with ``selector``.</doc>
<status status="PASS" start="2026-08-28T04:20:02.751572" elapsed="0.004818"/>
</kw>
<if>
<branch type="IF" condition="${already_at_login} == 0">
<kw name="Get Element Count" owner="Browser">
<var>${logout_icon_present}</var>
<arg>css=.ui-icon-top-logout</arg>
<tag>Assertion</tag>
<tag>Getter</tag>
<tag>PageContent</tag>
<doc>Returns the count of elements found with ``selector``.</doc>
<status status="NOT RUN" start="2026-08-28T04:20:02.756958" elapsed="0.000079"/>
</kw>
<if>
<branch type="IF" condition="${logout_icon_present} &gt; 0">
<kw name="Logout From EC Application" owner="browser">
<doc>Click EC's real logout icon (top toolbar, next to the username) and confirm
it genuinely returns to the login page - not just closing the browser tab. Live-verified
2026-08-18 both from the landing page and from inside a loaded screen (e.g. Bank, after
Expand Screen To Full Page hides the treeview): clicking it triggers a PrimeFaces AJAX
logout and redirects to the Keycloak login page (#username field re-appears).
Screenshot capture is INLINED here (not a call to utils.resource's Capture Step) so
this T1 file has no dependency on another T1 file - a suite importing browser.resource
alone still works (R21 review note, 2026-08-18: the prior version would have hit
keyword-not-found on Logout for such a suite, even though none currently does this).</doc>
<status status="NOT RUN" start="2026-08-28T04:20:02.757427" elapsed="0.000086"/>
</kw>
<status status="NOT RUN" start="2026-08-28T04:20:02.757132" elapsed="0.000424"/>
</branch>
<status status="NOT RUN" start="2026-08-28T04:20:02.757115" elapsed="0.000478"/>
</if>
<status status="NOT RUN" start="2026-08-28T04:20:02.756551" elapsed="0.001063"/>
</branch>
<status status="PASS" start="2026-08-28T04:20:02.756520" elapsed="0.001117"/>
</if>
<doc>Test Teardown safety net (owner discovered this gap live, 2026-08-18): if a
test case FAILS before reaching its own Logout From EC Application line, the browser is
left logged in - the NEXT test's Login To EC Application then times out trying to fill</doc>
<status status="PASS" start="2026-08-28T04:20:02.751157" elapsed="0.006527"/>
</kw>
<tag>iud</tag>
<tag>reservoir_formation</tag>
<status status="PASS" start="2026-08-28T04:19:47.381379" elapsed="15.376389"/>
</test>
<kw name="Close EC" owner="browser" type="TEARDOWN">
<kw name="Sleep" owner="BuiltIn">
<msg time="2026-08-28T04:20:02.765638" level="INFO">Slept 0 seconds.</msg>
<arg>${HOLD}</arg>
<doc>Pauses the test executed for the given time.</doc>
<status status="PASS" start="2026-08-28T04:20:02.765161" elapsed="0.000542"/>
</kw>
<kw name="Close Browser" owner="Browser">
<msg time="2026-08-28T04:20:02.855834" level="INFO">Closed browser</msg>
<tag>BrowserControl</tag>
<tag>Setter</tag>
<doc>Closes the current browser.</doc>
<status status="PASS" start="2026-08-28T04:20:02.765852" elapsed="0.090314"/>
</kw>
<doc>Optional hold then close the browser (Suite Teardown).</doc>
<status status="PASS" start="2026-08-28T04:20:02.764634" elapsed="0.091757"/>
</kw>
<doc>EC IUD Test - Reservoir Formation (Configuration &gt; Assets &gt; Well_and_Reservoir_Objects &gt; Reservoir Formation, CO.0135).
Manage-Object (OV) screen. DELETE = End Date = Start Date (true delete in OV_RESV_FORMATION).
Layered: this test -&gt; reservoir_formation_page (T3) -&gt; manage_object (T2) + common (T1).
NEVER touch existing data. Uses a FIXED test code (AUTOTEST_RESVF,
matching Bank/Berth's convention) rather than a generated unique code -
confirmed absent from OV_RESV_FORMATION before this was wired in
(2026-08-23, fresh oracledb connection). Every run must complete TC05
(delete) so the code is free for the next run - EC never lets a DELETED
code be reused, but this fixed code only stays reusable if each run
actually cleans up after itself.
EACH test case does its own real Login/Logout on ONE browser opened once
in Suite Setup, matching Bank/Berth's convention (docs/rf-suite-styles.md).</doc>
<status status="PASS" start="2026-08-28T04:18:50.075307" elapsed="72.781165"/>
</suite>
<statistics>
<total>
<stat pass="5" fail="0" skip="0">All Tests</stat>
</total>
<tag>
<stat pass="5" fail="0" skip="0">iud</stat>
<stat pass="5" fail="0" skip="0">reservoir_formation</stat>
</tag>
<suite>
<stat name="Reservoir Formation Iud" id="s1" pass="5" fail="0" skip="0">Reservoir Formation Iud</stat>
</suite>
</statistics>
<errors>
</errors>
</robot>
