<?xml version="1.0" encoding="UTF-8"?>
<robot generator="Robot 7.4.2 (Python 3.14.3 on win32)" generated="2026-08-27T13:54:15.792987" rpa="false" schemaversion="5">
<suite id="s1" name="Sub Area Iud" source="C:\tmp\wt-subarea-backfill\workstreams\master-plan\ec-automation\tests\Configuration\Assets\Basic_Objects\sub_area_iud.robot">
<kw name="Open EC Application" owner="browser" type="SETUP">
<kw name="Open EC Browser" owner="browser">
<if>
<branch type="IF" condition="${HEADLESS}">
<kw name="New Browser" owner="Browser">
<arg>chromium</arg>
<arg>headless=${TRUE}</arg>
<tag>BrowserControl</tag>
<tag>Setter</tag>
<doc>Create a new playwright Browser with specified options.</doc>
<status status="NOT RUN" start="2026-08-27T13:54:16.206183" elapsed="0.000392"/>
</kw>
<kw name="New Context" owner="Browser">
<arg>ignoreHTTPSErrors=${TRUE}</arg>
<arg>viewport={'width': 1920, 'height': 1080}</arg>
<tag>BrowserControl</tag>
<tag>Setter</tag>
<doc>Create a new BrowserContext with specified options.</doc>
<status status="NOT RUN" start="2026-08-27T13:54:16.206718" elapsed="0.000426"/>
</kw>
<status status="PASS" start="2026-08-27T13:54:16.205748" elapsed="0.001449"/>
</branch>
<branch type="ELSE">
<variable name="@{args}">
<var>--start-maximized</var>
<status status="PASS" start="2026-08-27T13:54:16.207310" elapsed="0.000054"/>
</variable>
<kw name="New Browser" owner="Browser">
<arg>chromium</arg>
<arg>headless=${FALSE}</arg>
<arg>args=${args}</arg>
<arg>slowMo=${SLOWMO}</arg>
<tag>BrowserControl</tag>
<tag>Setter</tag>
<doc>Create a new playwright Browser with specified options.</doc>
<status status="NOT RUN" start="2026-08-27T13:54:16.207454" elapsed="0.000249"/>
</kw>
<kw name="New Context" owner="Browser">
<arg>ignoreHTTPSErrors=${TRUE}</arg>
<arg>viewport=${None}</arg>
<tag>BrowserControl</tag>
<tag>Setter</tag>
<doc>Create a new BrowserContext with specified options.</doc>
<status status="NOT RUN" start="2026-08-27T13:54:16.207799" elapsed="0.000216"/>
</kw>
<status status="PASS" start="2026-08-27T13:54:16.207235" elapsed="0.000817"/>
</branch>
<status status="PASS" start="2026-08-27T13:54:16.205724" elapsed="0.002355"/>
</if>
<kw name="Set Browser Timeout" owner="Browser">
<arg>30s</arg>
<tag>Config</tag>
<tag>Setter</tag>
<doc>Sets the timeout used by most input and getter keywords.</doc>
<status status="NOT RUN" start="2026-08-27T13:54:16.208152" elapsed="0.000224"/>
</kw>
<kw name="Set Strict Mode" owner="Browser">
<arg>False</arg>
<tag>BrowserControl</tag>
<tag>Setter</tag>
<doc>Controls library strict mode.</doc>
<status status="NOT RUN" start="2026-08-27T13:54:16.208462" elapsed="0.000184"/>
</kw>
<doc>Launch Chromium + context (headless from environment).
Headed: OS-maximised window (--start-maximized, no fixed viewport) so the
page fills the screen. Headless: 1920x1080 virtual viewport as before.</doc>
<status status="PASS" start="2026-08-27T13:54:16.205598" elapsed="0.003094"/>
</kw>
<kw name="New Page" owner="Browser">
<arg>${EC_URL}</arg>
<tag>BrowserControl</tag>
<tag>Setter</tag>
<doc>Open a new Page.</doc>
<status status="NOT RUN" start="2026-08-27T13:54:16.208783" elapsed="0.000187"/>
</kw>
<doc>Launch the browser and load the EC login page - no credentials entered yet.
Pure one-time environment setup (Suite Setup), NOT a business action. Each test case
then does its own Login To EC Application (screen-specific, see that screen's T3 page
resource) / Logout From EC Application cycle on this one already-open browser.</doc>
<status status="PASS" start="2026-08-27T13:54:16.205249" elapsed="0.003761"/>
</kw>
<test id="s1-t1" name="TC01 Verify Clean State" line="37">
<kw name="Login To EC Application" owner="sub_area_page">
<kw name="Login To EC Screen" owner="common">
<kw name="Fill EC Login Form" owner="browser">
<kw name="Fill Text" owner="Browser">
<arg>css=[id="username"]</arg>
<arg>${user}</arg>
<tag>PageContent</tag>
<tag>Setter</tag>
<doc>Clears and fills the given ``txt`` into the text field found by ``selector``.</doc>
<status status="NOT RUN" start="2026-08-27T13:54:16.212587" elapsed="0.000263"/>
</kw>
<kw name="Fill Text" owner="Browser">
<arg>css=[id="password"]</arg>
<arg>${pass}</arg>
<tag>PageContent</tag>
<tag>Setter</tag>
<doc>Clears and fills the given ``txt`` into the text field found by ``selector``.</doc>
<status status="NOT RUN" start="2026-08-27T13:54:16.212945" elapsed="0.000233"/>
</kw>
<kw name="Click" owner="Browser">
<arg>css=[id="kc-login"]</arg>
<tag>PageContent</tag>
<tag>Setter</tag>
<doc>Simulates mouse click on the element found by ``selector``.</doc>
<status status="NOT RUN" start="2026-08-27T13:54:16.213275" elapsed="0.000199"/>
</kw>
<kw name="Wait For Elements State" owner="Browser">
<arg>css=[id="menu:searchForm:searchTxt"]</arg>
<arg>visible</arg>
<arg>timeout=60s</arg>
<tag>PageContent</tag>
<tag>Wait</tag>
<doc>Waits for the element found by ``selector`` to satisfy state option.</doc>
<status status="NOT RUN" start="2026-08-27T13:54:16.213561" elapsed="0.000246"/>
</kw>
<kw name="Wait For Load State" owner="Browser">
<arg>networkidle</arg>
<arg>timeout=30s</arg>
<tag>PageContent</tag>
<tag>Wait</tag>
<doc>Waits that the page reaches the required load state.</doc>
<status status="NOT RUN" start="2026-08-27T13:54:16.213895" elapsed="0.000241"/>
</kw>
<arg>${user}</arg>
<arg>${pass}</arg>
<doc>The ACTUAL login mechanics (fill username, fill password, click login,
wait for the app to load) on the CURRENT page - the ONE place to update if EC's login
flow ever changes (a new SSO step, MFA, a renamed field id). Login To EC and Bank's own
Login To EC Application (bank_page.resource) both call this instead of duplicating the
steps, so a future flow change is a one-place edit (owner-requested 2026-08-18, after
Bank's wrapper was found to have copy-pasted this sequence instead of reusing it).</doc>
<status status="PASS" start="2026-08-27T13:54:16.212403" elapsed="0.001784"/>
</kw>
<kw name="Capture Step" owner="utils">
<if>
<branch type="IF" condition="${CAPTURE_SCREENSHOTS}">
<kw name="Take Screenshot" owner="Browser">
<arg>filename=${OUTPUT_DIR}/${label}</arg>
<tag>PageContent</tag>
<doc>Takes a screenshot of the current window or element and saves it to disk.</doc>
<status status="NOT RUN" start="2026-08-27T13:54:16.214606" elapsed="0.000188"/>
</kw>
<status status="PASS" start="2026-08-27T13:54:16.214501" elapsed="0.000328"/>
</branch>
<status status="PASS" start="2026-08-27T13:54:16.214482" elapsed="0.000377"/>
</if>
<arg>${TEST NAME}_login</arg>
<doc>Take a screenshot into the output dir with a step label - unless
True (environment.py, EC_CAPTURE_SCREENSHOTS env var) is OFF, in
which case this is a no-op (owner-requested 2026-08-18, so a fast run can skip
per-step evidence capture entirely).</doc>
<status status="PASS" start="2026-08-27T13:54:16.214347" elapsed="0.000534"/>
</kw>
<arg>${SUB_AREA_EC_USER}</arg>
<arg>${SUB_AREA_EC_PASS}</arg>
<doc>Authenticate on the CURRENT page with ${user}/${pass}, then capture the
login evidence screenshot. Shared body for every screen's own zero-arg "Login To EC
Application" wrapper (bank_page.resource, object_list_page.resource, etc.) - each of
those only supplies its own screen-specific credential defaults and delegates the
actual mechanics here, since Bank's and Object List's wrappers were found to have
identical bodies (owner query 2026-08-21) differing only in which credential constants
were passed. Lives in common.resource (not browser.resource alone), which aggregates
utils.resource - browser.resource deliberately has no Capture Step dependency.</doc>
<status status="PASS" start="2026-08-27T13:54:16.212174" elapsed="0.002736"/>
</kw>
<doc>Authenticate as Sub Area's OWN credentials (sysadmin/
sysadmin from credentials.py) on the current page - works whether this is
the very first login (page freshly loaded on the login form via the shared T1 Open EC
Application) or a re-login after Logout From EC Application (same login form, not a
new page/tab).</doc>
<status status="PASS" start="2026-08-27T13:54:16.209460" elapsed="0.005479"/>
</kw>
<kw name="Open Sub Area Screen With Navigator Values Populated" owner="sub_area_page">
<kw name="Open EC Screen" owner="common">
<kw name="Navigate To Screen" owner="screen">
<kw name="Dismiss Unsaved Changes Dialog If Present" owner="screen">
<kw name="Get Element Count" owner="Browser">
<var>${present}</var>
<arg>css=[id="confirmationForm:confirmation_modal"]:visible</arg>
<tag>Assertion</tag>
<tag>Getter</tag>
<tag>PageContent</tag>
<doc>Returns the count of elements found with ``selector``.</doc>
<status status="NOT RUN" start="2026-08-27T13:54:16.217238" elapsed="0.000229"/>
</kw>
<if>
<branch type="IF" condition="${present} &gt; 0">
<kw name="Log" owner="BuiltIn">
<arg>Unsaved-changes dialog detected - discarding via No to unblock navigation</arg>
<arg>level=WARN</arg>
<doc>Logs the given message with the given level.</doc>
<status status="NOT RUN" start="2026-08-27T13:54:16.217654" elapsed="0.000177"/>
</kw>
<kw name="Click" owner="Browser">
<arg>css=[id="confirmationForm:nobtn"]</arg>
<tag>PageContent</tag>
<tag>Setter</tag>
<doc>Simulates mouse click on the element found by ``selector``.</doc>
<status status="NOT RUN" start="2026-08-27T13:54:16.217914" elapsed="0.000206"/>
</kw>
<kw name="Wait For Load State" owner="Browser">
<arg>networkidle</arg>
<arg>timeout=10s</arg>
<tag>PageContent</tag>
<tag>Wait</tag>
<doc>Waits that the page reaches the required load state.</doc>
<status status="NOT RUN" start="2026-08-27T13:54:16.218204" elapsed="0.000229"/>
</kw>
<kw name="Sleep" owner="BuiltIn">
<arg>0.5s</arg>
<doc>Pauses the test executed for the given time.</doc>
<status status="NOT RUN" start="2026-08-27T13:54:16.218516" elapsed="0.000137"/>
</kw>
<status status="PASS" start="2026-08-27T13:54:16.217546" elapsed="0.001137"/>
</branch>
<status status="PASS" start="2026-08-27T13:54:16.217531" elapsed="0.001183"/>
</if>
<doc>EC shows its own "UNSAVED CHANGES" Yes/No/Cancel confirm when navigating
away from a dirty New Object form. If an earlier step failed mid-fill (e.g. a
dependent-dropdown timeout), this dialog can be left open and its overlay mask
(#confirmationForm:confirmation_modal) then intercepts every click for the rest of
the run - the whole suite silently stalls behind it. Detect + discard via No, so a
single earlier failure can't cascade into the entire suite hanging.</doc>
<status status="PASS" start="2026-08-27T13:54:16.217085" elapsed="0.001652"/>
</kw>
<kw name="Restore Treeview If Hidden" owner="screen">
<kw name="Get Element Count" owner="Browser">
<var>${visible}</var>
<arg>css=[id="menu:searchForm:searchTxt"]:visible</arg>
<tag>Assertion</tag>
<tag>Getter</tag>
<tag>PageContent</tag>
<doc>Returns the count of elements found with ``selector``.</doc>
<status status="NOT RUN" start="2026-08-27T13:54:16.219049" elapsed="0.000183"/>
</kw>
<if>
<branch type="IF" condition="${visible} == 0">
<kw name="Get Element Count" owner="Browser">
<var>${toggle}</var>
<arg>css=[id="screenToolbar:form:minmaxMenu"]:visible</arg>
<tag>Assertion</tag>
<tag>Getter</tag>
<tag>PageContent</tag>
<doc>Returns the count of elements found with ``selector``.</doc>
<status status="NOT RUN" start="2026-08-27T13:54:16.219395" elapsed="0.000165"/>
</kw>
<if>
<branch type="IF" condition="${toggle} &gt; 0">
<kw name="Click" owner="Browser">
<arg>${SCREEN_MINMAX_BTN}</arg>
<tag>PageContent</tag>
<tag>Setter</tag>
<doc>Simulates mouse click on the element found by ``selector``.</doc>
<status status="NOT RUN" start="2026-08-27T13:54:16.219708" elapsed="0.000156"/>
</kw>
<kw name="Wait For Elements State" owner="Browser">
<arg>${TREEVIEW_SEARCH}</arg>
<arg>visible</arg>
<arg>timeout=15s</arg>
<tag>PageContent</tag>
<tag>Wait</tag>
<doc>Waits for the element found by ``selector`` to satisfy state option.</doc>
<status status="NOT RUN" start="2026-08-27T13:54:16.219943" elapsed="0.000225"/>
</kw>
<kw name="Sleep" owner="BuiltIn">
<arg>0.5s</arg>
<doc>Pauses the test executed for the given time.</doc>
<status status="NOT RUN" start="2026-08-27T13:54:16.220245" elapsed="0.000130"/>
</kw>
<status status="PASS" start="2026-08-27T13:54:16.219619" elapsed="0.000786"/>
</branch>
<status status="PASS" start="2026-08-27T13:54:16.219609" elapsed="0.000824"/>
</if>
<status status="PASS" start="2026-08-27T13:54:16.219297" elapsed="0.001150"/>
</branch>
<status status="PASS" start="2026-08-27T13:54:16.219286" elapsed="0.001178"/>
</if>
<doc>If a previous expand hid the treeview, toggle it back so the
sidebar search box is usable again. No-op when the treeview is visible.</doc>
<status status="PASS" start="2026-08-27T13:54:16.218871" elapsed="0.001609"/>
</kw>
<kw name="Type Text" owner="Browser">
<arg>${TREEVIEW_SEARCH}</arg>
<arg>${screen_name}</arg>
<arg>delay=60ms</arg>
<arg>clear=Yes</arg>
<tag>PageContent</tag>
<tag>Setter</tag>
<doc>Types the given ``txt`` into the text field found by ``selector``.</doc>
<status status="NOT RUN" start="2026-08-27T13:54:16.220550" elapsed="0.000223"/>
</kw>
<kw name="Wait For Elements State" owner="Browser">
<arg>xpath=//*[self::label or self::span][contains(@class,'tv-link') and normalize-space(text())='${screen_name}']</arg>
<arg>visible</arg>
<arg>timeout=10s</arg>
<tag>PageContent</tag>
<tag>Wait</tag>
<doc>Waits for the element found by ``selector`` to satisfy state option.</doc>
<status status="NOT RUN" start="2026-08-27T13:54:16.220859" elapsed="0.000231"/>
</kw>
<kw name="Click" owner="Browser">
<arg>xpath=//*[self::label or self::span][contains(@class,'tv-link') and normalize-space(text())='${screen_name}']</arg>
<tag>PageContent</tag>
<tag>Setter</tag>
<doc>Simulates mouse click on the element found by ``selector``.</doc>
<status status="NOT RUN" start="2026-08-27T13:54:16.221169" elapsed="0.000170"/>
</kw>
<kw name="Wait For Load State" owner="Browser">
<arg>networkidle</arg>
<arg>timeout=15s</arg>
<tag>PageContent</tag>
<tag>Wait</tag>
<doc>Waits that the page reaches the required load state.</doc>
<status status="NOT RUN" start="2026-08-27T13:54:16.221416" elapsed="0.000193"/>
</kw>
<kw name="Sleep" owner="BuiltIn">
<arg>1.5s</arg>
<doc>Pauses the test executed for the given time.</doc>
<status status="NOT RUN" start="2026-08-27T13:54:16.221684" elapsed="0.000132"/>
</kw>
<kw name="Confirm Screen Loaded" owner="screen">
<kw name="Get Text" owner="Browser">
<var>${label}</var>
<arg>css=[id="screenToolbar:form:screenLabel"]</arg>
<tag>Assertion</tag>
<tag>Getter</tag>
<tag>PageContent</tag>
<doc>Returns text attribute of the element found by ``selector``.</doc>
<status status="NOT RUN" start="2026-08-27T13:54:16.223635" elapsed="0.000208"/>
</kw>
<kw name="Should Contain" owner="BuiltIn">
<arg>${label}</arg>
<arg>${screen_name}</arg>
<arg>msg=Failed to navigate to ${screen_name}</arg>
<doc>Fails if ``container`` does not contain ``item`` one or more times.</doc>
<status status="NOT RUN" start="2026-08-27T13:54:16.223933" elapsed="0.000153"/>
</kw>
<arg>${screen_name}</arg>
<doc>Assert the loaded screen's toolbar label matches ${screen_name}.</doc>
<status status="PASS" start="2026-08-27T13:54:16.223453" elapsed="0.000673"/>
</kw>
<kw name="Expand Screen To Full Page" owner="screen">
<kw name="Wait For Elements State" owner="Browser">
<arg>${SCREEN_MINMAX_BTN}</arg>
<arg>visible</arg>
<arg>timeout=15s</arg>
<tag>PageContent</tag>
<tag>Wait</tag>
<doc>Waits for the element found by ``selector`` to satisfy state option.</doc>
<status status="NOT RUN" start="2026-08-27T13:54:16.224366" elapsed="0.000222"/>
</kw>
<kw name="Click" owner="Browser">
<arg>${SCREEN_MINMAX_BTN}</arg>
<tag>PageContent</tag>
<tag>Setter</tag>
<doc>Simulates mouse click on the element found by ``selector``.</doc>
<status status="NOT RUN" start="2026-08-27T13:54:16.224670" elapsed="0.000169"/>
</kw>
<kw name="Wait For Load State" owner="Browser">
<arg>networkidle</arg>
<arg>timeout=15s</arg>
<tag>PageContent</tag>
<tag>Wait</tag>
<doc>Waits that the page reaches the required load state.</doc>
<status status="NOT RUN" start="2026-08-27T13:54:16.224915" elapsed="0.000197"/>
</kw>
<kw name="Sleep" owner="BuiltIn">
<arg>0.5s</arg>
<doc>Pauses the test executed for the given time.</doc>
<status status="NOT RUN" start="2026-08-27T13:54:16.225200" elapsed="0.000131"/>
</kw>
<doc>Click the screen min/max toggle to hide the treeview so the
loaded EC screen takes the full page width (more data columns visible).</doc>
<status status="PASS" start="2026-08-27T13:54:16.224221" elapsed="0.001144"/>
</kw>
<arg>${screen_name}</arg>
<doc>Open a screen via the sidebar search, confirm it loaded, then
expand it to full page (hide the treeview). Restores the treeview first if
a previous expand left it hidden, so repeated navigation keeps working.</doc>
<status status="PASS" start="2026-08-27T13:54:16.216886" elapsed="0.008507"/>
</kw>
<kw name="Capture Step" owner="utils">
<if>
<branch type="IF" condition="${CAPTURE_SCREENSHOTS}">
<kw name="Take Screenshot" owner="Browser">
<arg>filename=${OUTPUT_DIR}/${label}</arg>
<tag>PageContent</tag>
<doc>Takes a screenshot of the current window or element and saves it to disk.</doc>
<status status="NOT RUN" start="2026-08-27T13:54:16.225771" elapsed="0.000192"/>
</kw>
<status status="PASS" start="2026-08-27T13:54:16.225661" elapsed="0.000348"/>
</branch>
<status status="PASS" start="2026-08-27T13:54:16.225646" elapsed="0.000391"/>
</if>
<arg>${TEST NAME}_open_screen</arg>
<doc>Take a screenshot into the output dir with a step label - unless
True (environment.py, EC_CAPTURE_SCREENSHOTS env var) is OFF, in
which case this is a no-op (owner-requested 2026-08-18, so a fast run can skip
per-step evidence capture entirely).</doc>
<status status="PASS" start="2026-08-27T13:54:16.225527" elapsed="0.000529"/>
</kw>
<arg>${SUB_AREA_SCREEN}</arg>
<doc>Navigate to ${screen_name} and capture the open-screen evidence
screenshot. Shared body for every screen's own zero-arg "Open &lt;Screen&gt; Screen"
wrapper (bank_page.resource's Open Bank Screen, object_list_page.resource's Open
Object List Screen, etc.) - each of those only supplies its own screen-name
constant and delegates the actual navigation here, since Bank's and Object List's
wrappers were found to have identical bodies (owner query 2026-08-21) differing
only in which screen-name constant was passed. Assumes the caller already logged
in this test case - this keyword ONLY navigates.</doc>
<status status="PASS" start="2026-08-27T13:54:16.216682" elapsed="0.009402"/>
</kw>
<kw name="Apply Navigator From Properties" owner="manage_object">
<kw name="Read Properties" owner="PropertiesReader">
<var>${data}</var>
<arg>${properties_path}</arg>
<doc>Return an ordered dict of {column_label: value} from a simple key=value properties file.</doc>
<status status="NOT RUN" start="2026-08-27T13:54:16.254837" elapsed="0.000087"/>
</kw>
<kw name="Set Variable" owner="BuiltIn">
<var>${col}</var>
<arg>${start_col}</arg>
<doc>Returns the given values which can then be assigned to a variables.</doc>
<status status="NOT RUN" start="2026-08-27T13:54:16.255032" elapsed="0.000194"/>
</kw>
<kw name="Set Variable" owner="BuiltIn">
<var>${idx}</var>
<arg>${0}</arg>
<doc>Returns the given values which can then be assigned to a variables.</doc>
<status status="NOT RUN" start="2026-08-27T13:54:16.255306" elapsed="0.000118"/>
</kw>
<for flavor="IN">
<iter>
<kw name="Evaluate" owner="BuiltIn">
<var>${idx}</var>
<arg>${idx} + 1</arg>
<doc>Evaluates the given expression in Python and returns the result.</doc>
<status status="NOT RUN" start="2026-08-27T13:54:16.255762" elapsed="0.000116"/>
</kw>
<kw name="Evaluate" owner="BuiltIn">
<var>${past_row2_from}</var>
<arg>$row2_from != "" and $idx &gt; int($row2_from)</arg>
<doc>Evaluates the given expression in Python and returns the result.</doc>
<status status="NOT RUN" start="2026-08-27T13:54:16.255962" elapsed="0.000175"/>
</kw>
<if>
<branch type="IF" condition="${past_row2_from}">
<kw name="Set Variable" owner="BuiltIn">
<var>${use_row}</var>
<arg>${row2}</arg>
<doc>Returns the given values which can then be assigned to a variables.</doc>
<status status="NOT RUN" start="2026-08-27T13:54:16.256299" elapsed="0.000108"/>
</kw>
<kw name="Evaluate" owner="BuiltIn">
<var>${use_col}</var>
<arg>${row2_start_col} + ${idx} - int($row2_from) - 1</arg>
<doc>Evaluates the given expression in Python and returns the result.</doc>
<status status="NOT RUN" start="2026-08-27T13:54:16.256479" elapsed="0.000105"/>
</kw>
<status status="PASS" start="2026-08-27T13:54:16.256206" elapsed="0.000406"/>
</branch>
<branch type="ELSE">
<kw name="Set Variable" owner="BuiltIn">
<var>${use_row}</var>
<arg>${row}</arg>
<doc>Returns the given values which can then be assigned to a variables.</doc>
<status status="NOT RUN" start="2026-08-27T13:54:16.256727" elapsed="0.000107"/>
</kw>
<kw name="Set Variable" owner="BuiltIn">
<var>${use_col}</var>
<arg>${col}</arg>
<doc>Returns the given values which can then be assigned to a variables.</doc>
<status status="NOT RUN" start="2026-08-27T13:54:16.256903" elapsed="0.000103"/>
</kw>
<kw name="Evaluate" owner="BuiltIn">
<var>${col}</var>
<arg>${col} + 1</arg>
<doc>Evaluates the given expression in Python and returns the result.</doc>
<status status="NOT RUN" start="2026-08-27T13:54:16.257074" elapsed="0.000109"/>
</kw>
<status status="PASS" start="2026-08-27T13:54:16.256642" elapsed="0.000569"/>
</branch>
<status status="PASS" start="2026-08-27T13:54:16.256192" elapsed="0.001043"/>
</if>
<kw name="Set Variable" owner="BuiltIn">
<var>${dd}</var>
<arg>nav:form:G:${group}:R:${use_row}:C:${use_col}:dd</arg>
<doc>Returns the given values which can then be assigned to a variables.</doc>
<status status="NOT RUN" start="2026-08-27T13:54:16.257294" elapsed="0.000107"/>
</kw>
<kw name="Select EC Dropdown Option" owner="table">
<variable name="${item}">
<var>xpath=//*[@id='${dd_prefix}_panel']//tr[normalize-space(@data-item-label)='${value}']</var>
<status status="PASS" start="2026-08-27T13:54:16.257670" elapsed="0.000054"/>
</variable>
<kw name="Open EC Dropdown Panel" owner="table">
<kw name="Click" owner="Browser">
<arg>css=[id="${dd_prefix}_button"]</arg>
<tag>PageContent</tag>
<tag>Setter</tag>
<doc>Simulates mouse click on the element found by ``selector``.</doc>
<status status="NOT RUN" start="2026-08-27T13:54:16.258033" elapsed="0.000245"/>
</kw>
<try>
<branch type="TRY">
<kw name="Wait For Elements State" owner="Browser">
<arg>${item} &gt;&gt; nth=0</arg>
<arg>visible</arg>
<arg>timeout=6s</arg>
<tag>PageContent</tag>
<tag>Wait</tag>
<doc>Waits for the element found by ``selector`` to satisfy state option.</doc>
<status status="NOT RUN" start="2026-08-27T13:54:16.258467" elapsed="0.000255"/>
</kw>
<status status="PASS" start="2026-08-27T13:54:16.258361" elapsed="0.000397"/>
</branch>
<branch type="EXCEPT">
<kw name="Keyboard Key" owner="Browser">
<arg>press</arg>
<arg>Escape</arg>
<tag>PageContent</tag>
<tag>Setter</tag>
<doc>Press a keyboard key on the virtual keyboard or set a key up or down.</doc>
<status status="NOT RUN" start="2026-08-27T13:54:16.258893" elapsed="0.000190"/>
</kw>
<kw name="Sleep" owner="BuiltIn">
<arg>1.5s</arg>
<doc>Pauses the test executed for the given time.</doc>
<status status="NOT RUN" start="2026-08-27T13:54:16.259164" elapsed="0.000131"/>
</kw>
<kw name="Click" owner="Browser">
<arg>css=[id="${dd_prefix}_button"]</arg>
<tag>PageContent</tag>
<tag>Setter</tag>
<doc>Simulates mouse click on the element found by ``selector``.</doc>
<status status="NOT RUN" start="2026-08-27T13:54:16.259367" elapsed="0.000174"/>
</kw>
<kw name="Wait For Elements State" owner="Browser">
<arg>${item} &gt;&gt; nth=0</arg>
<arg>visible</arg>
<arg>timeout=10s</arg>
<tag>PageContent</tag>
<tag>Wait</tag>
<doc>Waits for the element found by ``selector`` to satisfy state option.</doc>
<status status="NOT RUN" start="2026-08-27T13:54:16.259617" elapsed="0.000212"/>
</kw>
<status status="NOT RUN" start="2026-08-27T13:54:16.258799" elapsed="0.001067"/>
</branch>
<status status="PASS" start="2026-08-27T13:54:16.258329" elapsed="0.001574"/>
</try>
<arg>${dd_prefix}</arg>
<arg>${item}</arg>
<doc>Open an EC autocomplete dropdown and wait for its first option
row; one Escape+reopen retry covers panels closed by a concurrent partial
re-render or cascades whose options arrive late.</doc>
<status status="PASS" start="2026-08-27T13:54:16.257869" elapsed="0.002083"/>
</kw>
<kw name="Click" owner="Browser">
<arg>${item}</arg>
<tag>PageContent</tag>
<tag>Setter</tag>
<doc>Simulates mouse click on the element found by ``selector``.</doc>
<status status="NOT RUN" start="2026-08-27T13:54:16.260027" elapsed="0.000170"/>
</kw>
<kw name="Wait For Load State" owner="Browser">
<arg>networkidle</arg>
<arg>timeout=12s</arg>
<tag>PageContent</tag>
<tag>Wait</tag>
<doc>Waits that the page reaches the required load state.</doc>
<status status="NOT RUN" start="2026-08-27T13:54:16.260274" elapsed="0.000198"/>
</kw>
<kw name="Sleep" owner="BuiltIn">
<arg>0.6s</arg>
<doc>Pauses the test executed for the given time.</doc>
<status status="NOT RUN" start="2026-08-27T13:54:16.260546" elapsed="0.000144"/>
</kw>
<arg>${dd}</arg>
<arg>${data}[${label}]</arg>
<doc>Pick an option from an EC autocomplete dropdown (…:dd) by its
exact item label: click the chevron, wait for the option row
(tr[data-item-label]) and click it. A pending form re-render (e.g. after a
date Tab-out) can close the panel between open and click, so one re-open
retry is built in. Typing into autocomplete-dd fields is unreliable.</doc>
<status status="PASS" start="2026-08-27T13:54:16.257541" elapsed="0.003184"/>
</kw>
<kw name="Sleep" owner="BuiltIn">
<arg>0.7s</arg>
<doc>Pauses the test executed for the given time.</doc>
<status status="NOT RUN" start="2026-08-27T13:54:16.260796" elapsed="0.000124"/>
</kw>
<var name="${label}"/>
<status status="PASS" start="2026-08-27T13:54:16.255657" elapsed="0.005291"/>
</iter>
<var>${label}</var>
<value>@{data.keys()}</value>
<status status="PASS" start="2026-08-27T13:54:16.255483" elapsed="0.005502"/>
</for>
<kw name="Apply Navigator" owner="navigator">
<kw name="Click" owner="Browser">
<arg>css=[id="button:form:B"]</arg>
<tag>PageContent</tag>
<tag>Setter</tag>
<doc>Simulates mouse click on the element found by ``selector``.</doc>
<status status="NOT RUN" start="2026-08-27T13:54:16.261241" elapsed="0.000183"/>
</kw>
<kw name="Wait For Load State" owner="Browser">
<arg>networkidle</arg>
<arg>timeout=15s</arg>
<tag>PageContent</tag>
<tag>Wait</tag>
<doc>Waits that the page reaches the required load state.</doc>
<status status="NOT RUN" start="2026-08-27T13:54:16.261504" elapsed="0.000201"/>
</kw>
<kw name="Sleep" owner="BuiltIn">
<arg>1.2s</arg>
<doc>Pauses the test executed for the given time.</doc>
<status status="NOT RUN" start="2026-08-27T13:54:16.261779" elapsed="0.000128"/>
</kw>
<doc>Click the navigator Go button to (re)load the list.</doc>
<status status="PASS" start="2026-08-27T13:54:16.261094" elapsed="0.000857"/>
</kw>
<arg>${SUB_AREA_NAVIGATOR_PROPERTIES}</arg>
<doc>Fill an OV-GM navigator with EXPLICIT values driven by a properties file
(column=value, read via PropertiesReader.Read Properties - the SAME mechanism Insert/
Update Object From Properties already use for form fields), then click GO once. Added
2026-08-26 to generalise Area's bespoke inline "Select EC Dropdown Option
${AREA_NAV_PU} ${AREA_NAV_PU_VALUE} / Apply Navigator" into a shared, reusable T2
keyword any OV-GM screen's navigator can call.</doc>
<status status="PASS" start="2026-08-27T13:54:16.254462" elapsed="0.007516"/>
</kw>
<doc>Navigate to the Sub Area screen, THEN fill + submit the mandatory 2-level
Production Unit -&gt; Area navigator (dropdowns + GO) - the grid stays empty until this
happens, so this single keyword bundles both steps for the test case (Area's exact
skeleton calls this as ONE line per TC, not two). Assumes the caller already logged in
this test case (via Login To EC Application). Navigator fill delegates to the shared
T2 "Apply Navigator From Properties" (resources/manage_object.resource), driven by
testdata/sub_area_navigator.properties.</doc>
<status status="PASS" start="2026-08-27T13:54:16.215055" elapsed="0.046952"/>
</kw>
<kw name="Verify Sub Area Record Does Not Exist" owner="sub_area_page">
<kw name="Verify Object Does Not Exist" owner="manage_object">
<kw name="OV Row Should Not Exist" owner="manage_object">
<variable name="${form}">
<var>${table_id.rsplit(':T_data', 1)[0]}</var>
<status status="PASS" start="2026-08-27T13:54:16.268905" elapsed="0.000067"/>
</variable>
<kw name="Get Element Count" owner="Browser">
<var>${supported}</var>
<arg>css=[id="${form}:T:tfo"]</arg>
<tag>Assertion</tag>
<tag>Getter</tag>
<tag>PageContent</tag>
<doc>Returns the count of elements found with ``selector``.</doc>
<status status="NOT RUN" start="2026-08-27T13:54:16.269087" elapsed="0.000257"/>
</kw>
<if>
<branch type="IF" condition="${supported} &gt; 0">
<kw name="Filter Grid Text Column By Value" owner="grid_menu">
<kw name="Turn Grid Filtering On" owner="grid_menu">
<kw name="Grid Filtering Is On" owner="grid_menu">
<kw name="Get Element Count" owner="Browser">
<var>${n}</var>
<arg>css=[id^="${form}:T:sfilter"]</arg>
<tag>Assertion</tag>
<tag>Getter</tag>
<tag>PageContent</tag>
<doc>Returns the count of elements found with ``selector``.</doc>
<status status="NOT RUN" start="2026-08-27T13:54:16.273505" elapsed="0.000223"/>
</kw>
<kw name="Evaluate" owner="BuiltIn">
<var>${on}</var>
<arg>${n} &gt; 0</arg>
<doc>Evaluates the given expression in Python and returns the result.</doc>
<status status="NOT RUN" start="2026-08-27T13:54:16.273818" elapsed="0.000128"/>
</kw>
<return>
<value>${on}</value>
<status status="PASS" start="2026-08-27T13:54:16.274001" elapsed="0.000051"/>
</return>
<var>${on}</var>
<arg>${form}</arg>
<doc>True if the per-column filter row is currently rendered (any sfilter input present).</doc>
<status status="PASS" start="2026-08-27T13:54:16.273354" elapsed="0.000738"/>
</kw>
<if>
<branch type="IF" condition="not ${on}">
<kw name="Evaluate JavaScript" owner="Browser">
<arg>css=[id="${form}:T"]</arg>
<arg>(el) =&gt; { const e=el.ownerDocument.getElementById('${form}:T:tfo'); if(e){ e.click(); } }</arg>
<tag>Getter</tag>
<tag>PageContent</tag>
<tag>Setter</tag>
<doc>Executes given javascript on the selected element(s) or on page.</doc>
<status status="NOT RUN" start="2026-08-27T13:54:16.274247" elapsed="0.000212"/>
</kw>
<kw name="Wait For Load State" owner="Browser">
<arg>networkidle</arg>
<arg>timeout=15s</arg>
<tag>PageContent</tag>
<tag>Wait</tag>
<doc>Waits that the page reaches the required load state.</doc>
<status status="NOT RUN" start="2026-08-27T13:54:16.274544" elapsed="0.000233"/>
</kw>
<kw name="Sleep" owner="BuiltIn">
<arg>0.8s</arg>
<doc>Pauses the test executed for the given time.</doc>
<status status="NOT RUN" start="2026-08-27T13:54:16.274858" elapsed="0.000135"/>
</kw>
<status status="PASS" start="2026-08-27T13:54:16.274148" elapsed="0.000874"/>
</branch>
<status status="PASS" start="2026-08-27T13:54:16.274137" elapsed="0.000912"/>
</if>
<arg>${form}</arg>
<doc>Turn the column filter row ON (idempotent). Clicks the hover-revealed toggle
${form}:T:tfo in the content frame via JS, then waits for the filter-row AJAX to settle.</doc>
<status status="PASS" start="2026-08-27T13:54:16.273158" elapsed="0.001911"/>
</kw>
<variable name="${f}">
<var>${form}:T:sfilter${col}_ft_filter</var>
<status status="PASS" start="2026-08-27T13:54:16.275101" elapsed="0.000044"/>
</variable>
<kw name="Wait For Elements State" owner="Browser">
<arg>css=[id="${f}"]</arg>
<arg>visible</arg>
<arg>timeout=10s</arg>
<tag>PageContent</tag>
<tag>Wait</tag>
<doc>Waits for the element found by ``selector`` to satisfy state option.</doc>
<status status="NOT RUN" start="2026-08-27T13:54:16.275222" elapsed="0.000220"/>
</kw>
<kw name="Click" owner="Browser">
<arg>css=[id="${f}"]</arg>
<tag>PageContent</tag>
<tag>Setter</tag>
<doc>Simulates mouse click on the element found by ``selector``.</doc>
<status status="NOT RUN" start="2026-08-27T13:54:16.275522" elapsed="0.000188"/>
</kw>
<kw name="Type Text" owner="Browser">
<arg>css=[id="${f}"]</arg>
<arg>${value}</arg>
<arg>clear=Yes</arg>
<tag>PageContent</tag>
<tag>Setter</tag>
<doc>Types the given ``txt`` into the text field found by ``selector``.</doc>
<status status="NOT RUN" start="2026-08-27T13:54:16.275805" elapsed="0.000203"/>
</kw>
<kw name="Keyboard Key" owner="Browser">
<arg>press</arg>
<arg>Enter</arg>
<tag>PageContent</tag>
<tag>Setter</tag>
<doc>Press a keyboard key on the virtual keyboard or set a key up or down.</doc>
<status status="NOT RUN" start="2026-08-27T13:54:16.276091" elapsed="0.000177"/>
</kw>
<kw name="Wait For Load State" owner="Browser">
<arg>networkidle</arg>
<arg>timeout=15s</arg>
<tag>PageContent</tag>
<tag>Wait</tag>
<doc>Waits that the page reaches the required load state.</doc>
<status status="NOT RUN" start="2026-08-27T13:54:16.276349" elapsed="0.000194"/>
</kw>
<kw name="Sleep" owner="BuiltIn">
<arg>1s</arg>
<doc>Pauses the test executed for the given time.</doc>
<status status="NOT RUN" start="2026-08-27T13:54:16.276620" elapsed="0.000127"/>
</kw>
<arg>${form}</arg>
<arg>0</arg>
<arg>${code}</arg>
<doc>With filtering ON, type ${value} into the text filter of column ${col} (0-based,
left-to-right) and submit with Enter. EC does a partial "contains" match and narrows the grid.</doc>
<status status="PASS" start="2026-08-27T13:54:16.271817" elapsed="0.004964"/>
</kw>
<kw name="Grid Data Row Count" owner="grid_menu">
<kw name="Evaluate JavaScript" owner="Browser">
<var>${n}</var>
<arg>css=[id="${form}:T_data"]</arg>
<arg>(el) =&gt; el.querySelectorAll('tr[data-ri]').length</arg>
<tag>Getter</tag>
<tag>PageContent</tag>
<tag>Setter</tag>
<doc>Executes given javascript on the selected element(s) or on page.</doc>
<status status="NOT RUN" start="2026-08-27T13:54:16.278244" elapsed="0.000221"/>
</kw>
<return>
<value>${n}</value>
<status status="PASS" start="2026-08-27T13:54:16.278516" elapsed="0.000049"/>
</return>
<var>${n}</var>
<arg>${form}</arg>
<doc>Count the real data rows in the grid body (${form}:T_data) - the live result count
after filtering. Counts by the PrimeFaces row-index attribute (tr[data-ri]) so it works on grids
whose cells are input fields (where tr.textContent is empty); the "no records" message row has no
data-ri and is excluded. Anchored in the content frame.</doc>
<status status="PASS" start="2026-08-27T13:54:16.278068" elapsed="0.000532"/>
</kw>
<kw name="Clear Grid Text Column Filter" owner="grid_menu">
<variable name="${f}">
<var>${form}:T:sfilter${col}_ft_filter</var>
<status status="PASS" start="2026-08-27T13:54:16.280020" elapsed="0.000051"/>
</variable>
<kw name="Click" owner="Browser">
<arg>css=[id="${f}"]</arg>
<tag>PageContent</tag>
<tag>Setter</tag>
<doc>Simulates mouse click on the element found by ``selector``.</doc>
<status status="NOT RUN" start="2026-08-27T13:54:16.280152" elapsed="0.000209"/>
</kw>
<kw name="Keyboard Key" owner="Browser">
<arg>press</arg>
<arg>Control+A</arg>
<tag>PageContent</tag>
<tag>Setter</tag>
<doc>Press a keyboard key on the virtual keyboard or set a key up or down.</doc>
<status status="NOT RUN" start="2026-08-27T13:54:16.280444" elapsed="0.000189"/>
</kw>
<kw name="Keyboard Key" owner="Browser">
<arg>press</arg>
<arg>Delete</arg>
<tag>PageContent</tag>
<tag>Setter</tag>
<doc>Press a keyboard key on the virtual keyboard or set a key up or down.</doc>
<status status="NOT RUN" start="2026-08-27T13:54:16.280715" elapsed="0.000179"/>
</kw>
<kw name="Keyboard Key" owner="Browser">
<arg>press</arg>
<arg>Enter</arg>
<tag>PageContent</tag>
<tag>Setter</tag>
<doc>Press a keyboard key on the virtual keyboard or set a key up or down.</doc>
<status status="NOT RUN" start="2026-08-27T13:54:16.280972" elapsed="0.000173"/>
</kw>
<kw name="Wait For Load State" owner="Browser">
<arg>networkidle</arg>
<arg>timeout=15s</arg>
<tag>PageContent</tag>
<tag>Wait</tag>
<doc>Waits that the page reaches the required load state.</doc>
<status status="NOT RUN" start="2026-08-27T13:54:16.281224" elapsed="0.000213"/>
</kw>
<kw name="Sleep" owner="BuiltIn">
<arg>1s</arg>
<doc>Pauses the test executed for the given time.</doc>
<status status="NOT RUN" start="2026-08-27T13:54:16.281518" elapsed="0.000132"/>
</kw>
<arg>${form}</arg>
<arg>0</arg>
<doc>Clear the text filter on column ${col} (select-all + Delete + Enter) and let the grid
refresh back to the unfiltered (or other-column-filtered) set.</doc>
<status status="PASS" start="2026-08-27T13:54:16.279882" elapsed="0.001804"/>
</kw>
<kw name="Should Be Equal" owner="BuiltIn">
<arg>${n}</arg>
<arg>${0}</arg>
<arg>msg=Row ${code} should NOT exist in ${table_id}</arg>
<doc>Fails if the given objects are unequal.</doc>
<status status="NOT RUN" start="2026-08-27T13:54:16.281762" elapsed="0.000134"/>
</kw>
<status status="PASS" start="2026-08-27T13:54:16.269423" elapsed="0.012505"/>
</branch>
<branch type="ELSE">
<kw name="Row Should Not Exist" owner="table">
<kw name="Row Exists" owner="table">
<kw name="Get Table Rows" owner="table">
<kw name="Evaluate JavaScript" owner="Browser">
<var>${rows}</var>
<arg>${None}</arg>
<arg>() =&gt; { const t=document.getElementById('${table_id}'); if(!t) return []; const o=[]; t.querySelectorAll('tr').forEach(tr=&gt;{const c=[];tr.querySelectorAll('td').forEach(td=&gt;c.push((td.textContent||'').trim()));if(c.some(x=&gt;x))o.push(c);}); return o; }</arg>
<tag>Getter</tag>
<tag>PageContent</tag>
<tag>Setter</tag>
<doc>Executes given javascript on the selected element(s) or on page.</doc>
<status status="NOT RUN" start="2026-08-27T13:54:16.285147" elapsed="0.000237"/>
</kw>
<return>
<value>${rows}</value>
<status status="PASS" start="2026-08-27T13:54:16.285438" elapsed="0.000045"/>
</return>
<var>${rows}</var>
<arg>${table_id}</arg>
<doc>Return a list of non-empty cell-lists from a results table by id.</doc>
<status status="PASS" start="2026-08-27T13:54:16.284992" elapsed="0.000524"/>
</kw>
<for flavor="IN">
<iter>
<kw name="Get From List" owner="Collections">
<var>${first}</var>
<arg>${row}</arg>
<arg>0</arg>
<doc>Returns the value specified with an ``index`` from ``list``.</doc>
<status status="NOT RUN" start="2026-08-27T13:54:16.285777" elapsed="0.000079"/>
</kw>
<if>
<branch type="IF" condition="'${first}' == '${code}'">
<return>
<value>${TRUE}</value>
<status status="PASS" start="2026-08-27T13:54:16.285965" elapsed="0.000041"/>
</return>
<status status="PASS" start="2026-08-27T13:54:16.285918" elapsed="0.000114"/>
</branch>
<status status="PASS" start="2026-08-27T13:54:16.285907" elapsed="0.000147"/>
</if>
<var name="${row}"/>
<status status="PASS" start="2026-08-27T13:54:16.285679" elapsed="0.000389"/>
</iter>
<var>${row}</var>
<value>@{rows}</value>
<status status="PASS" start="2026-08-27T13:54:16.285562" elapsed="0.000533"/>
</for>
<return>
<value>${FALSE}</value>
<status status="PASS" start="2026-08-27T13:54:16.286128" elapsed="0.000036"/>
</return>
<var>${exists}</var>
<arg>${table_id}</arg>
<arg>${code}</arg>
<doc>True if a row whose first cell equals ${code} exists in the table.</doc>
<status status="PASS" start="2026-08-27T13:54:16.284786" elapsed="0.001403"/>
</kw>
<kw name="Should Be Equal" owner="BuiltIn">
<arg>${exists}</arg>
<arg>${FALSE}</arg>
<arg>msg=Row ${code} should NOT exist in ${table_id}</arg>
<doc>Fails if the given objects are unequal.</doc>
<status status="NOT RUN" start="2026-08-27T13:54:16.286271" elapsed="0.000151"/>
</kw>
<arg>${table_id}</arg>
<arg>${code}</arg>
<doc>Assert a row with ${code} is absent.</doc>
<status status="PASS" start="2026-08-27T13:54:16.283319" elapsed="0.003139"/>
</kw>
<status status="PASS" start="2026-08-27T13:54:16.281958" elapsed="0.004525"/>
</branch>
<status status="PASS" start="2026-08-27T13:54:16.269408" elapsed="0.017096"/>
</if>
<arg>${table_id}</arg>
<arg>${code}</arg>
<doc>Assert a row with ${code} is absent from ${table_id} - across the WHOLE
dataset when this grid supports filtering, not just the current page (2026-08-22
standardisation, generalised from Account's one-off page-walk fix). Unlike OV Row
Should Exist, this does NOT try the current page first: a current-page-only absence
check is unsound on ANY grid, not just a large one - a stale leftover row could sit
on a later page while page 1 looks clean regardless of grid size. Falls back to the
original raw current-page-only check only when this grid has no filter toggle at all
(an older/non-filtering grid keeps its exact prior behavior - nothing to filter,
nothing lost).</doc>
<status status="PASS" start="2026-08-27T13:54:16.268690" elapsed="0.017833"/>
</kw>
<kw name="Capture Step" owner="utils">
<if>
<branch type="IF" condition="${CAPTURE_SCREENSHOTS}">
<kw name="Take Screenshot" owner="Browser">
<arg>filename=${OUTPUT_DIR}/${label}</arg>
<tag>PageContent</tag>
<doc>Takes a screenshot of the current window or element and saves it to disk.</doc>
<status status="NOT RUN" start="2026-08-27T13:54:16.286903" elapsed="0.000207"/>
</kw>
<status status="PASS" start="2026-08-27T13:54:16.286809" elapsed="0.000333"/>
</branch>
<status status="PASS" start="2026-08-27T13:54:16.286798" elapsed="0.000367"/>
</if>
<arg>${TEST NAME}_verify</arg>
<doc>Take a screenshot into the output dir with a step label - unless
True (environment.py, EC_CAPTURE_SCREENSHOTS env var) is OFF, in
which case this is a no-op (owner-requested 2026-08-18, so a fast run can skip
per-step evidence capture entirely).</doc>
<status status="PASS" start="2026-08-27T13:54:16.286679" elapsed="0.000504"/>
</kw>
<arg>${SUB_AREA_TABLE}</arg>
<arg>${code}</arg>
<doc>Assert ${code} is absent from the grid (${table_id}), then capture the
verify evidence screenshot - the shared core of every screen's "Verify &lt;Screen&gt;
Record Does Not Exist" (TC01 clean-state) keyword (added 2026-08-22, same
consolidation goal as Verify Object Insert Exists/Form Record/Found above).</doc>
<status status="PASS" start="2026-08-27T13:54:16.266021" elapsed="0.021190"/>
</kw>
<doc>Friendly-narrative wrapper around the TC01 clean-state check, called with
ZERO arguments (defaults ${code} to the suite's AUTOTEST_SUB_AREA). PURE SCREEN verification
(grid-only check) - delegates to the shared T2 Verify Object Does Not Exist.</doc>
<status status="PASS" start="2026-08-27T13:54:16.263412" elapsed="0.023829"/>
</kw>
<kw name="Logout From EC Application" owner="browser">
<kw name="Click" owner="Browser">
<arg>xpath=//span[contains(@class,'ui-icon-top-logout')]/ancestor::a[1]</arg>
<tag>PageContent</tag>
<tag>Setter</tag>
<doc>Simulates mouse click on the element found by ``selector``.</doc>
<status status="NOT RUN" start="2026-08-27T13:54:16.287507" elapsed="0.000197"/>
</kw>
<kw name="Wait For Elements State" owner="Browser">
<arg>css=[id="username"]</arg>
<arg>visible</arg>
<arg>timeout=15s</arg>
<tag>PageContent</tag>
<tag>Wait</tag>
<doc>Waits for the element found by ``selector`` to satisfy state option.</doc>
<status status="NOT RUN" start="2026-08-27T13:54:16.287787" elapsed="0.000249"/>
</kw>
<if>
<branch type="IF" condition="${CAPTURE_SCREENSHOTS}">
<kw name="Take Screenshot" owner="Browser">
<arg>filename=${OUTPUT_DIR}/${TEST NAME}_logout</arg>
<tag>PageContent</tag>
<doc>Takes a screenshot of the current window or element and saves it to disk.</doc>
<status status="NOT RUN" start="2026-08-27T13:54:16.288206" elapsed="0.000181"/>
</kw>
<status status="PASS" start="2026-08-27T13:54:16.288107" elapsed="0.000313"/>
</branch>
<status status="PASS" start="2026-08-27T13:54:16.288094" elapsed="0.000351"/>
</if>
<doc>Click EC's real logout icon (top toolbar, next to the username) and confirm
it genuinely returns to the login page - not just closing the browser tab. Live-verified
2026-08-18 both from the landing page and from inside a loaded screen (e.g. Bank, after
Expand Screen To Full Page hides the treeview): clicking it triggers a PrimeFaces AJAX
logout and redirects to the Keycloak login page (#username field re-appears).
Screenshot capture is INLINED here (not a call to utils.resource's Capture Step) so
this T1 file has no dependency on another T1 file - a suite importing browser.resource
alone still works (R21 review note, 2026-08-18: the prior version would have hit
keyword-not-found on Logout for such a suite, even though none currently does this).</doc>
<status status="PASS" start="2026-08-27T13:54:16.287355" elapsed="0.001110"/>
</kw>
<kw name="Ensure Logged Out From EC Application" owner="browser" type="TEARDOWN">
<kw name="Get Element Count" owner="Browser">
<var>${already_at_login}</var>
<arg>css=[id="username"]:visible</arg>
<tag>Assertion</tag>
<tag>Getter</tag>
<tag>PageContent</tag>
<doc>Returns the count of elements found with ``selector``.</doc>
<status status="NOT RUN" start="2026-08-27T13:54:16.288803" elapsed="0.000178"/>
</kw>
<if>
<branch type="IF" condition="${already_at_login} == 0">
<kw name="Get Element Count" owner="Browser">
<var>${logout_icon_present}</var>
<arg>css=.ui-icon-top-logout</arg>
<tag>Assertion</tag>
<tag>Getter</tag>
<tag>PageContent</tag>
<doc>Returns the count of elements found with ``selector``.</doc>
<status status="NOT RUN" start="2026-08-27T13:54:16.289131" elapsed="0.000162"/>
</kw>
<if>
<branch type="IF" condition="${logout_icon_present} &gt; 0">
<kw name="Logout From EC Application" owner="browser">
<kw name="Click" owner="Browser">
<arg>xpath=//span[contains(@class,'ui-icon-top-logout')]/ancestor::a[1]</arg>
<tag>PageContent</tag>
<tag>Setter</tag>
<doc>Simulates mouse click on the element found by ``selector``.</doc>
<status status="NOT RUN" start="2026-08-27T13:54:16.289625" elapsed="0.000173"/>
</kw>
<kw name="Wait For Elements State" owner="Browser">
<arg>css=[id="username"]</arg>
<arg>visible</arg>
<arg>timeout=15s</arg>
<tag>PageContent</tag>
<tag>Wait</tag>
<doc>Waits for the element found by ``selector`` to satisfy state option.</doc>
<status status="NOT RUN" start="2026-08-27T13:54:16.289876" elapsed="0.000230"/>
</kw>
<if>
<branch type="IF" condition="${CAPTURE_SCREENSHOTS}">
<kw name="Take Screenshot" owner="Browser">
<arg>filename=${OUTPUT_DIR}/${TEST NAME}_logout</arg>
<tag>PageContent</tag>
<doc>Takes a screenshot of the current window or element and saves it to disk.</doc>
<status status="NOT RUN" start="2026-08-27T13:54:16.290262" elapsed="0.000175"/>
</kw>
<status status="PASS" start="2026-08-27T13:54:16.290168" elapsed="0.000302"/>
</branch>
<status status="PASS" start="2026-08-27T13:54:16.290157" elapsed="0.000339"/>
</if>
<doc>Click EC's real logout icon (top toolbar, next to the username) and confirm
it genuinely returns to the login page - not just closing the browser tab. Live-verified
2026-08-18 both from the landing page and from inside a loaded screen (e.g. Bank, after
Expand Screen To Full Page hides the treeview): clicking it triggers a PrimeFaces AJAX
logout and redirects to the Keycloak login page (#username field re-appears).
Screenshot capture is INLINED here (not a call to utils.resource's Capture Step) so
this T1 file has no dependency on another T1 file - a suite importing browser.resource
alone still works (R21 review note, 2026-08-18: the prior version would have hit
keyword-not-found on Logout for such a suite, even though none currently does this).</doc>
<status status="PASS" start="2026-08-27T13:54:16.289479" elapsed="0.001036"/>
</kw>
<status status="PASS" start="2026-08-27T13:54:16.289351" elapsed="0.001189"/>
</branch>
<status status="PASS" start="2026-08-27T13:54:16.289341" elapsed="0.001218"/>
</if>
<status status="PASS" start="2026-08-27T13:54:16.289041" elapsed="0.001529"/>
</branch>
<status status="PASS" start="2026-08-27T13:54:16.289031" elapsed="0.001555"/>
</if>
<doc>Test Teardown safety net (owner discovered this gap live, 2026-08-18): if a
test case FAILS before reaching its own Logout From EC Application line, the browser is
left logged in - the NEXT test's Login To EC Application then times out trying to fill</doc>
<status status="PASS" start="2026-08-27T13:54:16.288645" elapsed="0.001955"/>
</kw>
<msg time="2026-08-27T13:54:16.360217" level="INFO">Starting Browser process C:\Tools\Python\Python314\Lib\site-packages\Browser\wrapper\index.js using at 127.0.0.1:55922</msg>
<tag>iud</tag>
<tag>sub-area</tag>
<status status="PASS" start="2026-08-27T13:54:16.209069" elapsed="0.081563"/>
</test>
<test id="s1-t2" name="TC02 Insert Sub Area Data" line="43">
<kw name="Login To EC Application" owner="sub_area_page">
<kw name="Login To EC Screen" owner="common">
<kw name="Fill EC Login Form" owner="browser">
<kw name="Fill Text" owner="Browser">
<arg>css=[id="username"]</arg>
<arg>${user}</arg>
<tag>PageContent</tag>
<tag>Setter</tag>
<doc>Clears and fills the given ``txt`` into the text field found by ``selector``.</doc>
<status status="NOT RUN" start="2026-08-27T13:54:16.912977" elapsed="0.000373"/>
</kw>
<kw name="Fill Text" owner="Browser">
<arg>css=[id="password"]</arg>
<arg>${pass}</arg>
<tag>PageContent</tag>
<tag>Setter</tag>
<doc>Clears and fills the given ``txt`` into the text field found by ``selector``.</doc>
<status status="NOT RUN" start="2026-08-27T13:54:16.913468" elapsed="0.000229"/>
</kw>
<kw name="Click" owner="Browser">
<arg>css=[id="kc-login"]</arg>
<tag>PageContent</tag>
<tag>Setter</tag>
<doc>Simulates mouse click on the element found by ``selector``.</doc>
<status status="NOT RUN" start="2026-08-27T13:54:16.913804" elapsed="0.000201"/>
</kw>
<kw name="Wait For Elements State" owner="Browser">
<arg>css=[id="menu:searchForm:searchTxt"]</arg>
<arg>visible</arg>
<arg>timeout=60s</arg>
<tag>PageContent</tag>
<tag>Wait</tag>
<doc>Waits for the element found by ``selector`` to satisfy state option.</doc>
<status status="NOT RUN" start="2026-08-27T13:54:16.914094" elapsed="0.000263"/>
</kw>
<kw name="Wait For Load State" owner="Browser">
<arg>networkidle</arg>
<arg>timeout=30s</arg>
<tag>PageContent</tag>
<tag>Wait</tag>
<doc>Waits that the page reaches the required load state.</doc>
<status status="NOT RUN" start="2026-08-27T13:54:16.914455" elapsed="0.000226"/>
</kw>
<arg>${user}</arg>
<arg>${pass}</arg>
<doc>The ACTUAL login mechanics (fill username, fill password, click login,
wait for the app to load) on the CURRENT page - the ONE place to update if EC's login
flow ever changes (a new SSO step, MFA, a renamed field id). Login To EC and Bank's own
Login To EC Application (bank_page.resource) both call this instead of duplicating the
steps, so a future flow change is a one-place edit (owner-requested 2026-08-18, after
Bank's wrapper was found to have copy-pasted this sequence instead of reusing it).</doc>
<status status="PASS" start="2026-08-27T13:54:16.912757" elapsed="0.001973"/>
</kw>
<kw name="Capture Step" owner="utils">
<if>
<branch type="IF" condition="${CAPTURE_SCREENSHOTS}">
<kw name="Take Screenshot" owner="Browser">
<arg>filename=${OUTPUT_DIR}/${label}</arg>
<tag>PageContent</tag>
<doc>Takes a screenshot of the current window or element and saves it to disk.</doc>
<status status="NOT RUN" start="2026-08-27T13:54:16.915197" elapsed="0.000201"/>
</kw>
<status status="PASS" start="2026-08-27T13:54:16.915083" elapsed="0.000352"/>
</branch>
<status status="PASS" start="2026-08-27T13:54:16.915061" elapsed="0.000408"/>
</if>
<arg>${TEST NAME}_login</arg>
<doc>Take a screenshot into the output dir with a step label - unless
True (environment.py, EC_CAPTURE_SCREENSHOTS env var) is OFF, in
which case this is a no-op (owner-requested 2026-08-18, so a fast run can skip
per-step evidence capture entirely).</doc>
<status status="PASS" start="2026-08-27T13:54:16.914904" elapsed="0.000587"/>
</kw>
<arg>${SUB_AREA_EC_USER}</arg>
<arg>${SUB_AREA_EC_PASS}</arg>
<doc>Authenticate on the CURRENT page with ${user}/${pass}, then capture the
login evidence screenshot. Shared body for every screen's own zero-arg "Login To EC
Application" wrapper (bank_page.resource, object_list_page.resource, etc.) - each of
those only supplies its own screen-specific credential defaults and delegates the
actual mechanics here, since Bank's and Object List's wrappers were found to have
identical bodies (owner query 2026-08-21) differing only in which credential constants
were passed. Lives in common.resource (not browser.resource alone), which aggregates
utils.resource - browser.resource deliberately has no Capture Step dependency.</doc>
<status status="PASS" start="2026-08-27T13:54:16.912458" elapsed="0.003063"/>
</kw>
<doc>Authenticate as Sub Area's OWN credentials (sysadmin/
sysadmin from credentials.py) on the current page - works whether this is
the very first login (page freshly loaded on the login form via the shared T1 Open EC
Application) or a re-login after Logout From EC Application (same login form, not a
new page/tab).</doc>
<status status="PASS" start="2026-08-27T13:54:16.909597" elapsed="0.005956"/>
</kw>
<kw name="Open Sub Area Screen With Navigator Values Populated" owner="sub_area_page">
<kw name="Open EC Screen" owner="common">
<kw name="Navigate To Screen" owner="screen">
<kw name="Dismiss Unsaved Changes Dialog If Present" owner="screen">
<kw name="Get Element Count" owner="Browser">
<var>${present}</var>
<arg>css=[id="confirmationForm:confirmation_modal"]:visible</arg>
<tag>Assertion</tag>
<tag>Getter</tag>
<tag>PageContent</tag>
<doc>Returns the count of elements found with ``selector``.</doc>
<status status="NOT RUN" start="2026-08-27T13:54:16.917956" elapsed="0.000230"/>
</kw>
<if>
<branch type="IF" condition="${present} &gt; 0">
<kw name="Log" owner="BuiltIn">
<arg>Unsaved-changes dialog detected - discarding via No to unblock navigation</arg>
<arg>level=WARN</arg>
<doc>Logs the given message with the given level.</doc>
<status status="NOT RUN" start="2026-08-27T13:54:16.918372" elapsed="0.000171"/>
</kw>
<kw name="Click" owner="Browser">
<arg>css=[id="confirmationForm:nobtn"]</arg>
<tag>PageContent</tag>
<tag>Setter</tag>
<doc>Simulates mouse click on the element found by ``selector``.</doc>
<status status="NOT RUN" start="2026-08-27T13:54:16.918625" elapsed="0.000185"/>
</kw>
<kw name="Wait For Load State" owner="Browser">
<arg>networkidle</arg>
<arg>timeout=10s</arg>
<tag>PageContent</tag>
<tag>Wait</tag>
<doc>Waits that the page reaches the required load state.</doc>
<status status="NOT RUN" start="2026-08-27T13:54:16.918893" elapsed="0.000234"/>
</kw>
<kw name="Sleep" owner="BuiltIn">
<arg>0.5s</arg>
<doc>Pauses the test executed for the given time.</doc>
<status status="NOT RUN" start="2026-08-27T13:54:16.919211" elapsed="0.000136"/>
</kw>
<status status="PASS" start="2026-08-27T13:54:16.918266" elapsed="0.001112"/>
</branch>
<status status="PASS" start="2026-08-27T13:54:16.918251" elapsed="0.001157"/>
</if>
<doc>EC shows its own "UNSAVED CHANGES" Yes/No/Cancel confirm when navigating
away from a dirty New Object form. If an earlier step failed mid-fill (e.g. a
dependent-dropdown timeout), this dialog can be left open and its overlay mask
(#confirmationForm:confirmation_modal) then intercepts every click for the rest of
the run - the whole suite silently stalls behind it. Detect + discard via No, so a
single earlier failure can't cascade into the entire suite hanging.</doc>
<status status="PASS" start="2026-08-27T13:54:16.917804" elapsed="0.001626"/>
</kw>
<kw name="Restore Treeview If Hidden" owner="screen">
<kw name="Get Element Count" owner="Browser">
<var>${visible}</var>
<arg>css=[id="menu:searchForm:searchTxt"]:visible</arg>
<tag>Assertion</tag>
<tag>Getter</tag>
<tag>PageContent</tag>
<doc>Returns the count of elements found with ``selector``.</doc>
<status status="NOT RUN" start="2026-08-27T13:54:16.919714" elapsed="0.000192"/>
</kw>
<if>
<branch type="IF" condition="${visible} == 0">
<kw name="Get Element Count" owner="Browser">
<var>${toggle}</var>
<arg>css=[id="screenToolbar:form:minmaxMenu"]:visible</arg>
<tag>Assertion</tag>
<tag>Getter</tag>
<tag>PageContent</tag>
<doc>Returns the count of elements found with ``selector``.</doc>
<status status="NOT RUN" start="2026-08-27T13:54:16.920078" elapsed="0.000193"/>
</kw>
<if>
<branch type="IF" condition="${toggle} &gt; 0">
<kw name="Click" owner="Browser">
<arg>${SCREEN_MINMAX_BTN}</arg>
<tag>PageContent</tag>
<tag>Setter</tag>
<doc>Simulates mouse click on the element found by ``selector``.</doc>
<status status="NOT RUN" start="2026-08-27T13:54:16.920429" elapsed="0.000165"/>
</kw>
<kw name="Wait For Elements State" owner="Browser">
<arg>${TREEVIEW_SEARCH}</arg>
<arg>visible</arg>
<arg>timeout=15s</arg>
<tag>PageContent</tag>
<tag>Wait</tag>
<doc>Waits for the element found by ``selector`` to satisfy state option.</doc>
<status status="NOT RUN" start="2026-08-27T13:54:16.920678" elapsed="0.000212"/>
</kw>
<kw name="Sleep" owner="BuiltIn">
<arg>0.5s</arg>
<doc>Pauses the test executed for the given time.</doc>
<status status="NOT RUN" start="2026-08-27T13:54:16.921011" elapsed="0.000142"/>
</kw>
<status status="PASS" start="2026-08-27T13:54:16.920335" elapsed="0.000850"/>
</branch>
<status status="PASS" start="2026-08-27T13:54:16.920324" elapsed="0.000890"/>
</if>
<status status="PASS" start="2026-08-27T13:54:16.919974" elapsed="0.001256"/>
</branch>
<status status="PASS" start="2026-08-27T13:54:16.919962" elapsed="0.001287"/>
</if>
<doc>If a previous expand hid the treeview, toggle it back so the
sidebar search box is usable again. No-op when the treeview is visible.</doc>
<status status="PASS" start="2026-08-27T13:54:16.919562" elapsed="0.001706"/>
</kw>
<kw name="Type Text" owner="Browser">
<arg>${TREEVIEW_SEARCH}</arg>
<arg>${screen_name}</arg>
<arg>delay=60ms</arg>
<arg>clear=Yes</arg>
<tag>PageContent</tag>
<tag>Setter</tag>
<doc>Types the given ``txt`` into the text field found by ``selector``.</doc>
<status status="NOT RUN" start="2026-08-27T13:54:16.921340" elapsed="0.000220"/>
</kw>
<kw name="Wait For Elements State" owner="Browser">
<arg>xpath=//*[self::label or self::span][contains(@class,'tv-link') and normalize-space(text())='${screen_name}']</arg>
<arg>visible</arg>
<arg>timeout=10s</arg>
<tag>PageContent</tag>
<tag>Wait</tag>
<doc>Waits for the element found by ``selector`` to satisfy state option.</doc>
<status status="NOT RUN" start="2026-08-27T13:54:16.921649" elapsed="0.000235"/>
</kw>
<kw name="Click" owner="Browser">
<arg>xpath=//*[self::label or self::span][contains(@class,'tv-link') and normalize-space(text())='${screen_name}']</arg>
<tag>PageContent</tag>
<tag>Setter</tag>
<doc>Simulates mouse click on the element found by ``selector``.</doc>
<status status="NOT RUN" start="2026-08-27T13:54:16.921968" elapsed="0.000179"/>
</kw>
<kw name="Wait For Load State" owner="Browser">
<arg>networkidle</arg>
<arg>timeout=15s</arg>
<tag>PageContent</tag>
<tag>Wait</tag>
<doc>Waits that the page reaches the required load state.</doc>
<status status="NOT RUN" start="2026-08-27T13:54:16.922228" elapsed="0.000208"/>
</kw>
<kw name="Sleep" owner="BuiltIn">
<arg>1.5s</arg>
<doc>Pauses the test executed for the given time.</doc>
<status status="NOT RUN" start="2026-08-27T13:54:16.922516" elapsed="0.000131"/>
</kw>
<kw name="Confirm Screen Loaded" owner="screen">
<kw name="Get Text" owner="Browser">
<var>${label}</var>
<arg>css=[id="screenToolbar:form:screenLabel"]</arg>
<tag>Assertion</tag>
<tag>Getter</tag>
<tag>PageContent</tag>
<doc>Returns text attribute of the element found by ``selector``.</doc>
<status status="NOT RUN" start="2026-08-27T13:54:16.924514" elapsed="0.000219"/>
</kw>
<kw name="Should Contain" owner="BuiltIn">
<arg>${label}</arg>
<arg>${screen_name}</arg>
<arg>msg=Failed to navigate to ${screen_name}</arg>
<doc>Fails if ``container`` does not contain ``item`` one or more times.</doc>
<status status="NOT RUN" start="2026-08-27T13:54:16.924825" elapsed="0.000160"/>
</kw>
<arg>${screen_name}</arg>
<doc>Assert the loaded screen's toolbar label matches ${screen_name}.</doc>
<status status="PASS" start="2026-08-27T13:54:16.924315" elapsed="0.000713"/>
</kw>
<kw name="Expand Screen To Full Page" owner="screen">
<kw name="Wait For Elements State" owner="Browser">
<arg>${SCREEN_MINMAX_BTN}</arg>
<arg>visible</arg>
<arg>timeout=15s</arg>
<tag>PageContent</tag>
<tag>Wait</tag>
<doc>Waits for the element found by ``selector`` to satisfy state option.</doc>
<status status="NOT RUN" start="2026-08-27T13:54:16.925285" elapsed="0.000233"/>
</kw>
<kw name="Click" owner="Browser">
<arg>${SCREEN_MINMAX_BTN}</arg>
<tag>PageContent</tag>
<tag>Setter</tag>
<doc>Simulates mouse click on the element found by ``selector``.</doc>
<status status="NOT RUN" start="2026-08-27T13:54:16.925600" elapsed="0.000170"/>
</kw>
<kw name="Wait For Load State" owner="Browser">
<arg>networkidle</arg>
<arg>timeout=15s</arg>
<tag>PageContent</tag>
<tag>Wait</tag>
<doc>Waits that the page reaches the required load state.</doc>
<status status="NOT RUN" start="2026-08-27T13:54:16.925850" elapsed="0.000206"/>
</kw>
<kw name="Sleep" owner="BuiltIn">
<arg>0.5s</arg>
<doc>Pauses the test executed for the given time.</doc>
<status status="NOT RUN" start="2026-08-27T13:54:16.926136" elapsed="0.000133"/>
</kw>
<doc>Click the screen min/max toggle to hide the treeview so the
loaded EC screen takes the full page width (more data columns visible).</doc>
<status status="PASS" start="2026-08-27T13:54:16.925135" elapsed="0.001170"/>
</kw>
<arg>${screen_name}</arg>
<doc>Open a screen via the sidebar search, confirm it loaded, then
expand it to full page (hide the treeview). Restores the treeview first if
a previous expand left it hidden, so repeated navigation keeps working.</doc>
<status status="PASS" start="2026-08-27T13:54:16.917600" elapsed="0.008733"/>
</kw>
<kw name="Capture Step" owner="utils">
<if>
<branch type="IF" condition="${CAPTURE_SCREENSHOTS}">
<kw name="Take Screenshot" owner="Browser">
<arg>filename=${OUTPUT_DIR}/${label}</arg>
<tag>PageContent</tag>
<doc>Takes a screenshot of the current window or element and saves it to disk.</doc>
<status status="NOT RUN" start="2026-08-27T13:54:16.926790" elapsed="0.000243"/>
</kw>
<status status="PASS" start="2026-08-27T13:54:16.926649" elapsed="0.000427"/>
</branch>
<status status="PASS" start="2026-08-27T13:54:16.926631" elapsed="0.000476"/>
</if>
<arg>${TEST NAME}_open_screen</arg>
<doc>Take a screenshot into the output dir with a step label - unless
True (environment.py, EC_CAPTURE_SCREENSHOTS env var) is OFF, in
which case this is a no-op (owner-requested 2026-08-18, so a fast run can skip
per-step evidence capture entirely).</doc>
<status status="PASS" start="2026-08-27T13:54:16.926487" elapsed="0.000642"/>
</kw>
<arg>${SUB_AREA_SCREEN}</arg>
<doc>Navigate to ${screen_name} and capture the open-screen evidence
screenshot. Shared body for every screen's own zero-arg "Open &lt;Screen&gt; Screen"
wrapper (bank_page.resource's Open Bank Screen, object_list_page.resource's Open
Object List Screen, etc.) - each of those only supplies its own screen-name
constant and delegates the actual navigation here, since Bank's and Object List's
wrappers were found to have identical bodies (owner query 2026-08-21) differing
only in which screen-name constant was passed. Assumes the caller already logged
in this test case - this keyword ONLY navigates.</doc>
<status status="PASS" start="2026-08-27T13:54:16.917380" elapsed="0.009779"/>
</kw>
<kw name="Apply Navigator From Properties" owner="manage_object">
<kw name="Read Properties" owner="PropertiesReader">
<var>${data}</var>
<arg>${properties_path}</arg>
<doc>Return an ordered dict of {column_label: value} from a simple key=value properties file.</doc>
<status status="NOT RUN" start="2026-08-27T13:54:16.956924" elapsed="0.000093"/>
</kw>
<kw name="Set Variable" owner="BuiltIn">
<var>${col}</var>
<arg>${start_col}</arg>
<doc>Returns the given values which can then be assigned to a variables.</doc>
<status status="NOT RUN" start="2026-08-27T13:54:16.957119" elapsed="0.000178"/>
</kw>
<kw name="Set Variable" owner="BuiltIn">
<var>${idx}</var>
<arg>${0}</arg>
<doc>Returns the given values which can then be assigned to a variables.</doc>
<status status="NOT RUN" start="2026-08-27T13:54:16.957395" elapsed="0.000142"/>
</kw>
<for flavor="IN">
<iter>
<kw name="Evaluate" owner="BuiltIn">
<var>${idx}</var>
<arg>${idx} + 1</arg>
<doc>Evaluates the given expression in Python and returns the result.</doc>
<status status="NOT RUN" start="2026-08-27T13:54:16.957857" elapsed="0.000126"/>
</kw>
<kw name="Evaluate" owner="BuiltIn">
<var>${past_row2_from}</var>
<arg>$row2_from != "" and $idx &gt; int($row2_from)</arg>
<doc>Evaluates the given expression in Python and returns the result.</doc>
<status status="NOT RUN" start="2026-08-27T13:54:16.958062" elapsed="0.000193"/>
</kw>
<if>
<branch type="IF" condition="${past_row2_from}">
<kw name="Set Variable" owner="BuiltIn">
<var>${use_row}</var>
<arg>${row2}</arg>
<doc>Returns the given values which can then be assigned to a variables.</doc>
<status status="NOT RUN" start="2026-08-27T13:54:16.958464" elapsed="0.000131"/>
</kw>
<kw name="Evaluate" owner="BuiltIn">
<var>${use_col}</var>
<arg>${row2_start_col} + ${idx} - int($row2_from) - 1</arg>
<doc>Evaluates the given expression in Python and returns the result.</doc>
<status status="NOT RUN" start="2026-08-27T13:54:16.958682" elapsed="0.000122"/>
</kw>
<status status="PASS" start="2026-08-27T13:54:16.958334" elapsed="0.000504"/>
</branch>
<branch type="ELSE">
<kw name="Set Variable" owner="BuiltIn">
<var>${use_row}</var>
<arg>${row}</arg>
<doc>Returns the given values which can then be assigned to a variables.</doc>
<status status="NOT RUN" start="2026-08-27T13:54:16.958970" elapsed="0.000120"/>
</kw>
<kw name="Set Variable" owner="BuiltIn">
<var>${use_col}</var>
<arg>${col}</arg>
<doc>Returns the given values which can then be assigned to a variables.</doc>
<status status="NOT RUN" start="2026-08-27T13:54:16.959173" elapsed="0.000128"/>
</kw>
<kw name="Evaluate" owner="BuiltIn">
<var>${col}</var>
<arg>${col} + 1</arg>
<doc>Evaluates the given expression in Python and returns the result.</doc>
<status status="NOT RUN" start="2026-08-27T13:54:16.959393" elapsed="0.000126"/>
</kw>
<status status="PASS" start="2026-08-27T13:54:16.958873" elapsed="0.000680"/>
</branch>
<status status="PASS" start="2026-08-27T13:54:16.958320" elapsed="0.001258"/>
</if>
<kw name="Set Variable" owner="BuiltIn">
<var>${dd}</var>
<arg>nav:form:G:${group}:R:${use_row}:C:${use_col}:dd</arg>
<doc>Returns the given values which can then be assigned to a variables.</doc>
<status status="NOT RUN" start="2026-08-27T13:54:16.959644" elapsed="0.000114"/>
</kw>
<kw name="Select EC Dropdown Option" owner="table">
<variable name="${item}">
<var>xpath=//*[@id='${dd_prefix}_panel']//tr[normalize-space(@data-item-label)='${value}']</var>
<status status="PASS" start="2026-08-27T13:54:16.960042" elapsed="0.000055"/>
</variable>
<kw name="Open EC Dropdown Panel" owner="table">
<kw name="Click" owner="Browser">
<arg>css=[id="${dd_prefix}_button"]</arg>
<tag>PageContent</tag>
<tag>Setter</tag>
<doc>Simulates mouse click on the element found by ``selector``.</doc>
<status status="NOT RUN" start="2026-08-27T13:54:16.960410" elapsed="0.000252"/>
</kw>
<try>
<branch type="TRY">
<kw name="Wait For Elements State" owner="Browser">
<arg>${item} &gt;&gt; nth=0</arg>
<arg>visible</arg>
<arg>timeout=6s</arg>
<tag>PageContent</tag>
<tag>Wait</tag>
<doc>Waits for the element found by ``selector`` to satisfy state option.</doc>
<status status="NOT RUN" start="2026-08-27T13:54:16.960852" elapsed="0.000266"/>
</kw>
<status status="PASS" start="2026-08-27T13:54:16.960748" elapsed="0.000411"/>
</branch>
<branch type="EXCEPT">
<kw name="Keyboard Key" owner="Browser">
<arg>press</arg>
<arg>Escape</arg>
<tag>PageContent</tag>
<tag>Setter</tag>
<doc>Press a keyboard key on the virtual keyboard or set a key up or down.</doc>
<status status="NOT RUN" start="2026-08-27T13:54:16.961294" elapsed="0.000193"/>
</kw>
<kw name="Sleep" owner="BuiltIn">
<arg>1.5s</arg>
<doc>Pauses the test executed for the given time.</doc>
<status status="NOT RUN" start="2026-08-27T13:54:16.961572" elapsed="0.000136"/>
</kw>
<kw name="Click" owner="Browser">
<arg>css=[id="${dd_prefix}_button"]</arg>
<tag>PageContent</tag>
<tag>Setter</tag>
<doc>Simulates mouse click on the element found by ``selector``.</doc>
<status status="NOT RUN" start="2026-08-27T13:54:16.961784" elapsed="0.000187"/>
</kw>
<kw name="Wait For Elements State" owner="Browser">
<arg>${item} &gt;&gt; nth=0</arg>
<arg>visible</arg>
<arg>timeout=10s</arg>
<tag>PageContent</tag>
<tag>Wait</tag>
<doc>Waits for the element found by ``selector`` to satisfy state option.</doc>
<status status="NOT RUN" start="2026-08-27T13:54:16.962053" elapsed="0.000235"/>
</kw>
<status status="NOT RUN" start="2026-08-27T13:54:16.961199" elapsed="0.001128"/>
</branch>
<status status="PASS" start="2026-08-27T13:54:16.960716" elapsed="0.001648"/>
</try>
<arg>${dd_prefix}</arg>
<arg>${item}</arg>
<doc>Open an EC autocomplete dropdown and wait for its first option
row; one Escape+reopen retry covers panels closed by a concurrent partial
re-render or cascades whose options arrive late.</doc>
<status status="PASS" start="2026-08-27T13:54:16.960245" elapsed="0.002146"/>
</kw>
<kw name="Click" owner="Browser">
<arg>${item}</arg>
<tag>PageContent</tag>
<tag>Setter</tag>
<doc>Simulates mouse click on the element found by ``selector``.</doc>
<status status="NOT RUN" start="2026-08-27T13:54:16.962468" elapsed="0.000225"/>
</kw>
<kw name="Wait For Load State" owner="Browser">
<arg>networkidle</arg>
<arg>timeout=12s</arg>
<tag>PageContent</tag>
<tag>Wait</tag>
<doc>Waits that the page reaches the required load state.</doc>
<status status="NOT RUN" start="2026-08-27T13:54:16.962774" elapsed="0.000203"/>
</kw>
<kw name="Sleep" owner="BuiltIn">
<arg>0.6s</arg>
<doc>Pauses the test executed for the given time.</doc>
<status status="NOT RUN" start="2026-08-27T13:54:16.963056" elapsed="0.000132"/>
</kw>
<arg>${dd}</arg>
<arg>${data}[${label}]</arg>
<doc>Pick an option from an EC autocomplete dropdown (…:dd) by its
exact item label: click the chevron, wait for the option row
(tr[data-item-label]) and click it. A pending form re-render (e.g. after a
date Tab-out) can close the panel between open and click, so one re-open
retry is built in. Typing into autocomplete-dd fields is unreliable.</doc>
<status status="PASS" start="2026-08-27T13:54:16.959899" elapsed="0.003324"/>
</kw>
<kw name="Sleep" owner="BuiltIn">
<arg>0.7s</arg>
<doc>Pauses the test executed for the given time.</doc>
<status status="NOT RUN" start="2026-08-27T13:54:16.963302" elapsed="0.000132"/>
</kw>
<var name="${label}"/>
<status status="PASS" start="2026-08-27T13:54:16.957758" elapsed="0.005706"/>
</iter>
<var>${label}</var>
<value>@{data.keys()}</value>
<status status="PASS" start="2026-08-27T13:54:16.957598" elapsed="0.005904"/>
</for>
<kw name="Apply Navigator" owner="navigator">
<kw name="Click" owner="Browser">
<arg>css=[id="button:form:B"]</arg>
<tag>PageContent</tag>
<tag>Setter</tag>
<doc>Simulates mouse click on the element found by ``selector``.</doc>
<status status="NOT RUN" start="2026-08-27T13:54:16.963793" elapsed="0.000187"/>
</kw>
<kw name="Wait For Load State" owner="Browser">
<arg>networkidle</arg>
<arg>timeout=15s</arg>
<tag>PageContent</tag>
<tag>Wait</tag>
<doc>Waits that the page reaches the required load state.</doc>
<status status="NOT RUN" start="2026-08-27T13:54:16.964063" elapsed="0.000221"/>
</kw>
<kw name="Sleep" owner="BuiltIn">
<arg>1.2s</arg>
<doc>Pauses the test executed for the given time.</doc>
<status status="NOT RUN" start="2026-08-27T13:54:16.964365" elapsed="0.000136"/>
</kw>
<doc>Click the navigator Go button to (re)load the list.</doc>
<status status="PASS" start="2026-08-27T13:54:16.963624" elapsed="0.000912"/>
</kw>
<arg>${SUB_AREA_NAVIGATOR_PROPERTIES}</arg>
<doc>Fill an OV-GM navigator with EXPLICIT values driven by a properties file
(column=value, read via PropertiesReader.Read Properties - the SAME mechanism Insert/
Update Object From Properties already use for form fields), then click GO once. Added
2026-08-26 to generalise Area's bespoke inline "Select EC Dropdown Option
${AREA_NAV_PU} ${AREA_NAV_PU_VALUE} / Apply Navigator" into a shared, reusable T2
keyword any OV-GM screen's navigator can call.</doc>
<status status="PASS" start="2026-08-27T13:54:16.956592" elapsed="0.007973"/>
</kw>
<doc>Navigate to the Sub Area screen, THEN fill + submit the mandatory 2-level
Production Unit -&gt; Area navigator (dropdowns + GO) - the grid stays empty until this
happens, so this single keyword bundles both steps for the test case (Area's exact
skeleton calls this as ONE line per TC, not two). Assumes the caller already logged in
this test case (via Login To EC Application). Navigator fill delegates to the shared
T2 "Apply Navigator From Properties" (resources/manage_object.resource), driven by
testdata/sub_area_navigator.properties.</doc>
<status status="PASS" start="2026-08-27T13:54:16.915653" elapsed="0.048943"/>
</kw>
<kw name="Insert Sub Area Record And Save" owner="sub_area_page">
<kw name="Insert Object From Properties And Verify Code" owner="manage_object">
<kw name="Insert Object From Properties" owner="manage_object">
<kw name="Read Properties" owner="PropertiesReader">
<var>${data}</var>
<arg>${properties_path}</arg>
<doc>Return an ordered dict of {column_label: value} from a simple key=value properties file.</doc>
<status status="NOT RUN" start="2026-08-27T13:54:16.976558" elapsed="0.000075"/>
</kw>
<kw name="Open New Object Form" owner="manage_object">
<kw name="Hover" owner="Browser">
<arg>xpath=//li[contains(@class,'ui-menu-parent')][.//span[contains(@class,'ui-icon-insert')]]</arg>
<tag>PageContent</tag>
<tag>Setter</tag>
<doc>Moves the virtual mouse and scrolls to the element found by ``selector``.</doc>
<status status="NOT RUN" start="2026-08-27T13:54:16.976916" elapsed="0.000292"/>
</kw>
<kw name="Wait For Elements State" owner="Browser">
<arg>xpath=//ul[contains(@class,'ui-menu-child')]//li//a[normalize-space(.)='New Object']</arg>
<arg>visible</arg>
<arg>timeout=10s</arg>
<tag>PageContent</tag>
<tag>Wait</tag>
<doc>Waits for the element found by ``selector`` to satisfy state option.</doc>
<status status="NOT RUN" start="2026-08-27T13:54:16.977302" elapsed="0.000260"/>
</kw>
<kw name="Click" owner="Browser">
<arg>xpath=//ul[contains(@class,'ui-menu-child')]//li//a[normalize-space(.)='New Object']</arg>
<tag>PageContent</tag>
<tag>Setter</tag>
<doc>Simulates mouse click on the element found by ``selector``.</doc>
<status status="NOT RUN" start="2026-08-27T13:54:16.977653" elapsed="0.000189"/>
</kw>
<kw name="Wait For Load State" owner="Browser">
<arg>networkidle</arg>
<arg>timeout=15s</arg>
<tag>PageContent</tag>
<tag>Wait</tag>
<doc>Waits that the page reaches the required load state.</doc>
<status status="NOT RUN" start="2026-08-27T13:54:16.977928" elapsed="0.000217"/>
</kw>
<kw name="Sleep" owner="BuiltIn">
<arg>1.2s</arg>
<doc>Pauses the test executed for the given time.</doc>
<status status="NOT RUN" start="2026-08-27T13:54:16.978229" elapsed="0.000157"/>
</kw>
<doc>Hover the Insert toolbar menu and choose "New Object".
Wait for the submenu item to be visible before clicking (robust vs a fixed sleep).</doc>
<status status="PASS" start="2026-08-27T13:54:16.976761" elapsed="0.001665"/>
</kw>
<for flavor="IN">
<iter>
<kw name="Fill OV Field By Label Any Kind" owner="manage_object">
<kw name="Get Element Count" owner="Browser">
<var>${dd_count}</var>
<arg>xpath=//span[contains(@class,'ECCell') and contains(@id,':${form}:form:') and normalize-space(text())='${label}']/ancestor::div[contains(@class,'tableCell')][1]/following-sibling::div[contains(@class,'tableCell')][1]//input[contains(@id,'dd_input')]</arg>
<tag>Assertion</tag>
<tag>Getter</tag>
<tag>PageContent</tag>
<doc>Returns the count of elements found with ``selector``.</doc>
<status status="NOT RUN" start="2026-08-27T13:54:16.980296" elapsed="0.000273"/>
</kw>
<if>
<branch type="IF" condition="${dd_count} &gt; 0">
<kw name="Fill OV Dropdown By Label" owner="manage_object">
<kw name="Get Attribute" owner="Browser">
<var>${id}</var>
<arg>xpath=//span[contains(@class,'ECCell') and contains(@id,':${form}:form:') and normalize-space(text())='${label}']/ancestor::div[contains(@class,'tableCell')][1]/following-sibling::div[contains(@class,'tableCell')][1]//input[contains(@id,'dd_input')]</arg>
<arg>id</arg>
<tag>Assertion</tag>
<tag>Getter</tag>
<tag>PageContent</tag>
<doc>Returns the HTML ``attribute`` of the element found by ``selector``.</doc>
<status status="NOT RUN" start="2026-08-27T13:54:16.982265" elapsed="0.000263"/>
</kw>
<kw name="Set Variable" owner="BuiltIn">
<var>${dd}</var>
<arg>${id.replace('_input', '')}</arg>
<doc>Returns the given values which can then be assigned to a variables.</doc>
<status status="NOT RUN" start="2026-08-27T13:54:16.982635" elapsed="0.000139"/>
</kw>
<if>
<branch type="IF" condition="'${value}' == '__FIRST__'">
<kw name="Select First EC Dropdown Option" owner="table">
<variable name="${item}">
<var>css=[id="${dd_prefix}_panel"] tr[data-item-label]</var>
<status status="PASS" start="2026-08-27T13:54:16.983121" elapsed="0.000056"/>
</variable>
<kw name="Open EC Dropdown Panel" owner="table">
<kw name="Click" owner="Browser">
<arg>css=[id="${dd_prefix}_button"]</arg>
<tag>PageContent</tag>
<tag>Setter</tag>
<doc>Simulates mouse click on the element found by ``selector``.</doc>
<status status="NOT RUN" start="2026-08-27T13:54:16.983531" elapsed="0.000339"/>
</kw>
<try>
<branch type="TRY">
<kw name="Wait For Elements State" owner="Browser">
<arg>${item} &gt;&gt; nth=0</arg>
<arg>visible</arg>
<arg>timeout=6s</arg>
<tag>PageContent</tag>
<tag>Wait</tag>
<doc>Waits for the element found by ``selector`` to satisfy state option.</doc>
<status status="NOT RUN" start="2026-08-27T13:54:16.984061" elapsed="0.000560"/>
</kw>
<status status="PASS" start="2026-08-27T13:54:16.983947" elapsed="0.000891"/>
</branch>
<branch type="EXCEPT">
<kw name="Keyboard Key" owner="Browser">
<arg>press</arg>
<arg>Escape</arg>
<tag>PageContent</tag>
<tag>Setter</tag>
<doc>Press a keyboard key on the virtual keyboard or set a key up or down.</doc>
<status status="NOT RUN" start="2026-08-27T13:54:16.984986" elapsed="0.000460"/>
</kw>
<kw name="Sleep" owner="BuiltIn">
<arg>1.5s</arg>
<doc>Pauses the test executed for the given time.</doc>
<status status="NOT RUN" start="2026-08-27T13:54:16.985602" elapsed="0.000383"/>
</kw>
<kw name="Click" owner="Browser">
<arg>css=[id="${dd_prefix}_button"]</arg>
<tag>PageContent</tag>
<tag>Setter</tag>
<doc>Simulates mouse click on the element found by ``selector``.</doc>
<status status="NOT RUN" start="2026-08-27T13:54:16.986114" elapsed="0.000513"/>
</kw>
<kw name="Wait For Elements State" owner="Browser">
<arg>${item} &gt;&gt; nth=0</arg>
<arg>visible</arg>
<arg>timeout=10s</arg>
<tag>PageContent</tag>
<tag>Wait</tag>
<doc>Waits for the element found by ``selector`` to satisfy state option.</doc>
<status status="NOT RUN" start="2026-08-27T13:54:16.986774" elapsed="0.000618"/>
</kw>
<status status="NOT RUN" start="2026-08-27T13:54:16.984879" elapsed="0.002666"/>
</branch>
<status status="PASS" start="2026-08-27T13:54:16.983922" elapsed="0.003677"/>
</try>
<arg>${dd_prefix}</arg>
<arg>${item}</arg>
<doc>Open an EC autocomplete dropdown and wait for its first option
row; one Escape+reopen retry covers panels closed by a concurrent partial
re-render or cascades whose options arrive late.</doc>
<status status="PASS" start="2026-08-27T13:54:16.983377" elapsed="0.004253"/>
</kw>
<kw name="Get Attribute" owner="Browser">
<var>${label}</var>
<arg>${item} &gt;&gt; nth=0</arg>
<arg>data-item-label</arg>
<tag>Assertion</tag>
<tag>Getter</tag>
<tag>PageContent</tag>
<doc>Returns the HTML ``attribute`` of the element found by ``selector``.</doc>
[...]
<status status="NOT RUN" start="2026-08-27T13:54:17.629699" elapsed="0.000135"/>
</kw>
<status status="PASS" start="2026-08-27T13:54:17.628954" elapsed="0.000911"/>
</branch>
<status status="PASS" start="2026-08-27T13:54:17.628941" elapsed="0.000951"/>
</if>
<arg>${form}</arg>
<doc>Turn the column filter row ON (idempotent). Clicks the hover-revealed toggle
${form}:T:tfo in the content frame via JS, then waits for the filter-row AJAX to settle.</doc>
<status status="PASS" start="2026-08-27T13:54:17.627728" elapsed="0.002186"/>
</kw>
<variable name="${f}">
<var>${form}:T:sfilter${col}_ft_filter</var>
<status status="PASS" start="2026-08-27T13:54:17.629951" elapsed="0.000050"/>
</variable>
<kw name="Wait For Elements State" owner="Browser">
<arg>css=[id="${f}"]</arg>
<arg>visible</arg>
<arg>timeout=10s</arg>
<tag>PageContent</tag>
<tag>Wait</tag>
<doc>Waits for the element found by ``selector`` to satisfy state option.</doc>
<status status="NOT RUN" start="2026-08-27T13:54:17.630080" elapsed="0.000237"/>
</kw>
<kw name="Click" owner="Browser">
<arg>css=[id="${f}"]</arg>
<tag>PageContent</tag>
<tag>Setter</tag>
<doc>Simulates mouse click on the element found by ``selector``.</doc>
<status status="NOT RUN" start="2026-08-27T13:54:17.630432" elapsed="0.000424"/>
</kw>
<kw name="Type Text" owner="Browser">
<arg>css=[id="${f}"]</arg>
<arg>${value}</arg>
<arg>clear=Yes</arg>
<tag>PageContent</tag>
<tag>Setter</tag>
<doc>Types the given ``txt`` into the text field found by ``selector``.</doc>
<status status="NOT RUN" start="2026-08-27T13:54:17.631022" elapsed="0.000378"/>
</kw>
<kw name="Keyboard Key" owner="Browser">
<arg>press</arg>
<arg>Enter</arg>
<tag>PageContent</tag>
<tag>Setter</tag>
<doc>Press a keyboard key on the virtual keyboard or set a key up or down.</doc>
<status status="NOT RUN" start="2026-08-27T13:54:17.631551" elapsed="0.000312"/>
</kw>
<kw name="Wait For Load State" owner="Browser">
<arg>networkidle</arg>
<arg>timeout=15s</arg>
<tag>PageContent</tag>
<tag>Wait</tag>
<doc>Waits that the page reaches the required load state.</doc>
<status status="NOT RUN" start="2026-08-27T13:54:17.632003" elapsed="0.000497"/>
</kw>
<kw name="Sleep" owner="BuiltIn">
<arg>1s</arg>
<doc>Pauses the test executed for the given time.</doc>
<status status="NOT RUN" start="2026-08-27T13:54:17.632632" elapsed="0.000198"/>
</kw>
<arg>${form}</arg>
<arg>0</arg>
<arg>${code}</arg>
<doc>With filtering ON, type ${value} into the text filter of column ${col} (0-based,
left-to-right) and submit with Enter. EC does a partial "contains" match and narrows the grid.</doc>
<status status="PASS" start="2026-08-27T13:54:17.626397" elapsed="0.006481"/>
</kw>
<kw name="Grid Data Row Count" owner="grid_menu">
<kw name="Evaluate JavaScript" owner="Browser">
<var>${n}</var>
<arg>css=[id="${form}:T_data"]</arg>
<arg>(el) =&gt; el.querySelectorAll('tr[data-ri]').length</arg>
<tag>Getter</tag>
<tag>PageContent</tag>
<tag>Setter</tag>
<doc>Executes given javascript on the selected element(s) or on page.</doc>
<status status="NOT RUN" start="2026-08-27T13:54:17.634679" elapsed="0.000335"/>
</kw>
<return>
<value>${n}</value>
<status status="PASS" start="2026-08-27T13:54:17.635088" elapsed="0.000062"/>
</return>
<var>${n}</var>
<arg>${form}</arg>
<doc>Count the real data rows in the grid body (${form}:T_data) - the live result count
after filtering. Counts by the PrimeFaces row-index attribute (tr[data-ri]) so it works on grids
whose cells are input fields (where tr.textContent is empty); the "no records" message row has no
data-ri and is excluded. Anchored in the content frame.</doc>
<status status="PASS" start="2026-08-27T13:54:17.634385" elapsed="0.000809"/>
</kw>
<kw name="Clear Grid Text Column Filter" owner="grid_menu">
<variable name="${f}">
<var>${form}:T:sfilter${col}_ft_filter</var>
<status status="PASS" start="2026-08-27T13:54:17.636728" elapsed="0.000057"/>
</variable>
<kw name="Click" owner="Browser">
<arg>css=[id="${f}"]</arg>
<tag>PageContent</tag>
<tag>Setter</tag>
<doc>Simulates mouse click on the element found by ``selector``.</doc>
<status status="NOT RUN" start="2026-08-27T13:54:17.636886" elapsed="0.000251"/>
</kw>
<kw name="Keyboard Key" owner="Browser">
<arg>press</arg>
<arg>Control+A</arg>
<tag>PageContent</tag>
<tag>Setter</tag>
<doc>Press a keyboard key on the virtual keyboard or set a key up or down.</doc>
<status status="NOT RUN" start="2026-08-27T13:54:17.637238" elapsed="0.000215"/>
</kw>
<kw name="Keyboard Key" owner="Browser">
<arg>press</arg>
<arg>Delete</arg>
<tag>PageContent</tag>
<tag>Setter</tag>
<doc>Press a keyboard key on the virtual keyboard or set a key up or down.</doc>
<status status="NOT RUN" start="2026-08-27T13:54:17.637537" elapsed="0.000187"/>
</kw>
<kw name="Keyboard Key" owner="Browser">
<arg>press</arg>
<arg>Enter</arg>
<tag>PageContent</tag>
<tag>Setter</tag>
<doc>Press a keyboard key on the virtual keyboard or set a key up or down.</doc>
<status status="NOT RUN" start="2026-08-27T13:54:17.637806" elapsed="0.000184"/>
</kw>
<kw name="Wait For Load State" owner="Browser">
<arg>networkidle</arg>
<arg>timeout=15s</arg>
<tag>PageContent</tag>
<tag>Wait</tag>
<doc>Waits that the page reaches the required load state.</doc>
<status status="NOT RUN" start="2026-08-27T13:54:17.638086" elapsed="0.000245"/>
</kw>
<kw name="Sleep" owner="BuiltIn">
<arg>1s</arg>
<doc>Pauses the test executed for the given time.</doc>
<status status="NOT RUN" start="2026-08-27T13:54:17.638430" elapsed="0.000167"/>
</kw>
<arg>${form}</arg>
<arg>0</arg>
<doc>Clear the text filter on column ${col} (select-all + Delete + Enter) and let the grid
refresh back to the unfiltered (or other-column-filtered) set.</doc>
<status status="PASS" start="2026-08-27T13:54:17.636555" elapsed="0.002084"/>
</kw>
<kw name="Should Be Equal" owner="BuiltIn">
<arg>${n}</arg>
<arg>${0}</arg>
<arg>msg=Row ${code} should NOT exist in ${table_id}</arg>
<doc>Fails if the given objects are unequal.</doc>
<status status="NOT RUN" start="2026-08-27T13:54:17.638719" elapsed="0.000145"/>
</kw>
<status status="PASS" start="2026-08-27T13:54:17.623935" elapsed="0.014964"/>
</branch>
<branch type="ELSE">
<kw name="Row Should Not Exist" owner="table">
<kw name="Row Exists" owner="table">
<kw name="Get Table Rows" owner="table">
<kw name="Evaluate JavaScript" owner="Browser">
<var>${rows}</var>
<arg>${None}</arg>
<arg>() =&gt; { const t=document.getElementById('${table_id}'); if(!t) return []; const o=[]; t.querySelectorAll('tr').forEach(tr=&gt;{const c=[];tr.querySelectorAll('td').forEach(td=&gt;c.push((td.textContent||'').trim()));if(c.some(x=&gt;x))o.push(c);}); return o; }</arg>
<tag>Getter</tag>
<tag>PageContent</tag>
<tag>Setter</tag>
<doc>Executes given javascript on the selected element(s) or on page.</doc>
<status status="NOT RUN" start="2026-08-27T13:54:17.642220" elapsed="0.000266"/>
</kw>
<return>
<value>${rows}</value>
<status status="PASS" start="2026-08-27T13:54:17.642555" elapsed="0.000054"/>
</return>
<var>${rows}</var>
<arg>${table_id}</arg>
<doc>Return a list of non-empty cell-lists from a results table by id.</doc>
<status status="PASS" start="2026-08-27T13:54:17.642042" elapsed="0.000609"/>
</kw>
<for flavor="IN">
<iter>
<kw name="Get From List" owner="Collections">
<var>${first}</var>
<arg>${row}</arg>
<arg>0</arg>
<doc>Returns the value specified with an ``index`` from ``list``.</doc>
<status status="NOT RUN" start="2026-08-27T13:54:17.642917" elapsed="0.000082"/>
</kw>
<if>
<branch type="IF" condition="'${first}' == '${code}'">
<return>
<value>${TRUE}</value>
<status status="PASS" start="2026-08-27T13:54:17.643121" elapsed="0.000031"/>
</return>
<status status="PASS" start="2026-08-27T13:54:17.643067" elapsed="0.000112"/>
</branch>
<status status="PASS" start="2026-08-27T13:54:17.643053" elapsed="0.000148"/>
</if>
<var name="${row}"/>
<status status="PASS" start="2026-08-27T13:54:17.642817" elapsed="0.000397"/>
</iter>
<var>${row}</var>
<value>@{rows}</value>
<status status="PASS" start="2026-08-27T13:54:17.642699" elapsed="0.000539"/>
</for>
<return>
<value>${FALSE}</value>
<status status="PASS" start="2026-08-27T13:54:17.643270" elapsed="0.000032"/>
</return>
<var>${exists}</var>
<arg>${table_id}</arg>
<arg>${code}</arg>
<doc>True if a row whose first cell equals ${code} exists in the table.</doc>
<status status="PASS" start="2026-08-27T13:54:17.641843" elapsed="0.001487"/>
</kw>
<kw name="Should Be Equal" owner="BuiltIn">
<arg>${exists}</arg>
<arg>${FALSE}</arg>
<arg>msg=Row ${code} should NOT exist in ${table_id}</arg>
<doc>Fails if the given objects are unequal.</doc>
<status status="NOT RUN" start="2026-08-27T13:54:17.643409" elapsed="0.000152"/>
</kw>
<arg>${table_id}</arg>
<arg>${code}</arg>
<doc>Assert a row with ${code} is absent.</doc>
<status status="PASS" start="2026-08-27T13:54:17.640351" elapsed="0.003252"/>
</kw>
<status status="PASS" start="2026-08-27T13:54:17.638964" elapsed="0.004668"/>
</branch>
<status status="PASS" start="2026-08-27T13:54:17.623919" elapsed="0.019739"/>
</if>
<arg>${table_id}</arg>
<arg>${code}</arg>
<doc>Assert a row with ${code} is absent from ${table_id} - across the WHOLE
dataset when this grid supports filtering, not just the current page (2026-08-22
standardisation, generalised from Account's one-off page-walk fix). Unlike OV Row
Should Exist, this does NOT try the current page first: a current-page-only absence
check is unsound on ANY grid, not just a large one - a stale leftover row could sit
on a later page while page 1 looks clean regardless of grid size. Falls back to the
original raw current-page-only check only when this grid has no filter toggle at all
(an older/non-filtering grid keeps its exact prior behavior - nothing to filter,
nothing lost).</doc>
<status status="PASS" start="2026-08-27T13:54:17.623149" elapsed="0.020530"/>
</kw>
<kw name="Code Should Be Absent In View" owner="DbVerify">
<arg>${db_view}</arg>
<arg>${code}</arg>
<doc>Fail if ``code`` appears in any string column of ``view`` (DB ground truth).</doc>
<status status="NOT RUN" start="2026-08-27T13:54:17.643766" elapsed="0.000067"/>
</kw>
<arg>${SUB_AREA_TABLE}</arg>
<arg>OV_SUB_AREA</arg>
<arg>${code}</arg>
<doc>Assert ${code} is absent from BOTH the grid (${table_id}) and the
database (${db_view}) - the shared core of every screen's "Verify &lt;Screen&gt; Record
Removed" keyword (added 2026-08-22). Caller adds its own Capture Step - screenshot
naming stays screen-aware, not pulled in here.</doc>
<status status="PASS" start="2026-08-27T13:54:17.620350" elapsed="0.023540"/>
</kw>
<kw name="Capture Step" owner="utils">
<if>
<branch type="IF" condition="${CAPTURE_SCREENSHOTS}">
<kw name="Take Screenshot" owner="Browser">
<arg>filename=${OUTPUT_DIR}/${label}</arg>
<tag>PageContent</tag>
<doc>Takes a screenshot of the current window or element and saves it to disk.</doc>
<status status="NOT RUN" start="2026-08-27T13:54:17.644297" elapsed="0.000216"/>
</kw>
<status status="PASS" start="2026-08-27T13:54:17.644199" elapsed="0.000348"/>
</branch>
<status status="PASS" start="2026-08-27T13:54:17.644188" elapsed="0.000382"/>
</if>
<arg>${TEST NAME}_verify</arg>
<doc>Take a screenshot into the output dir with a step label - unless
True (environment.py, EC_CAPTURE_SCREENSHOTS env var) is OFF, in
which case this is a no-op (owner-requested 2026-08-18, so a fast run can skip
per-step evidence capture entirely).</doc>
<status status="PASS" start="2026-08-27T13:54:17.644043" elapsed="0.000545"/>
</kw>
<doc>Friendly-narrative wrapper around the TC05 verification, called with ZERO
arguments (defaults ${code} to the suite's AUTOTEST_SUB_AREA): confirms ${code} is absent
from BOTH the grid and the database (OV_SUB_AREA) - the DB check lives here, in the
shared T2 Verify Object Removed, NOT as a separate screen-local wrapper keyword.</doc>
<status status="PASS" start="2026-08-27T13:54:17.616226" elapsed="0.028390"/>
</kw>
<kw name="Logout From EC Application" owner="browser">
<kw name="Click" owner="Browser">
<arg>xpath=//span[contains(@class,'ui-icon-top-logout')]/ancestor::a[1]</arg>
<tag>PageContent</tag>
<tag>Setter</tag>
<doc>Simulates mouse click on the element found by ``selector``.</doc>
<status status="NOT RUN" start="2026-08-27T13:54:17.644893" elapsed="0.000198"/>
</kw>
<kw name="Wait For Elements State" owner="Browser">
<arg>css=[id="username"]</arg>
<arg>visible</arg>
<arg>timeout=15s</arg>
<tag>PageContent</tag>
<tag>Wait</tag>
<doc>Waits for the element found by ``selector`` to satisfy state option.</doc>
<status status="NOT RUN" start="2026-08-27T13:54:17.645177" elapsed="0.000237"/>
</kw>
<if>
<branch type="IF" condition="${CAPTURE_SCREENSHOTS}">
<kw name="Take Screenshot" owner="Browser">
<arg>filename=${OUTPUT_DIR}/${TEST NAME}_logout</arg>
<tag>PageContent</tag>
<doc>Takes a screenshot of the current window or element and saves it to disk.</doc>
<status status="NOT RUN" start="2026-08-27T13:54:17.645575" elapsed="0.000183"/>
</kw>
<status status="PASS" start="2026-08-27T13:54:17.645478" elapsed="0.000314"/>
</branch>
<status status="PASS" start="2026-08-27T13:54:17.645466" elapsed="0.000351"/>
</if>
<doc>Click EC's real logout icon (top toolbar, next to the username) and confirm
it genuinely returns to the login page - not just closing the browser tab. Live-verified
2026-08-18 both from the landing page and from inside a loaded screen (e.g. Bank, after
Expand Screen To Full Page hides the treeview): clicking it triggers a PrimeFaces AJAX
logout and redirects to the Keycloak login page (#username field re-appears).
Screenshot capture is INLINED here (not a call to utils.resource's Capture Step) so
this T1 file has no dependency on another T1 file - a suite importing browser.resource
alone still works (R21 review note, 2026-08-18: the prior version would have hit
keyword-not-found on Logout for such a suite, even though none currently does this).</doc>
<status status="PASS" start="2026-08-27T13:54:17.644736" elapsed="0.001099"/>
</kw>
<kw name="Ensure Logged Out From EC Application" owner="browser" type="TEARDOWN">
<kw name="Get Element Count" owner="Browser">
<var>${already_at_login}</var>
<arg>css=[id="username"]:visible</arg>
<tag>Assertion</tag>
<tag>Getter</tag>
<tag>PageContent</tag>
<doc>Returns the count of elements found with ``selector``.</doc>
<status status="NOT RUN" start="2026-08-27T13:54:17.646188" elapsed="0.000232"/>
</kw>
<if>
<branch type="IF" condition="${already_at_login} == 0">
<kw name="Get Element Count" owner="Browser">
<var>${logout_icon_present}</var>
<arg>css=.ui-icon-top-logout</arg>
<tag>Assertion</tag>
<tag>Getter</tag>
<tag>PageContent</tag>
<doc>Returns the count of elements found with ``selector``.</doc>
<status status="NOT RUN" start="2026-08-27T13:54:17.646647" elapsed="0.000405"/>
</kw>
<if>
<branch type="IF" condition="${logout_icon_present} &gt; 0">
<kw name="Logout From EC Application" owner="browser">
<kw name="Click" owner="Browser">
<arg>xpath=//span[contains(@class,'ui-icon-top-logout')]/ancestor::a[1]</arg>
<tag>PageContent</tag>
<tag>Setter</tag>
<doc>Simulates mouse click on the element found by ``selector``.</doc>
<status status="NOT RUN" start="2026-08-27T13:54:17.647571" elapsed="0.000232"/>
</kw>
<kw name="Wait For Elements State" owner="Browser">
<arg>css=[id="username"]</arg>
<arg>visible</arg>
<arg>timeout=15s</arg>
<tag>PageContent</tag>
<tag>Wait</tag>
<doc>Waits for the element found by ``selector`` to satisfy state option.</doc>
<status status="NOT RUN" start="2026-08-27T13:54:17.647905" elapsed="0.000467"/>
</kw>
<if>
<branch type="IF" condition="${CAPTURE_SCREENSHOTS}">
<kw name="Take Screenshot" owner="Browser">
<arg>filename=${OUTPUT_DIR}/${TEST NAME}_logout</arg>
<tag>PageContent</tag>
<doc>Takes a screenshot of the current window or element and saves it to disk.</doc>
<status status="NOT RUN" start="2026-08-27T13:54:17.648750" elapsed="0.000350"/>
</kw>
<status status="PASS" start="2026-08-27T13:54:17.648527" elapsed="0.000643"/>
</branch>
<status status="PASS" start="2026-08-27T13:54:17.648503" elapsed="0.000713"/>
</if>
<doc>Click EC's real logout icon (top toolbar, next to the username) and confirm
it genuinely returns to the login page - not just closing the browser tab. Live-verified
2026-08-18 both from the landing page and from inside a loaded screen (e.g. Bank, after
Expand Screen To Full Page hides the treeview): clicking it triggers a PrimeFaces AJAX
logout and redirects to the Keycloak login page (#username field re-appears).
Screenshot capture is INLINED here (not a call to utils.resource's Capture Step) so
this T1 file has no dependency on another T1 file - a suite importing browser.resource
alone still works (R21 review note, 2026-08-18: the prior version would have hit
keyword-not-found on Logout for such a suite, even though none currently does this).</doc>
<status status="PASS" start="2026-08-27T13:54:17.647364" elapsed="0.001888"/>
</kw>
<status status="PASS" start="2026-08-27T13:54:17.647138" elapsed="0.002155"/>
</branch>
<status status="PASS" start="2026-08-27T13:54:17.647124" elapsed="0.002198"/>
</if>
<status status="PASS" start="2026-08-27T13:54:17.646487" elapsed="0.002854"/>
</branch>
<status status="PASS" start="2026-08-27T13:54:17.646476" elapsed="0.002890"/>
</if>
<doc>Test Teardown safety net (owner discovered this gap live, 2026-08-18): if a
test case FAILS before reaching its own Logout From EC Application line, the browser is
left logged in - the NEXT test's Login To EC Application then times out trying to fill</doc>
<status status="PASS" start="2026-08-27T13:54:17.646010" elapsed="0.003384"/>
</kw>
<tag>iud</tag>
<tag>sub-area</tag>
<status status="PASS" start="2026-08-27T13:54:17.507669" elapsed="0.141781"/>
</test>
<kw name="Close EC" owner="browser" type="TEARDOWN">
<kw name="Sleep" owner="BuiltIn">
<arg>${HOLD}</arg>
<doc>Pauses the test executed for the given time.</doc>
<status status="NOT RUN" start="2026-08-27T13:54:17.654647" elapsed="0.000201"/>
</kw>
<kw name="Close Browser" owner="Browser">
<tag>BrowserControl</tag>
<tag>Setter</tag>
<doc>Closes the current browser.</doc>
<status status="NOT RUN" start="2026-08-27T13:54:17.654965" elapsed="0.000258"/>
</kw>
<doc>Optional hold then close the browser (Suite Teardown).</doc>
<status status="PASS" start="2026-08-27T13:54:17.654365" elapsed="0.000905"/>
</kw>
<doc>EC IUD Test - Sub Area (Configuration &gt; Assets &gt; Basic Objects &gt; Sub Area).
OV-GM (groupmodel manage-object) screen: the grid is filtered by the
mandatory Production Unit -&gt; Area 2-level navigator cascade + GO. DELETE =
End Date = Start Date (true delete in OV_SUB_AREA). NEVER touch existing
data.
Layered: this test -&gt; sub_area_page (T3) -&gt; manage_object (T2) + common (T1).
Converted to the Area-pattern 5-TC/per-TC-login/pure-screen-verify STRUCTURE
(owner standing rule 2026-08-26: any EC screen with a navigator matching
Area's layout MUST follow Area's FULL pattern) - Sub Area remains OV-GM and
still needs its genuine 2-level Production Unit -&gt; Area navigator cascade +
GO; this is a structural conversion, not a reclassification of the screen as
plain Bank-shaped.
Uses a FIXED test code (AUTOTEST_SUB_AREA) rather than a generated/timestamped
code - confirmed absent from OV_SUB_AREA (2026-08-26, fresh oracledb
connection) before this was wired in. Every run must complete TC05 (delete) so
the code is free for the next run.
EACH test case does its own real Login/Logout on ONE browser opened once in
Suite Setup - matches Area/Facility Class 1's own convention.</doc>
<status status="PASS" start="2026-08-27T13:54:15.794662" elapsed="1.860638"/>
</suite>
<statistics>
<total>
<stat pass="5" fail="0" skip="0">All Tests</stat>
</total>
<tag>
<stat pass="5" fail="0" skip="0">iud</stat>
<stat pass="5" fail="0" skip="0">sub-area</stat>
</tag>
<suite>
<stat name="Sub Area Iud" id="s1" pass="5" fail="0" skip="0">Sub Area Iud</stat>
</suite>
</statistics>
<errors>
</errors>
</robot>
